#
# A fatal error has been detected by the Java Runtime Environment:
#
#  EXCEPTION_ILLEGAL_INSTRUCTION (0xc000001d) at pc=0x00007fffe6a16003, pid=7292, tid=12920
#
# JRE version: OpenJDK Runtime Environment (11.0.11+9) (build 11.0.11+9-b60-7590822)
# Java VM: OpenJDK 64-Bit Server VM (11.0.11+9-b60-7590822, mixed mode, tiered, compressed oops, g1 gc, windows-amd64)
# Problematic frame:
# V  [jvm.dll+0x686003]
#
# No core dump will be written. Minidumps are not enabled by default on client versions of Windows
#
# If you would like to submit a bug report, please visit:
#   https://bugreport.java.com/bugreport/crash.jsp
#

---------------  S U M M A R Y ------------

Command Line: --add-opens=java.base/java.util=ALL-UNNAMED --add-opens=java.base/java.lang=ALL-UNNAMED --add-opens=java.base/java.lang.invoke=ALL-UNNAMED --add-opens=java.base/java.util=ALL-UNNAMED --add-opens=java.prefs/java.util.prefs=ALL-UNNAMED --add-opens=java.prefs/java.util.prefs=ALL-UNNAMED --add-opens=java.base/java.nio.charset=ALL-UNNAMED --add-opens=java.base/java.net=ALL-UNNAMED --add-opens=java.base/java.util.concurrent.atomic=ALL-UNNAMED -Xmx2048m -Dfile.encoding=UTF-8 -Duser.country=US -Duser.language=en -Duser.variant org.gradle.launcher.daemon.bootstrap.GradleDaemon 7.2

Host: Intel(R) Core(TM) i7-10750H CPU @ 2.60GHz, 12 cores, 15G,  Windows 10 , 64 bit Build 19041 (10.0.19041.1466)
Time: Sat Feb 12 14:50:37 2022 SE Asia Standard Time elapsed time: 3.089112 seconds (0d 0h 0m 3s)

---------------  T H R E A D  ---------------

Current thread (0x000002d5d39eb000):  JavaThread "C2 CompilerThread2" daemon [_thread_in_native, id=12920, stack(0x000000e8b3100000,0x000000e8b3200000)]


Current CompileTask:
C2:   3089 2347       4       java.util.jar.JarFile::getVersionedEntry (85 bytes)

Stack: [0x000000e8b3100000,0x000000e8b3200000],  sp=0x000000e8b31fd9e0,  free space=1014k
Native frames: (J=compiled Java code, j=interpreted, Vv=VM code, C=native code)
V  [jvm.dll+0x686003]
V  [jvm.dll+0x6868ad]
V  [jvm.dll+0x68b074]
V  [jvm.dll+0x684b80]
V  [jvm.dll+0x2036c9]
V  [jvm.dll+0x1fb1e6]
V  [jvm.dll+0x183d6c]
V  [jvm.dll+0x209a57]
V  [jvm.dll+0x2082a1]
V  [jvm.dll+0x6ef58f]
V  [jvm.dll+0x6e80b5]
V  [jvm.dll+0x5f1036]
C  [ucrtbase.dll+0x21bb2]
C  [KERNEL32.DLL+0x17034]
C  [ntdll.dll+0x52651]


siginfo: EXCEPTION_ILLEGAL_INSTRUCTION (0xc000001d)


Register to memory mapping:

RIP=0x00007fffe6a16003 jvm.dll
RAX=0x000000e8b31fda78 is pointing into the stack for thread: 0x000002d5d39eb000
RBX=0x0 is NULL
RCX=0x000000e8b31fde20 is pointing into the stack for thread: 0x000002d5d39eb000
RDX=0x000000e8b31fdbb0 is pointing into the stack for thread: 0x000002d5d39eb000
RSP=0x000000e8b31fd9e0 is pointing into the stack for thread: 0x000002d5d39eb000
RBP=0x000000e8b31fdb09 is pointing into the stack for thread: 0x000002d5d39eb000
RSI=0x000002d5d1c6b370 points into unknown readable memory: 0x00007fffe6b71c28 | 28 1c b7 e6 ff 7f 00 00
RDI=0x000000e8b31fdbb0 is pointing into the stack for thread: 0x000002d5d39eb000
R8 =0x000000e8b31fdaf0 is pointing into the stack for thread: 0x000002d5d39eb000
R9 =0x000002d5d123ed60 points into unknown readable memory: 0x00007fffe6b93328 | 28 33 b9 e6 ff 7f 00 00
R10=0x00007fffe6532e34 jvm.dll
R11=0x000000e8b31feb90 is pointing into the stack for thread: 0x000002d5d39eb000
R12=0x000002d5d1bfb070 points into unknown readable memory: 0x00007fffe6ba67c0 | c0 67 ba e6 ff 7f 00 00
R13=0x000002d5d123ed60 points into unknown readable memory: 0x00007fffe6b93328 | 28 33 b9 e6 ff 7f 00 00
R14=0x000002d5d1c6a120 points into unknown readable memory: 0x00007fffe6b8d168 | 68 d1 b8 e6 ff 7f 00 00
R15=0x000000e8b31fde20 is pointing into the stack for thread: 0x000002d5d39eb000


Registers:
RAX=0x000000e8b31fda78, RBX=0x0000000000000000, RCX=0x000000e8b31fde20, RDX=0x000000e8b31fdbb0
RSP=0x000000e8b31fd9e0, RBP=0x000000e8b31fdb09, RSI=0x000002d5d1c6b370, RDI=0x000000e8b31fdbb0
R8 =0x000000e8b31fdaf0, R9 =0x000002d5d123ed60, R10=0x00007fffe6532e34, R11=0x000000e8b31feb90
R12=0x000002d5d1bfb070, R13=0x000002d5d123ed60, R14=0x000002d5d1c6a120, R15=0x000000e8b31fde20
RIP=0x00007fffe6a16003, EFLAGS=0x0000000000010202

Top of Stack: (sp=0x000000e8b31fd9e0)
0x000000e8b31fd9e0:   000002d5d2119c90 00007fffe6490ad1
0x000000e8b31fd9f0:   000000e8b31fdad0 000000000000000d
0x000000e8b31fda00:   000000e8b31fde20 000002d5d1c6a120
0x000000e8b31fda10:   000000e8b31fdae0 00007fffe6532d49
0x000000e8b31fda20:   000000e8b31ffad0 0000000000000014
0x000000e8b31fda30:   000002d5d10d8658 0000001100084050
0x000000e8b31fda40:   000000e8b31fdae0 00007fffe6532dce
0x000000e8b31fda50:   000002d5d1c6a120 0000000000000014
0x000000e8b31fda60:   000000e8b31fdb09 000002d5cfa137b0
0x000000e8b31fda70:   000000e8b31fdb09 00007fffe6a168ad
0x000000e8b31fda80:   000000e8b31fde20 000000e8b31fdbb0
0x000000e8b31fda90:   000002d5d1c6a120 00007fffe6a182fb
0x000000e8b31fdaa0:   000000e8b31fdb68 000002d5d1c6b301
0x000000e8b31fdab0:   000002d5d1c6a120 000002d5d1bfbee0
0x000000e8b31fdac0:   000002d5d1c6b370 000002d500000501
0x000000e8b31fdad0:   000002d50000000d 000002d5d123ed60 

Instructions: (pc=0x00007fffe6a16003)
0x00007fffe6a15f03:   45 57 48 8b 12 8b 40 60 89 44 24 28 c7 44 24 20
0x00007fffe6a15f13:   05 00 00 00 e8 b4 bf cc ff 48 8b 4d ef ba 02 00
0x00007fffe6a15f23:   00 00 e8 d6 86 f9 ff b9 38 00 00 00 48 8b f0 e8
0x00007fffe6a15f33:   69 61 98 ff 48 8b d8 48 85 c0 74 24 4c 8b 45 7f
0x00007fffe6a15f43:   4c 8b ce 33 d2 48 8b c8 e8 d0 9e f4 ff 48 8d 05
0x00007fffe6a15f53:   d1 bc 15 00 c7 43 2c 00 08 00 00 48 89 03 eb 02
0x00007fffe6a15f63:   33 db 48 8b d3 48 8d 4d e7 e8 6f c2 cc ff 8b 55
0x00007fffe6a15f73:   77 4c 8b c0 03 15 57 ab 1a 00 48 8b 4d ff e8 aa
0x00007fffe6a15f83:   e7 9f ff 4c 8b b4 24 a0 00 00 00 40 84 ff 48 8b
0x00007fffe6a15f93:   bc 24 e0 00 00 00 4c 8b ac 24 a8 00 00 00 48 8b
0x00007fffe6a15fa3:   b4 24 d8 00 00 00 75 09 48 8d 4d e7 e8 2c b0 cc
0x00007fffe6a15fb3:   ff 48 8d 55 e7 49 8b cc e8 f0 66 cb ff 8b 4d 77
0x00007fffe6a15fc3:   03 0d 0b ab 1a 00 48 8b 55 ff 48 8b 42 08 48 8b
0x00007fffe6a15fd3:   1c c8 48 8d 4d e7 e8 d2 a7 cc ff 48 8b c3 48 81
0x00007fffe6a15fe3:   c4 b0 00 00 00 41 5c 5b 5d c3 cc cc cc 48 8b c4
0x00007fffe6a15ff3:   48 89 50 10 48 89 48 08 55 48 81 ec 90 00 00 00
0x00007fffe6a16003:   48 8f 58 18 49 8b e8 48 8b 9c 24 d8 00 00 00 48
0x00007fffe6a16013:   89 78 e8 4c 89 60 e0 4c 89 68 d8 4d 8b e9 44 0f
0x00007fffe6a16023:   b6 63 30 41 c0 ec 04 41 80 e4 01 4c 89 70 d0 44
0x00007fffe6a16033:   88 a4 24 b8 00 00 00 4c 89 78 c8 74 3e 48 8b cb
0x00007fffe6a16043:   e8 68 b0 f4 ff 48 8b f8 48 85 c0 75 24 4c 8d 0d
0x00007fffe6a16053:   91 c1 0d 00 ba 36 04 00 00 4c 8d 05 95 c1 0d 00
0x00007fffe6a16063:   48 8d 0d ae c1 0d 00 e8 01 d1 bb ff e8 2c 48 f6
0x00007fffe6a16073:   ff 83 7f 18 00 40 0f 94 c7 eb 03 40 32 ff 45 8b
0x00007fffe6a16083:   7d 20 33 c0 4c 8b b4 24 e0 00 00 00 40 88 bc 24
0x00007fffe6a16093:   d8 00 00 00 48 89 b4 24 88 00 00 00 45 84 e4 75
0x00007fffe6a160a3:   41 48 8b 4d 08 33 d2 e8 51 85 f9 ff f3 0f 10 05
0x00007fffe6a160b3:   f1 24 16 00 4c 8b c8 f3 0f 10 0d e2 24 16 00 45
0x00007fffe6a160c3:   33 c0 c6 44 24 30 01 48 8b d3 f3 0f 11 44 24 28
0x00007fffe6a160d3:   48 8b cd f3 0f 11 4c 24 20 e8 8f b1 cc ff 33 c0
0x00007fffe6a160e3:   eb 09 40 84 ff 0f 84 1c 01 00 00 49 8b f6 8b f8
0x00007fffe6a160f3:   45 85 ff 0f 8e 06 01 00 00 4c 8b b4 24 a8 00 00 


Stack slot to memory mapping:
stack at sp + 0 slots: 0x000002d5d2119c90 points into unknown readable memory: 0x0016000000000002 | 02 00 00 00 00 00 16 00
stack at sp + 1 slots: 0x00007fffe6490ad1 jvm.dll
stack at sp + 2 slots: 0x000000e8b31fdad0 is pointing into the stack for thread: 0x000002d5d39eb000
stack at sp + 3 slots: 0x000000000000000d is an unknown value
stack at sp + 4 slots: 0x000000e8b31fde20 is pointing into the stack for thread: 0x000002d5d39eb000
stack at sp + 5 slots: 0x000002d5d1c6a120 points into unknown readable memory: 0x00007fffe6b8d168 | 68 d1 b8 e6 ff 7f 00 00
stack at sp + 6 slots: 0x000000e8b31fdae0 is pointing into the stack for thread: 0x000002d5d39eb000
stack at sp + 7 slots: 0x00007fffe6532d49 jvm.dll


---------------  P R O C E S S  ---------------

Threads class SMR info:
_java_thread_list=0x000002d5d3af34c0, length=31, elements={
0x000002d5b35cd000, 0x000002d5ce719000, 0x000002d5ce71c800, 0x000002d5ce77c800,
0x000002d5ce77e000, 0x000002d5ce780000, 0x000002d5ce789000, 0x000002d5ce7af800,
0x000002d5ce7b3800, 0x000002d5ce905800, 0x000002d5ceaa9800, 0x000002d5d0aca000,
0x000002d5d0127000, 0x000002d5cfcbc800, 0x000002d5d07ef000, 0x000002d5cfa6d000,
0x000002d5d0a43000, 0x000002d5d137d000, 0x000002d5d137e000, 0x000002d5cfe61000,
0x000002d5d0285800, 0x000002d5d0286000, 0x000002d5d0287000, 0x000002d5d0288000,
0x000002d5d0288800, 0x000002d5d0283000, 0x000002d5d0283800, 0x000002d5d0289800,
0x000002d5d0284800, 0x000002d5d39eb000, 0x000002d5d39ec000
}

Java Threads: ( => current thread )
  0x000002d5b35cd000 JavaThread "main" [_thread_blocked, id=35052, stack(0x000000e8b0200000,0x000000e8b0300000)]
  0x000002d5ce719000 JavaThread "Reference Handler" daemon [_thread_blocked, id=26008, stack(0x000000e8b0900000,0x000000e8b0a00000)]
  0x000002d5ce71c800 JavaThread "Finalizer" daemon [_thread_blocked, id=23284, stack(0x000000e8b0a00000,0x000000e8b0b00000)]
  0x000002d5ce77c800 JavaThread "Signal Dispatcher" daemon [_thread_blocked, id=14492, stack(0x000000e8b0b00000,0x000000e8b0c00000)]
  0x000002d5ce77e000 JavaThread "Attach Listener" daemon [_thread_blocked, id=15796, stack(0x000000e8b0c00000,0x000000e8b0d00000)]
  0x000002d5ce780000 JavaThread "Service Thread" daemon [_thread_blocked, id=34668, stack(0x000000e8b0d00000,0x000000e8b0e00000)]
  0x000002d5ce789000 JavaThread "C2 CompilerThread0" daemon [_thread_in_native, id=24180, stack(0x000000e8b0e00000,0x000000e8b0f00000)]
  0x000002d5ce7af800 JavaThread "C1 CompilerThread0" daemon [_thread_in_native, id=26524, stack(0x000000e8b0f00000,0x000000e8b1000000)]
  0x000002d5ce7b3800 JavaThread "Sweeper thread" daemon [_thread_blocked, id=23556, stack(0x000000e8b1000000,0x000000e8b1100000)]
  0x000002d5ce905800 JavaThread "Common-Cleaner" daemon [_thread_blocked, id=19024, stack(0x000000e8b1100000,0x000000e8b1200000)]
  0x000002d5ceaa9800 JavaThread "C2 CompilerThread1" daemon [_thread_in_native, id=23040, stack(0x000000e8b1300000,0x000000e8b1400000)]
  0x000002d5d0aca000 JavaThread "Daemon health stats" [_thread_blocked, id=10184, stack(0x000000e8b1a00000,0x000000e8b1b00000)]
  0x000002d5d0127000 JavaThread "Incoming local TCP Connector on port 53362" [_thread_in_native, id=15504, stack(0x000000e8b1900000,0x000000e8b1a00000)]
  0x000002d5cfcbc800 JavaThread "Daemon periodic checks" [_thread_blocked, id=7992, stack(0x000000e8b1b00000,0x000000e8b1c00000)]
  0x000002d5d07ef000 JavaThread "Daemon" [_thread_blocked, id=9704, stack(0x000000e8b1c00000,0x000000e8b1d00000)]
  0x000002d5cfa6d000 JavaThread "Handler for socket connection from /127.0.0.1:53362 to /127.0.0.1:53363" [_thread_in_native, id=13672, stack(0x000000e8b1d00000,0x000000e8b1e00000)]
  0x000002d5d0a43000 JavaThread "Cancel handler" [_thread_blocked, id=34032, stack(0x000000e8b1e00000,0x000000e8b1f00000)]
  0x000002d5d137d000 JavaThread "Daemon worker" [_thread_in_vm, id=18172, stack(0x000000e8b1f00000,0x000000e8b2000000)]
  0x000002d5d137e000 JavaThread "Asynchronous log dispatcher for DefaultDaemonConnection: socket connection from /127.0.0.1:53362 to /127.0.0.1:53363" [_thread_blocked, id=25352, stack(0x000000e8b2000000,0x000000e8b2100000)]
  0x000002d5cfe61000 JavaThread "Stdin handler" [_thread_blocked, id=5752, stack(0x000000e8b2100000,0x000000e8b2200000)]
  0x000002d5d0285800 JavaThread "Daemon client event forwarder" [_thread_blocked, id=21776, stack(0x000000e8b2200000,0x000000e8b2300000)]
  0x000002d5d0286000 JavaThread "Cache worker for journal cache (C:\Users\LEGION\.gradle\caches\journal-1)" [_thread_blocked, id=14732, stack(0x000000e8b2300000,0x000000e8b2400000)]
  0x000002d5d0287000 JavaThread "File lock request listener" [_thread_in_native, id=11420, stack(0x000000e8b2400000,0x000000e8b2500000)]
  0x000002d5d0288000 JavaThread "Cache worker for file hash cache (C:\Users\LEGION\.gradle\caches\7.2\fileHashes)" [_thread_blocked, id=14972, stack(0x000000e8b2500000,0x000000e8b2600000)]
  0x000002d5d0288800 JavaThread "Cache worker for file hash cache (C:\Users\LEGION\AndroidStudioProjects\Project\.gradle\7.2\fileHashes)" [_thread_blocked, id=34236, stack(0x000000e8b2c00000,0x000000e8b2d00000)]
  0x000002d5d0283000 JavaThread "File watcher server" daemon [_thread_in_native, id=3268, stack(0x000000e8b2d00000,0x000000e8b2e00000)]
  0x000002d5d0283800 JavaThread "File watcher consumer" daemon [_thread_blocked, id=9520, stack(0x000000e8b2e00000,0x000000e8b2f00000)]
  0x000002d5d0289800 JavaThread "Cache worker for checksums cache (C:\Users\LEGION\AndroidStudioProjects\Project\.gradle\checksums)" [_thread_blocked, id=27588, stack(0x000000e8b2f00000,0x000000e8b3000000)]
  0x000002d5d0284800 JavaThread "Cache worker for cache directory md-supplier (C:\Users\LEGION\.gradle\caches\7.2\md-supplier)" [_thread_blocked, id=10336, stack(0x000000e8b3000000,0x000000e8b3100000)]
=>0x000002d5d39eb000 JavaThread "C2 CompilerThread2" daemon [_thread_in_native, id=12920, stack(0x000000e8b3100000,0x000000e8b3200000)]
  0x000002d5d39ec000 JavaThread "Cache worker for cache directory md-rule (C:\Users\LEGION\.gradle\caches\7.2\md-rule)" [_thread_blocked, id=10476, stack(0x000000e8b3200000,0x000000e8b3300000)]

Other Threads:
  0x000002d5ce717000 VMThread "VM Thread" [stack: 0x000000e8b0800000,0x000000e8b0900000] [id=20740]
  0x000002d5ce92b000 WatcherThread [stack: 0x000000e8b1200000,0x000000e8b1300000] [id=17644]
  0x000002d5b35e5000 GCTaskThread "GC Thread#0" [stack: 0x000000e8b0300000,0x000000e8b0400000] [id=33728]
  0x000002d5cf481000 GCTaskThread "GC Thread#1" [stack: 0x000000e8b1400000,0x000000e8b1500000] [id=28764]
  0x000002d5cf639800 GCTaskThread "GC Thread#2" [stack: 0x000000e8b1500000,0x000000e8b1600000] [id=30296]
  0x000002d5cfb9f000 GCTaskThread "GC Thread#3" [stack: 0x000000e8b1600000,0x000000e8b1700000] [id=16784]
  0x000002d5cf599800 GCTaskThread "GC Thread#4" [stack: 0x000000e8b1700000,0x000000e8b1800000] [id=35308]
  0x000002d5cfbd0000 GCTaskThread "GC Thread#5" [stack: 0x000000e8b1800000,0x000000e8b1900000] [id=1136]
  0x000002d5cfbd1000 GCTaskThread "GC Thread#6" [stack: 0x000000e8b2600000,0x000000e8b2700000] [id=27404]
  0x000002d5cfbca800 GCTaskThread "GC Thread#7" [stack: 0x000000e8b2700000,0x000000e8b2800000] [id=9480]
  0x000002d5cfbce000 GCTaskThread "GC Thread#8" [stack: 0x000000e8b2800000,0x000000e8b2900000] [id=31488]
  0x000002d5cfbd1800 GCTaskThread "GC Thread#9" [stack: 0x000000e8b2900000,0x000000e8b2a00000] [id=34324]
  0x000002d5b3619800 ConcurrentGCThread "G1 Main Marker" [stack: 0x000000e8b0400000,0x000000e8b0500000] [id=1564]
  0x000002d5b361a800 ConcurrentGCThread "G1 Conc#0" [stack: 0x000000e8b0500000,0x000000e8b0600000] [id=15616]
  0x000002d5cfbcc800 ConcurrentGCThread "G1 Conc#1" [stack: 0x000000e8b2a00000,0x000000e8b2b00000] [id=26092]
  0x000002d5cfbcf000 ConcurrentGCThread "G1 Conc#2" [stack: 0x000000e8b2b00000,0x000000e8b2c00000] [id=35056]
  0x000002d5cdd64800 ConcurrentGCThread "G1 Refine#0" [stack: 0x000000e8b0600000,0x000000e8b0700000] [id=4744]
  0x000002d5cdd65800 ConcurrentGCThread "G1 Young RemSet Sampling" [stack: 0x000000e8b0700000,0x000000e8b0800000] [id=28900]

Threads with active compile tasks:
C2 CompilerThread0   3118 2161       4       java.net.URLClassLoader$1::run (5 bytes)
C1 CompilerThread0   3118 2388       3       jdk.internal.loader.AbstractClassLoaderValue$Sub::hashCode (19 bytes)
C2 CompilerThread1   3118 2162   !   4       java.net.URLClassLoader$1::run (63 bytes)
C2 CompilerThread2   3118 2347       4       java.util.jar.JarFile::getVersionedEntry (85 bytes)

VM state:not at safepoint (normal execution)

VM Mutex/Monitor currently owned by a thread: None

Heap address: 0x0000000080000000, size: 2048 MB, Compressed Oops mode: 32-bit
Narrow klass base: 0x0000000000000000, Narrow klass shift: 3
Compressed class space size: 1073741824 Address: 0x0000000100000000

Heap:
 garbage-first heap   total 260096K, used 65211K [0x0000000080000000, 0x0000000100000000)
  region size 1024K, 49 young (50176K), 2 survivors (2048K)
 Metaspace       used 28245K, capacity 28853K, committed 29184K, reserved 1075200K
  class space    used 3750K, capacity 3975K, committed 4096K, reserved 1048576K
Heap Regions: E=young(eden), S=young(survivor), O=old, HS=humongous(starts), HC=humongous(continues), CS=collection set, F=free, A=archive, TAMS=top-at-mark-start (previous, next)
|   0|0x0000000080000000, 0x0000000080100000, 0x0000000080100000|100%| O|  |TAMS 0x0000000080000000, 0x0000000080000000| Untracked 
|   1|0x0000000080100000, 0x0000000080200000, 0x0000000080200000|100%| O|  |TAMS 0x0000000080100000, 0x0000000080100000| Untracked 
|   2|0x0000000080200000, 0x0000000080300000, 0x0000000080300000|100%| O|  |TAMS 0x0000000080200000, 0x0000000080200000| Untracked 
|   3|0x0000000080300000, 0x0000000080400000, 0x0000000080400000|100%|HS|  |TAMS 0x0000000080400000, 0x0000000080300000| Complete 
|   4|0x0000000080400000, 0x0000000080500000, 0x0000000080500000|100%|HC|  |TAMS 0x0000000080500000, 0x0000000080400000| Complete 
|   5|0x0000000080500000, 0x0000000080600000, 0x0000000080600000|100%|HC|  |TAMS 0x0000000080600000, 0x0000000080500000| Complete 
|   6|0x0000000080600000, 0x0000000080700000, 0x0000000080700000|100%| O|  |TAMS 0x0000000080700000, 0x0000000080600000| Untracked 
|   7|0x0000000080700000, 0x0000000080800000, 0x0000000080800000|100%| O|  |TAMS 0x0000000080800000, 0x0000000080700000| Untracked 
|   8|0x0000000080800000, 0x0000000080900000, 0x0000000080900000|100%| O|  |TAMS 0x00000000808f8a00, 0x0000000080800000| Untracked 
|   9|0x0000000080900000, 0x0000000080a00000, 0x0000000080a00000|100%| O|  |TAMS 0x0000000080900000, 0x0000000080900000| Untracked 
|  10|0x0000000080a00000, 0x0000000080b00000, 0x0000000080b00000|100%| O|  |TAMS 0x0000000080a00000, 0x0000000080a00000| Untracked 
|  11|0x0000000080b00000, 0x0000000080c00000, 0x0000000080c00000|100%| O|  |TAMS 0x0000000080b00000, 0x0000000080b00000| Untracked 
|  12|0x0000000080c00000, 0x0000000080d00000, 0x0000000080d00000|100%| O|  |TAMS 0x0000000080c00000, 0x0000000080c00000| Untracked 
|  13|0x0000000080d00000, 0x0000000080e00000, 0x0000000080e00000|100%| O|  |TAMS 0x0000000080d00000, 0x0000000080d00000| Untracked 
|  14|0x0000000080e00000, 0x0000000080f00000, 0x0000000080f00000|100%| O|  |TAMS 0x0000000080e00000, 0x0000000080e00000| Untracked 
|  15|0x0000000080f00000, 0x0000000080fe0000, 0x0000000081000000| 87%| O|  |TAMS 0x0000000080f00000, 0x0000000080f00000| Untracked 
|  16|0x0000000081000000, 0x0000000081000000, 0x0000000081100000|  0%| F|  |TAMS 0x0000000081000000, 0x0000000081000000| Untracked 
|  17|0x0000000081100000, 0x0000000081100000, 0x0000000081200000|  0%| F|  |TAMS 0x0000000081100000, 0x0000000081100000| Untracked 
|  18|0x0000000081200000, 0x0000000081200000, 0x0000000081300000|  0%| F|  |TAMS 0x0000000081200000, 0x0000000081200000| Untracked 
|  19|0x0000000081300000, 0x0000000081300000, 0x0000000081400000|  0%| F|  |TAMS 0x0000000081300000, 0x0000000081300000| Untracked 
|  20|0x0000000081400000, 0x0000000081400000, 0x0000000081500000|  0%| F|  |TAMS 0x0000000081400000, 0x0000000081400000| Untracked 
|  21|0x0000000081500000, 0x0000000081500000, 0x0000000081600000|  0%| F|  |TAMS 0x0000000081500000, 0x0000000081500000| Untracked 
|  22|0x0000000081600000, 0x0000000081600000, 0x0000000081700000|  0%| F|  |TAMS 0x0000000081600000, 0x0000000081600000| Untracked 
|  23|0x0000000081700000, 0x0000000081700000, 0x0000000081800000|  0%| F|  |TAMS 0x0000000081700000, 0x0000000081700000| Untracked 
|  24|0x0000000081800000, 0x0000000081800000, 0x0000000081900000|  0%| F|  |TAMS 0x0000000081800000, 0x0000000081800000| Untracked 
|  25|0x0000000081900000, 0x0000000081900000, 0x0000000081a00000|  0%| F|  |TAMS 0x0000000081900000, 0x0000000081900000| Untracked 
|  26|0x0000000081a00000, 0x0000000081a00000, 0x0000000081b00000|  0%| F|  |TAMS 0x0000000081a00000, 0x0000000081a00000| Untracked 
|  27|0x0000000081b00000, 0x0000000081b00000, 0x0000000081c00000|  0%| F|  |TAMS 0x0000000081b00000, 0x0000000081b00000| Untracked 
|  28|0x0000000081c00000, 0x0000000081c00000, 0x0000000081d00000|  0%| F|  |TAMS 0x0000000081c00000, 0x0000000081c00000| Untracked 
|  29|0x0000000081d00000, 0x0000000081d00000, 0x0000000081e00000|  0%| F|  |TAMS 0x0000000081d00000, 0x0000000081d00000| Untracked 
|  30|0x0000000081e00000, 0x0000000081e00000, 0x0000000081f00000|  0%| F|  |TAMS 0x0000000081e00000, 0x0000000081e00000| Untracked 
|  31|0x0000000081f00000, 0x0000000081f00000, 0x0000000082000000|  0%| F|  |TAMS 0x0000000081f00000, 0x0000000081f00000| Untracked 
|  32|0x0000000082000000, 0x0000000082000000, 0x0000000082100000|  0%| F|  |TAMS 0x0000000082000000, 0x0000000082000000| Untracked 
|  33|0x0000000082100000, 0x0000000082100000, 0x0000000082200000|  0%| F|  |TAMS 0x0000000082100000, 0x0000000082100000| Untracked 
|  34|0x0000000082200000, 0x0000000082200000, 0x0000000082300000|  0%| F|  |TAMS 0x0000000082200000, 0x0000000082200000| Untracked 
|  35|0x0000000082300000, 0x0000000082300000, 0x0000000082400000|  0%| F|  |TAMS 0x0000000082300000, 0x0000000082300000| Untracked 
|  36|0x0000000082400000, 0x0000000082400000, 0x0000000082500000|  0%| F|  |TAMS 0x0000000082400000, 0x0000000082400000| Untracked 
|  37|0x0000000082500000, 0x0000000082500000, 0x0000000082600000|  0%| F|  |TAMS 0x0000000082500000, 0x0000000082500000| Untracked 
|  38|0x0000000082600000, 0x0000000082600000, 0x0000000082700000|  0%| F|  |TAMS 0x0000000082600000, 0x0000000082600000| Untracked 
|  39|0x0000000082700000, 0x0000000082700000, 0x0000000082800000|  0%| F|  |TAMS 0x0000000082700000, 0x0000000082700000| Untracked 
|  40|0x0000000082800000, 0x0000000082800000, 0x0000000082900000|  0%| F|  |TAMS 0x0000000082800000, 0x0000000082800000| Untracked 
|  41|0x0000000082900000, 0x0000000082900000, 0x0000000082a00000|  0%| F|  |TAMS 0x0000000082900000, 0x0000000082900000| Untracked 
|  42|0x0000000082a00000, 0x0000000082a00000, 0x0000000082b00000|  0%| F|  |TAMS 0x0000000082a00000, 0x0000000082a00000| Untracked 
|  43|0x0000000082b00000, 0x0000000082b00000, 0x0000000082c00000|  0%| F|  |TAMS 0x0000000082b00000, 0x0000000082b00000| Untracked 
|  44|0x0000000082c00000, 0x0000000082c00000, 0x0000000082d00000|  0%| F|  |TAMS 0x0000000082c00000, 0x0000000082c00000| Untracked 
|  45|0x0000000082d00000, 0x0000000082d00000, 0x0000000082e00000|  0%| F|  |TAMS 0x0000000082d00000, 0x0000000082d00000| Untracked 
|  46|0x0000000082e00000, 0x0000000082e00000, 0x0000000082f00000|  0%| F|  |TAMS 0x0000000082e00000, 0x0000000082e00000| Untracked 
|  47|0x0000000082f00000, 0x0000000082f00000, 0x0000000083000000|  0%| F|  |TAMS 0x0000000082f00000, 0x0000000082f00000| Untracked 
|  48|0x0000000083000000, 0x0000000083000000, 0x0000000083100000|  0%| F|  |TAMS 0x0000000083000000, 0x0000000083000000| Untracked 
|  49|0x0000000083100000, 0x0000000083100000, 0x0000000083200000|  0%| F|  |TAMS 0x0000000083100000, 0x0000000083100000| Untracked 
|  50|0x0000000083200000, 0x0000000083200000, 0x0000000083300000|  0%| F|  |TAMS 0x0000000083200000, 0x0000000083200000| Untracked 
|  51|0x0000000083300000, 0x0000000083300000, 0x0000000083400000|  0%| F|  |TAMS 0x0000000083300000, 0x0000000083300000| Untracked 
|  52|0x0000000083400000, 0x0000000083400000, 0x0000000083500000|  0%| F|  |TAMS 0x0000000083400000, 0x0000000083400000| Untracked 
|  53|0x0000000083500000, 0x0000000083500000, 0x0000000083600000|  0%| F|  |TAMS 0x0000000083500000, 0x0000000083500000| Untracked 
|  54|0x0000000083600000, 0x0000000083600000, 0x0000000083700000|  0%| F|  |TAMS 0x0000000083600000, 0x0000000083600000| Untracked 
|  55|0x0000000083700000, 0x0000000083700000, 0x0000000083800000|  0%| F|  |TAMS 0x0000000083700000, 0x0000000083700000| Untracked 
|  56|0x0000000083800000, 0x0000000083800000, 0x0000000083900000|  0%| F|  |TAMS 0x0000000083800000, 0x0000000083800000| Untracked 
|  57|0x0000000083900000, 0x0000000083900000, 0x0000000083a00000|  0%| F|  |TAMS 0x0000000083900000, 0x0000000083900000| Untracked 
|  58|0x0000000083a00000, 0x0000000083a00000, 0x0000000083b00000|  0%| F|  |TAMS 0x0000000083a00000, 0x0000000083a00000| Untracked 
|  59|0x0000000083b00000, 0x0000000083b00000, 0x0000000083c00000|  0%| F|  |TAMS 0x0000000083b00000, 0x0000000083b00000| Untracked 
|  60|0x0000000083c00000, 0x0000000083c00000, 0x0000000083d00000|  0%| F|  |TAMS 0x0000000083c00000, 0x0000000083c00000| Untracked 
|  61|0x0000000083d00000, 0x0000000083d00000, 0x0000000083e00000|  0%| F|  |TAMS 0x0000000083d00000, 0x0000000083d00000| Untracked 
|  62|0x0000000083e00000, 0x0000000083e00000, 0x0000000083f00000|  0%| F|  |TAMS 0x0000000083e00000, 0x0000000083e00000| Untracked 
|  63|0x0000000083f00000, 0x0000000083f00000, 0x0000000084000000|  0%| F|  |TAMS 0x0000000083f00000, 0x0000000083f00000| Untracked 
|  64|0x0000000084000000, 0x0000000084000000, 0x0000000084100000|  0%| F|  |TAMS 0x0000000084000000, 0x0000000084000000| Untracked 
|  65|0x0000000084100000, 0x0000000084100000, 0x0000000084200000|  0%| F|  |TAMS 0x0000000084100000, 0x0000000084100000| Untracked 
|  66|0x0000000084200000, 0x0000000084200000, 0x0000000084300000|  0%| F|  |TAMS 0x0000000084200000, 0x0000000084200000| Untracked 
|  67|0x0000000084300000, 0x0000000084300000, 0x0000000084400000|  0%| F|  |TAMS 0x0000000084300000, 0x0000000084300000| Untracked 
|  68|0x0000000084400000, 0x0000000084400000, 0x0000000084500000|  0%| F|  |TAMS 0x0000000084400000, 0x0000000084400000| Untracked 
|  69|0x0000000084500000, 0x0000000084500000, 0x0000000084600000|  0%| F|  |TAMS 0x0000000084500000, 0x0000000084500000| Untracked 
|  70|0x0000000084600000, 0x0000000084600000, 0x0000000084700000|  0%| F|  |TAMS 0x0000000084600000, 0x0000000084600000| Untracked 
|  71|0x0000000084700000, 0x0000000084700000, 0x0000000084800000|  0%| F|  |TAMS 0x0000000084700000, 0x0000000084700000| Untracked 
|  72|0x0000000084800000, 0x0000000084800000, 0x0000000084900000|  0%| F|  |TAMS 0x0000000084800000, 0x0000000084800000| Untracked 
|  73|0x0000000084900000, 0x0000000084900000, 0x0000000084a00000|  0%| F|  |TAMS 0x0000000084900000, 0x0000000084900000| Untracked 
|  74|0x0000000084a00000, 0x0000000084a00000, 0x0000000084b00000|  0%| F|  |TAMS 0x0000000084a00000, 0x0000000084a00000| Untracked 
|  75|0x0000000084b00000, 0x0000000084b00000, 0x0000000084c00000|  0%| F|  |TAMS 0x0000000084b00000, 0x0000000084b00000| Untracked 
|  76|0x0000000084c00000, 0x0000000084c00000, 0x0000000084d00000|  0%| F|  |TAMS 0x0000000084c00000, 0x0000000084c00000| Untracked 
|  77|0x0000000084d00000, 0x0000000084d00000, 0x0000000084e00000|  0%| F|  |TAMS 0x0000000084d00000, 0x0000000084d00000| Untracked 
|  78|0x0000000084e00000, 0x0000000084e00000, 0x0000000084f00000|  0%| F|  |TAMS 0x0000000084e00000, 0x0000000084e00000| Untracked 
|  79|0x0000000084f00000, 0x0000000084f00000, 0x0000000085000000|  0%| F|  |TAMS 0x0000000084f00000, 0x0000000084f00000| Untracked 
|  80|0x0000000085000000, 0x0000000085000000, 0x0000000085100000|  0%| F|  |TAMS 0x0000000085000000, 0x0000000085000000| Untracked 
|  81|0x0000000085100000, 0x0000000085100000, 0x0000000085200000|  0%| F|  |TAMS 0x0000000085100000, 0x0000000085100000| Untracked 
|  82|0x0000000085200000, 0x0000000085200000, 0x0000000085300000|  0%| F|  |TAMS 0x0000000085200000, 0x0000000085200000| Untracked 
|  83|0x0000000085300000, 0x0000000085300000, 0x0000000085400000|  0%| F|  |TAMS 0x0000000085300000, 0x0000000085300000| Untracked 
|  84|0x0000000085400000, 0x0000000085400000, 0x0000000085500000|  0%| F|  |TAMS 0x0000000085400000, 0x0000000085400000| Untracked 
|  85|0x0000000085500000, 0x0000000085500000, 0x0000000085600000|  0%| F|  |TAMS 0x0000000085500000, 0x0000000085500000| Untracked 
|  86|0x0000000085600000, 0x0000000085600000, 0x0000000085700000|  0%| F|  |TAMS 0x0000000085600000, 0x0000000085600000| Untracked 
|  87|0x0000000085700000, 0x0000000085700000, 0x0000000085800000|  0%| F|  |TAMS 0x0000000085700000, 0x0000000085700000| Untracked 
|  88|0x0000000085800000, 0x0000000085800000, 0x0000000085900000|  0%| F|  |TAMS 0x0000000085800000, 0x0000000085800000| Untracked 
|  89|0x0000000085900000, 0x0000000085900000, 0x0000000085a00000|  0%| F|  |TAMS 0x0000000085900000, 0x0000000085900000| Untracked 
|  90|0x0000000085a00000, 0x0000000085a00000, 0x0000000085b00000|  0%| F|  |TAMS 0x0000000085a00000, 0x0000000085a00000| Untracked 
|  91|0x0000000085b00000, 0x0000000085b00000, 0x0000000085c00000|  0%| F|  |TAMS 0x0000000085b00000, 0x0000000085b00000| Untracked 
|  92|0x0000000085c00000, 0x0000000085c00000, 0x0000000085d00000|  0%| F|  |TAMS 0x0000000085c00000, 0x0000000085c00000| Untracked 
|  93|0x0000000085d00000, 0x0000000085d00000, 0x0000000085e00000|  0%| F|  |TAMS 0x0000000085d00000, 0x0000000085d00000| Untracked 
|  94|0x0000000085e00000, 0x0000000085e00000, 0x0000000085f00000|  0%| F|  |TAMS 0x0000000085e00000, 0x0000000085e00000| Untracked 
|  95|0x0000000085f00000, 0x0000000085f00000, 0x0000000086000000|  0%| F|  |TAMS 0x0000000085f00000, 0x0000000085f00000| Untracked 
|  96|0x0000000086000000, 0x0000000086000000, 0x0000000086100000|  0%| F|  |TAMS 0x0000000086000000, 0x0000000086000000| Untracked 
|  97|0x0000000086100000, 0x0000000086100000, 0x0000000086200000|  0%| F|  |TAMS 0x0000000086100000, 0x0000000086100000| Untracked 
|  98|0x0000000086200000, 0x0000000086200000, 0x0000000086300000|  0%| F|  |TAMS 0x0000000086200000, 0x0000000086200000| Untracked 
|  99|0x0000000086300000, 0x0000000086300000, 0x0000000086400000|  0%| F|  |TAMS 0x0000000086300000, 0x0000000086300000| Untracked 
| 100|0x0000000086400000, 0x0000000086400000, 0x0000000086500000|  0%| F|  |TAMS 0x0000000086400000, 0x0000000086400000| Untracked 
| 101|0x0000000086500000, 0x0000000086500000, 0x0000000086600000|  0%| F|  |TAMS 0x0000000086500000, 0x0000000086500000| Untracked 
| 102|0x0000000086600000, 0x0000000086600000, 0x0000000086700000|  0%| F|  |TAMS 0x0000000086600000, 0x0000000086600000| Untracked 
| 103|0x0000000086700000, 0x0000000086700000, 0x0000000086800000|  0%| F|  |TAMS 0x0000000086700000, 0x0000000086700000| Untracked 
| 104|0x0000000086800000, 0x0000000086800000, 0x0000000086900000|  0%| F|  |TAMS 0x0000000086800000, 0x0000000086800000| Untracked 
| 105|0x0000000086900000, 0x0000000086900000, 0x0000000086a00000|  0%| F|  |TAMS 0x0000000086900000, 0x0000000086900000| Untracked 
| 106|0x0000000086a00000, 0x0000000086a00000, 0x0000000086b00000|  0%| F|  |TAMS 0x0000000086a00000, 0x0000000086a00000| Untracked 
| 107|0x0000000086b00000, 0x0000000086b00000, 0x0000000086c00000|  0%| F|  |TAMS 0x0000000086b00000, 0x0000000086b00000| Untracked 
| 108|0x0000000086c00000, 0x0000000086c00000, 0x0000000086d00000|  0%| F|  |TAMS 0x0000000086c00000, 0x0000000086c00000| Untracked 
| 109|0x0000000086d00000, 0x0000000086d00000, 0x0000000086e00000|  0%| F|  |TAMS 0x0000000086d00000, 0x0000000086d00000| Untracked 
| 110|0x0000000086e00000, 0x0000000086e00000, 0x0000000086f00000|  0%| F|  |TAMS 0x0000000086e00000, 0x0000000086e00000| Untracked 
| 111|0x0000000086f00000, 0x0000000086f00000, 0x0000000087000000|  0%| F|  |TAMS 0x0000000086f00000, 0x0000000086f00000| Untracked 
| 112|0x0000000087000000, 0x0000000087000000, 0x0000000087100000|  0%| F|  |TAMS 0x0000000087000000, 0x0000000087000000| Untracked 
| 113|0x0000000087100000, 0x0000000087100000, 0x0000000087200000|  0%| F|  |TAMS 0x0000000087100000, 0x0000000087100000| Untracked 
| 114|0x0000000087200000, 0x0000000087200000, 0x0000000087300000|  0%| F|  |TAMS 0x0000000087200000, 0x0000000087200000| Untracked 
| 115|0x0000000087300000, 0x0000000087300000, 0x0000000087400000|  0%| F|  |TAMS 0x0000000087300000, 0x0000000087300000| Untracked 
| 116|0x0000000087400000, 0x0000000087400000, 0x0000000087500000|  0%| F|  |TAMS 0x0000000087400000, 0x0000000087400000| Untracked 
| 117|0x0000000087500000, 0x0000000087500000, 0x0000000087600000|  0%| F|  |TAMS 0x0000000087500000, 0x0000000087500000| Untracked 
| 118|0x0000000087600000, 0x0000000087600000, 0x0000000087700000|  0%| F|  |TAMS 0x0000000087600000, 0x0000000087600000| Untracked 
| 119|0x0000000087700000, 0x0000000087700000, 0x0000000087800000|  0%| F|  |TAMS 0x0000000087700000, 0x0000000087700000| Untracked 
| 120|0x0000000087800000, 0x0000000087800000, 0x0000000087900000|  0%| F|  |TAMS 0x0000000087800000, 0x0000000087800000| Untracked 
| 121|0x0000000087900000, 0x0000000087900000, 0x0000000087a00000|  0%| F|  |TAMS 0x0000000087900000, 0x0000000087900000| Untracked 
| 122|0x0000000087a00000, 0x0000000087a00000, 0x0000000087b00000|  0%| F|  |TAMS 0x0000000087a00000, 0x0000000087a00000| Untracked 
| 123|0x0000000087b00000, 0x0000000087b00000, 0x0000000087c00000|  0%| F|  |TAMS 0x0000000087b00000, 0x0000000087b00000| Untracked 
| 124|0x0000000087c00000, 0x0000000087c00000, 0x0000000087d00000|  0%| F|  |TAMS 0x0000000087c00000, 0x0000000087c00000| Untracked 
| 125|0x0000000087d00000, 0x0000000087d00000, 0x0000000087e00000|  0%| F|  |TAMS 0x0000000087d00000, 0x0000000087d00000| Untracked 
| 126|0x0000000087e00000, 0x0000000087e00000, 0x0000000087f00000|  0%| F|  |TAMS 0x0000000087e00000, 0x0000000087e00000| Untracked 
| 127|0x0000000087f00000, 0x0000000087f00000, 0x0000000088000000|  0%| F|  |TAMS 0x0000000087f00000, 0x0000000087f00000| Untracked 
| 128|0x0000000088000000, 0x0000000088000000, 0x0000000088100000|  0%| F|  |TAMS 0x0000000088000000, 0x0000000088000000| Untracked 
| 129|0x0000000088100000, 0x0000000088100000, 0x0000000088200000|  0%| F|  |TAMS 0x0000000088100000, 0x0000000088100000| Untracked 
| 130|0x0000000088200000, 0x0000000088200000, 0x0000000088300000|  0%| F|  |TAMS 0x0000000088200000, 0x0000000088200000| Untracked 
| 131|0x0000000088300000, 0x0000000088300000, 0x0000000088400000|  0%| F|  |TAMS 0x0000000088300000, 0x0000000088300000| Untracked 
| 132|0x0000000088400000, 0x0000000088400000, 0x0000000088500000|  0%| F|  |TAMS 0x0000000088400000, 0x0000000088400000| Untracked 
| 133|0x0000000088500000, 0x0000000088500000, 0x0000000088600000|  0%| F|  |TAMS 0x0000000088500000, 0x0000000088500000| Untracked 
| 134|0x0000000088600000, 0x0000000088600000, 0x0000000088700000|  0%| F|  |TAMS 0x0000000088600000, 0x0000000088600000| Untracked 
| 135|0x0000000088700000, 0x0000000088700000, 0x0000000088800000|  0%| F|  |TAMS 0x0000000088700000, 0x0000000088700000| Untracked 
| 136|0x0000000088800000, 0x0000000088800000, 0x0000000088900000|  0%| F|  |TAMS 0x0000000088800000, 0x0000000088800000| Untracked 
| 137|0x0000000088900000, 0x0000000088900000, 0x0000000088a00000|  0%| F|  |TAMS 0x0000000088900000, 0x0000000088900000| Untracked 
| 138|0x0000000088a00000, 0x0000000088a00000, 0x0000000088b00000|  0%| F|  |TAMS 0x0000000088a00000, 0x0000000088a00000| Untracked 
| 139|0x0000000088b00000, 0x0000000088b00000, 0x0000000088c00000|  0%| F|  |TAMS 0x0000000088b00000, 0x0000000088b00000| Untracked 
| 140|0x0000000088c00000, 0x0000000088c00000, 0x0000000088d00000|  0%| F|  |TAMS 0x0000000088c00000, 0x0000000088c00000| Untracked 
| 141|0x0000000088d00000, 0x0000000088d00000, 0x0000000088e00000|  0%| F|  |TAMS 0x0000000088d00000, 0x0000000088d00000| Untracked 
| 142|0x0000000088e00000, 0x0000000088e00000, 0x0000000088f00000|  0%| F|  |TAMS 0x0000000088e00000, 0x0000000088e00000| Untracked 
| 143|0x0000000088f00000, 0x0000000088f00000, 0x0000000089000000|  0%| F|  |TAMS 0x0000000088f00000, 0x0000000088f00000| Untracked 
| 144|0x0000000089000000, 0x0000000089000000, 0x0000000089100000|  0%| F|  |TAMS 0x0000000089000000, 0x0000000089000000| Untracked 
| 145|0x0000000089100000, 0x0000000089100000, 0x0000000089200000|  0%| F|  |TAMS 0x0000000089100000, 0x0000000089100000| Untracked 
| 146|0x0000000089200000, 0x0000000089200000, 0x0000000089300000|  0%| F|  |TAMS 0x0000000089200000, 0x0000000089200000| Untracked 
| 147|0x0000000089300000, 0x0000000089300000, 0x0000000089400000|  0%| F|  |TAMS 0x0000000089300000, 0x0000000089300000| Untracked 
| 148|0x0000000089400000, 0x0000000089400000, 0x0000000089500000|  0%| F|  |TAMS 0x0000000089400000, 0x0000000089400000| Untracked 
| 149|0x0000000089500000, 0x0000000089500000, 0x0000000089600000|  0%| F|  |TAMS 0x0000000089500000, 0x0000000089500000| Untracked 
| 150|0x0000000089600000, 0x0000000089600000, 0x0000000089700000|  0%| F|  |TAMS 0x0000000089600000, 0x0000000089600000| Untracked 
| 151|0x0000000089700000, 0x0000000089700000, 0x0000000089800000|  0%| F|  |TAMS 0x0000000089700000, 0x0000000089700000| Untracked 
| 152|0x0000000089800000, 0x0000000089800000, 0x0000000089900000|  0%| F|  |TAMS 0x0000000089800000, 0x0000000089800000| Untracked 
| 153|0x0000000089900000, 0x0000000089900000, 0x0000000089a00000|  0%| F|  |TAMS 0x0000000089900000, 0x0000000089900000| Untracked 
| 154|0x0000000089a00000, 0x0000000089a00000, 0x0000000089b00000|  0%| F|  |TAMS 0x0000000089a00000, 0x0000000089a00000| Untracked 
| 155|0x0000000089b00000, 0x0000000089b00000, 0x0000000089c00000|  0%| F|  |TAMS 0x0000000089b00000, 0x0000000089b00000| Untracked 
| 156|0x0000000089c00000, 0x0000000089c00000, 0x0000000089d00000|  0%| F|  |TAMS 0x0000000089c00000, 0x0000000089c00000| Untracked 
| 157|0x0000000089d00000, 0x0000000089d00000, 0x0000000089e00000|  0%| F|  |TAMS 0x0000000089d00000, 0x0000000089d00000| Untracked 
| 158|0x0000000089e00000, 0x0000000089e00000, 0x0000000089f00000|  0%| F|  |TAMS 0x0000000089e00000, 0x0000000089e00000| Untracked 
| 159|0x0000000089f00000, 0x0000000089f00000, 0x000000008a000000|  0%| F|  |TAMS 0x0000000089f00000, 0x0000000089f00000| Untracked 
| 160|0x000000008a000000, 0x000000008a000000, 0x000000008a100000|  0%| F|  |TAMS 0x000000008a000000, 0x000000008a000000| Untracked 
| 161|0x000000008a100000, 0x000000008a100000, 0x000000008a200000|  0%| F|  |TAMS 0x000000008a100000, 0x000000008a100000| Untracked 
| 162|0x000000008a200000, 0x000000008a200000, 0x000000008a300000|  0%| F|  |TAMS 0x000000008a200000, 0x000000008a200000| Untracked 
| 163|0x000000008a300000, 0x000000008a300000, 0x000000008a400000|  0%| F|  |TAMS 0x000000008a300000, 0x000000008a300000| Untracked 
| 164|0x000000008a400000, 0x000000008a400000, 0x000000008a500000|  0%| F|  |TAMS 0x000000008a400000, 0x000000008a400000| Untracked 
| 165|0x000000008a500000, 0x000000008a500000, 0x000000008a600000|  0%| F|  |TAMS 0x000000008a500000, 0x000000008a500000| Untracked 
| 166|0x000000008a600000, 0x000000008a600000, 0x000000008a700000|  0%| F|  |TAMS 0x000000008a600000, 0x000000008a600000| Untracked 
| 167|0x000000008a700000, 0x000000008a700000, 0x000000008a800000|  0%| F|  |TAMS 0x000000008a700000, 0x000000008a700000| Untracked 
| 168|0x000000008a800000, 0x000000008a800000, 0x000000008a900000|  0%| F|  |TAMS 0x000000008a800000, 0x000000008a800000| Untracked 
| 169|0x000000008a900000, 0x000000008a900000, 0x000000008aa00000|  0%| F|  |TAMS 0x000000008a900000, 0x000000008a900000| Untracked 
| 170|0x000000008aa00000, 0x000000008aa00000, 0x000000008ab00000|  0%| F|  |TAMS 0x000000008aa00000, 0x000000008aa00000| Untracked 
| 171|0x000000008ab00000, 0x000000008ab00000, 0x000000008ac00000|  0%| F|  |TAMS 0x000000008ab00000, 0x000000008ab00000| Untracked 
| 172|0x000000008ac00000, 0x000000008ac00000, 0x000000008ad00000|  0%| F|  |TAMS 0x000000008ac00000, 0x000000008ac00000| Untracked 
| 173|0x000000008ad00000, 0x000000008ad00000, 0x000000008ae00000|  0%| F|  |TAMS 0x000000008ad00000, 0x000000008ad00000| Untracked 
| 174|0x000000008ae00000, 0x000000008ae00000, 0x000000008af00000|  0%| F|  |TAMS 0x000000008ae00000, 0x000000008ae00000| Untracked 
| 175|0x000000008af00000, 0x000000008af00000, 0x000000008b000000|  0%| F|  |TAMS 0x000000008af00000, 0x000000008af00000| Untracked 
| 176|0x000000008b000000, 0x000000008b000000, 0x000000008b100000|  0%| F|  |TAMS 0x000000008b000000, 0x000000008b000000| Untracked 
| 177|0x000000008b100000, 0x000000008b100000, 0x000000008b200000|  0%| F|  |TAMS 0x000000008b100000, 0x000000008b100000| Untracked 
| 178|0x000000008b200000, 0x000000008b200000, 0x000000008b300000|  0%| F|  |TAMS 0x000000008b200000, 0x000000008b200000| Untracked 
| 179|0x000000008b300000, 0x000000008b300000, 0x000000008b400000|  0%| F|  |TAMS 0x000000008b300000, 0x000000008b300000| Untracked 
| 180|0x000000008b400000, 0x000000008b400000, 0x000000008b500000|  0%| F|  |TAMS 0x000000008b400000, 0x000000008b400000| Untracked 
| 181|0x000000008b500000, 0x000000008b500000, 0x000000008b600000|  0%| F|  |TAMS 0x000000008b500000, 0x000000008b500000| Untracked 
| 182|0x000000008b600000, 0x000000008b600000, 0x000000008b700000|  0%| F|  |TAMS 0x000000008b600000, 0x000000008b600000| Untracked 
| 183|0x000000008b700000, 0x000000008b700000, 0x000000008b800000|  0%| F|  |TAMS 0x000000008b700000, 0x000000008b700000| Untracked 
| 184|0x000000008b800000, 0x000000008b800000, 0x000000008b900000|  0%| F|  |TAMS 0x000000008b800000, 0x000000008b800000| Untracked 
| 185|0x000000008b900000, 0x000000008b900000, 0x000000008ba00000|  0%| F|  |TAMS 0x000000008b900000, 0x000000008b900000| Untracked 
| 186|0x000000008ba00000, 0x000000008ba00000, 0x000000008bb00000|  0%| F|  |TAMS 0x000000008ba00000, 0x000000008ba00000| Untracked 
| 187|0x000000008bb00000, 0x000000008bb00000, 0x000000008bc00000|  0%| F|  |TAMS 0x000000008bb00000, 0x000000008bb00000| Untracked 
| 188|0x000000008bc00000, 0x000000008bc00000, 0x000000008bd00000|  0%| F|  |TAMS 0x000000008bc00000, 0x000000008bc00000| Untracked 
| 189|0x000000008bd00000, 0x000000008bd00000, 0x000000008be00000|  0%| F|  |TAMS 0x000000008bd00000, 0x000000008bd00000| Untracked 
| 190|0x000000008be00000, 0x000000008be00000, 0x000000008bf00000|  0%| F|  |TAMS 0x000000008be00000, 0x000000008be00000| Untracked 
| 191|0x000000008bf00000, 0x000000008bf00000, 0x000000008c000000|  0%| F|  |TAMS 0x000000008bf00000, 0x000000008bf00000| Untracked 
| 192|0x000000008c000000, 0x000000008c000000, 0x000000008c100000|  0%| F|  |TAMS 0x000000008c000000, 0x000000008c000000| Untracked 
| 193|0x000000008c100000, 0x000000008c100000, 0x000000008c200000|  0%| F|  |TAMS 0x000000008c100000, 0x000000008c100000| Untracked 
| 194|0x000000008c200000, 0x000000008c200000, 0x000000008c300000|  0%| F|  |TAMS 0x000000008c200000, 0x000000008c200000| Untracked 
| 195|0x000000008c300000, 0x000000008c300000, 0x000000008c400000|  0%| F|  |TAMS 0x000000008c300000, 0x000000008c300000| Untracked 
| 196|0x000000008c400000, 0x000000008c400000, 0x000000008c500000|  0%| F|  |TAMS 0x000000008c400000, 0x000000008c400000| Untracked 
| 197|0x000000008c500000, 0x000000008c500000, 0x000000008c600000|  0%| F|  |TAMS 0x000000008c500000, 0x000000008c500000| Untracked 
| 198|0x000000008c600000, 0x000000008c600000, 0x000000008c700000|  0%| F|  |TAMS 0x000000008c600000, 0x000000008c600000| Untracked 
| 199|0x000000008c700000, 0x000000008c700000, 0x000000008c800000|  0%| F|  |TAMS 0x000000008c700000, 0x000000008c700000| Untracked 
| 200|0x000000008c800000, 0x000000008c800000, 0x000000008c900000|  0%| F|  |TAMS 0x000000008c800000, 0x000000008c800000| Untracked 
| 201|0x000000008c900000, 0x000000008c900000, 0x000000008ca00000|  0%| F|  |TAMS 0x000000008c900000, 0x000000008c900000| Untracked 
| 202|0x000000008ca00000, 0x000000008ca00000, 0x000000008cb00000|  0%| F|  |TAMS 0x000000008ca00000, 0x000000008ca00000| Untracked 
| 203|0x000000008cb00000, 0x000000008cb00000, 0x000000008cc00000|  0%| F|  |TAMS 0x000000008cb00000, 0x000000008cb00000| Untracked 
| 204|0x000000008cc00000, 0x000000008cc00000, 0x000000008cd00000|  0%| F|  |TAMS 0x000000008cc00000, 0x000000008cc00000| Untracked 
| 205|0x000000008cd00000, 0x000000008ce00000, 0x000000008ce00000|100%| E|  |TAMS 0x000000008cd00000, 0x000000008cd00000| Complete 
| 206|0x000000008ce00000, 0x000000008cf00000, 0x000000008cf00000|100%| E|CS|TAMS 0x000000008ce00000, 0x000000008ce00000| Complete 
| 207|0x000000008cf00000, 0x000000008d000000, 0x000000008d000000|100%| E|CS|TAMS 0x000000008cf00000, 0x000000008cf00000| Complete 
| 208|0x000000008d000000, 0x000000008d100000, 0x000000008d100000|100%| E|CS|TAMS 0x000000008d000000, 0x000000008d000000| Complete 
| 209|0x000000008d100000, 0x000000008d200000, 0x000000008d200000|100%| E|CS|TAMS 0x000000008d100000, 0x000000008d100000| Complete 
| 210|0x000000008d200000, 0x000000008d300000, 0x000000008d300000|100%| E|CS|TAMS 0x000000008d200000, 0x000000008d200000| Complete 
| 211|0x000000008d300000, 0x000000008d400000, 0x000000008d400000|100%| E|CS|TAMS 0x000000008d300000, 0x000000008d300000| Complete 
| 212|0x000000008d400000, 0x000000008d500000, 0x000000008d500000|100%| E|CS|TAMS 0x000000008d400000, 0x000000008d400000| Complete 
| 213|0x000000008d500000, 0x000000008d600000, 0x000000008d600000|100%| E|CS|TAMS 0x000000008d500000, 0x000000008d500000| Complete 
| 214|0x000000008d600000, 0x000000008d700000, 0x000000008d700000|100%| E|CS|TAMS 0x000000008d600000, 0x000000008d600000| Complete 
| 215|0x000000008d700000, 0x000000008d800000, 0x000000008d800000|100%| E|CS|TAMS 0x000000008d700000, 0x000000008d700000| Complete 
| 216|0x000000008d800000, 0x000000008d900000, 0x000000008d900000|100%| E|CS|TAMS 0x000000008d800000, 0x000000008d800000| Complete 
| 217|0x000000008d900000, 0x000000008da00000, 0x000000008da00000|100%| E|CS|TAMS 0x000000008d900000, 0x000000008d900000| Complete 
| 218|0x000000008da00000, 0x000000008db00000, 0x000000008db00000|100%| E|CS|TAMS 0x000000008da00000, 0x000000008da00000| Complete 
| 219|0x000000008db00000, 0x000000008dbcefb8, 0x000000008dc00000| 80%| S|CS|TAMS 0x000000008db00000, 0x000000008db00000| Complete 
| 220|0x000000008dc00000, 0x000000008dd00000, 0x000000008dd00000|100%| S|CS|TAMS 0x000000008dc00000, 0x000000008dc00000| Complete 
| 221|0x000000008dd00000, 0x000000008de00000, 0x000000008de00000|100%| E|CS|TAMS 0x000000008dd00000, 0x000000008dd00000| Complete 
| 222|0x000000008de00000, 0x000000008df00000, 0x000000008df00000|100%| E|CS|TAMS 0x000000008de00000, 0x000000008de00000| Complete 
| 223|0x000000008df00000, 0x000000008e000000, 0x000000008e000000|100%| E|CS|TAMS 0x000000008df00000, 0x000000008df00000| Complete 
| 224|0x000000008e000000, 0x000000008e100000, 0x000000008e100000|100%| E|CS|TAMS 0x000000008e000000, 0x000000008e000000| Complete 
| 225|0x000000008e100000, 0x000000008e200000, 0x000000008e200000|100%| E|CS|TAMS 0x000000008e100000, 0x000000008e100000| Complete 
| 226|0x000000008e200000, 0x000000008e300000, 0x000000008e300000|100%| E|CS|TAMS 0x000000008e200000, 0x000000008e200000| Complete 
| 227|0x000000008e300000, 0x000000008e400000, 0x000000008e400000|100%| E|CS|TAMS 0x000000008e300000, 0x000000008e300000| Complete 
| 228|0x000000008e400000, 0x000000008e500000, 0x000000008e500000|100%| E|CS|TAMS 0x000000008e400000, 0x000000008e400000| Complete 
| 229|0x000000008e500000, 0x000000008e600000, 0x000000008e600000|100%| E|CS|TAMS 0x000000008e500000, 0x000000008e500000| Complete 
| 230|0x000000008e600000, 0x000000008e700000, 0x000000008e700000|100%| E|CS|TAMS 0x000000008e600000, 0x000000008e600000| Complete 
| 231|0x000000008e700000, 0x000000008e800000, 0x000000008e800000|100%| E|CS|TAMS 0x000000008e700000, 0x000000008e700000| Complete 
| 232|0x000000008e800000, 0x000000008e900000, 0x000000008e900000|100%| E|CS|TAMS 0x000000008e800000, 0x000000008e800000| Complete 
| 233|0x000000008e900000, 0x000000008ea00000, 0x000000008ea00000|100%| E|CS|TAMS 0x000000008e900000, 0x000000008e900000| Complete 
| 234|0x000000008ea00000, 0x000000008eb00000, 0x000000008eb00000|100%| E|CS|TAMS 0x000000008ea00000, 0x000000008ea00000| Complete 
| 235|0x000000008eb00000, 0x000000008ec00000, 0x000000008ec00000|100%| E|CS|TAMS 0x000000008eb00000, 0x000000008eb00000| Complete 
| 236|0x000000008ec00000, 0x000000008ed00000, 0x000000008ed00000|100%| E|CS|TAMS 0x000000008ec00000, 0x000000008ec00000| Complete 
| 237|0x000000008ed00000, 0x000000008ee00000, 0x000000008ee00000|100%| E|CS|TAMS 0x000000008ed00000, 0x000000008ed00000| Complete 
| 238|0x000000008ee00000, 0x000000008ef00000, 0x000000008ef00000|100%| E|CS|TAMS 0x000000008ee00000, 0x000000008ee00000| Complete 
| 239|0x000000008ef00000, 0x000000008f000000, 0x000000008f000000|100%| E|CS|TAMS 0x000000008ef00000, 0x000000008ef00000| Complete 
| 240|0x000000008f000000, 0x000000008f100000, 0x000000008f100000|100%| E|CS|TAMS 0x000000008f000000, 0x000000008f000000| Complete 
| 241|0x000000008f100000, 0x000000008f200000, 0x000000008f200000|100%| E|CS|TAMS 0x000000008f100000, 0x000000008f100000| Complete 
| 242|0x000000008f200000, 0x000000008f300000, 0x000000008f300000|100%| E|CS|TAMS 0x000000008f200000, 0x000000008f200000| Complete 
| 243|0x000000008f300000, 0x000000008f400000, 0x000000008f400000|100%| E|CS|TAMS 0x000000008f300000, 0x000000008f300000| Complete 
| 244|0x000000008f400000, 0x000000008f500000, 0x000000008f500000|100%| E|CS|TAMS 0x000000008f400000, 0x000000008f400000| Complete 
| 245|0x000000008f500000, 0x000000008f600000, 0x000000008f600000|100%| E|CS|TAMS 0x000000008f500000, 0x000000008f500000| Complete 
| 246|0x000000008f600000, 0x000000008f700000, 0x000000008f700000|100%| E|CS|TAMS 0x000000008f600000, 0x000000008f600000| Complete 
| 247|0x000000008f700000, 0x000000008f800000, 0x000000008f800000|100%| E|CS|TAMS 0x000000008f700000, 0x000000008f700000| Complete 
| 248|0x000000008f800000, 0x000000008f900000, 0x000000008f900000|100%| E|CS|TAMS 0x000000008f800000, 0x000000008f800000| Complete 
| 249|0x000000008f900000, 0x000000008fa00000, 0x000000008fa00000|100%| E|CS|TAMS 0x000000008f900000, 0x000000008f900000| Complete 
| 250|0x000000008fa00000, 0x000000008fb00000, 0x000000008fb00000|100%| E|CS|TAMS 0x000000008fa00000, 0x000000008fa00000| Complete 
| 251|0x000000008fb00000, 0x000000008fc00000, 0x000000008fc00000|100%| E|CS|TAMS 0x000000008fb00000, 0x000000008fb00000| Complete 
| 252|0x000000008fc00000, 0x000000008fd00000, 0x000000008fd00000|100%| E|CS|TAMS 0x000000008fc00000, 0x000000008fc00000| Complete 
| 253|0x000000008fd00000, 0x000000008fe00000, 0x000000008fe00000|100%| E|CS|TAMS 0x000000008fd00000, 0x000000008fd00000| Complete 

Card table byte_map: [0x000002d5c6a40000,0x000002d5c6e40000] _byte_map_base: 0x000002d5c6640000

Marking Bits (Prev, Next): (CMBitMap*) 0x000002d5b3610df0, (CMBitMap*) 0x000002d5b3610db8
 Prev Bits: [0x000002d5c9240000, 0x000002d5cb240000)
 Next Bits: [0x000002d5c7240000, 0x000002d5c9240000)

Polling page: 0x000002d5b2db0000

Metaspace:

Usage:
  Non-class:     24.36 MB capacity,    23.97 MB ( 98%) used,   338.59 KB (  1%) free+waste,    54.81 KB ( <1%) overhead. 
      Class:      3.91 MB capacity,     3.68 MB ( 94%) used,   214.08 KB (  5%) free+waste,    27.63 KB ( <1%) overhead. 
       Both:     28.27 MB capacity,    27.65 MB ( 98%) used,   552.66 KB (  2%) free+waste,    82.44 KB ( <1%) overhead. 

Virtual space:
  Non-class space:       26.00 MB reserved,      24.50 MB ( 94%) committed 
      Class space:        1.00 GB reserved,       4.00 MB ( <1%) committed 
             Both:        1.03 GB reserved,      28.50 MB (  3%) committed 

Chunk freelists:
   Non-Class:  17.00 KB
       Class:  24.00 KB
        Both:  41.00 KB

MaxMetaspaceSize: 17179869184.00 GB
CompressedClassSpaceSize: 1.00 GB

CodeHeap 'non-profiled nmethods': size=120000Kb used=1177Kb max_used=1177Kb free=118822Kb
 bounds [0x000002d5beba0000, 0x000002d5bee10000, 0x000002d5c60d0000]
CodeHeap 'profiled nmethods': size=120000Kb used=5093Kb max_used=5093Kb free=114906Kb
 bounds [0x000002d5b7670000, 0x000002d5b7b70000, 0x000002d5beba0000]
CodeHeap 'non-nmethods': size=5760Kb used=1161Kb max_used=1189Kb free=4599Kb
 bounds [0x000002d5b70d0000, 0x000002d5b7340000, 0x000002d5b7670000]
 total_blobs=2886 nmethods=2383 adapters=414
 compilation: enabled
              stopped_count=0, restarted_count=0
 full_count=0

Compilation events (20 events):
Event: 3.083 Thread 0x000002d5ce7af800 2343       3       java.util.concurrent.locks.ReentrantLock::unlock (10 bytes)
Event: 3.084 Thread 0x000002d5ce7af800 nmethod 2343 0x000002d5b7b4e410 code [0x000002d5b7b4e5e0, 0x000002d5b7b4e918]
Event: 3.084 Thread 0x000002d5ce7af800 2341       3       java.lang.invoke.DirectMethodHandle::preparedLambdaForm (248 bytes)
Event: 3.084 Thread 0x000002d5ce7af800 nmethod 2341 0x000002d5b7b4ea90 code [0x000002d5b7b4ed60, 0x000002d5b7b4f7f8]
Event: 3.084 Thread 0x000002d5ce7af800 2344       1       java.lang.reflect.Field::getModifiers (5 bytes)
Event: 3.084 Thread 0x000002d5ce7af800 nmethod 2344 0x000002d5becc5690 code [0x000002d5becc5840, 0x000002d5becc58f8]
Event: 3.084 Thread 0x000002d5ce7af800 2346       1       com.google.common.cache.CacheBuilder::getStatsCounterSupplier (5 bytes)
Event: 3.084 Thread 0x000002d5ce7af800 nmethod 2346 0x000002d5becc5990 code [0x000002d5becc5b40, 0x000002d5becc5bf8]
Event: 3.084 Thread 0x000002d5ce7af800 2342       3       java.lang.reflect.Constructor::getRoot (5 bytes)
Event: 3.084 Thread 0x000002d5ce7af800 nmethod 2342 0x000002d5b7b4fc90 code [0x000002d5b7b4fe40, 0x000002d5b7b4ff58]
Event: 3.085 Thread 0x000002d5d39eb000 2347       4       java.util.jar.JarFile::getVersionedEntry (85 bytes)
Event: 3.086 Thread 0x000002d5ce7af800 2348       3       jdk.internal.reflect.ReflectionFactory::copyField (10 bytes)
Event: 3.086 Thread 0x000002d5ce7af800 nmethod 2348 0x000002d5b7b50010 code [0x000002d5b7b50200, 0x000002d5b7b50508]
Event: 3.086 Thread 0x000002d5ce7af800 2349       3       java.lang.reflect.ReflectAccess::copyField (5 bytes)
Event: 3.086 Thread 0x000002d5ce7af800 nmethod 2349 0x000002d5b7b50690 code [0x000002d5b7b50840, 0x000002d5b7b50968]
Event: 3.086 Thread 0x000002d5ce7af800 2350       3       org.gradle.internal.instantiation.generator.AbstractClassGenerator$ClassGenerationHandler::visitProperty (1 bytes)
Event: 3.086 Thread 0x000002d5ce7af800 nmethod 2350 0x000002d5b7b50a10 code [0x000002d5b7b50bc0, 0x000002d5b7b50cb8]
Event: 3.087 Thread 0x000002d5ce7af800 2351       3       java.util.regex.Pattern$LastNode::match (45 bytes)
Event: 3.087 Thread 0x000002d5ce7af800 nmethod 2351 0x000002d5b7b50d90 code [0x000002d5b7b50f40, 0x000002d5b7b51138]
Event: 3.087 Thread 0x000002d5ce7af800 2352       3       org.objectweb.asm.Type::getReturnTypeOffset (64 bytes)

GC Heap History (6 events):
Event: 0.699 GC heap before
{Heap before GC invocations=0 (full 0):
 garbage-first heap   total 260096K, used 29696K [0x0000000080000000, 0x0000000100000000)
  region size 1024K, 24 young (24576K), 0 survivors (0K)
 Metaspace       used 9859K, capacity 10050K, committed 10112K, reserved 1058816K
  class space    used 1028K, capacity 1102K, committed 1152K, reserved 1048576K
}
Event: 0.704 GC heap after
{Heap after GC invocations=1 (full 0):
 garbage-first heap   total 260096K, used 9186K [0x0000000080000000, 0x0000000100000000)
  region size 1024K, 3 young (3072K), 3 survivors (3072K)
 Metaspace       used 9859K, capacity 10050K, committed 10112K, reserved 1058816K
  class space    used 1028K, capacity 1102K, committed 1152K, reserved 1048576K
}
Event: 2.309 GC heap before
{Heap before GC invocations=1 (full 0):
 garbage-first heap   total 260096K, used 108514K [0x0000000080000000, 0x0000000100000000)
  region size 1024K, 100 young (102400K), 3 survivors (3072K)
 Metaspace       used 20646K, capacity 21069K, committed 21248K, reserved 1067008K
  class space    used 2534K, capacity 2691K, committed 2816K, reserved 1048576K
}
Event: 2.318 GC heap after
{Heap after GC invocations=2 (full 0):
 garbage-first heap   total 260096K, used 16731K [0x0000000080000000, 0x0000000100000000)
  region size 1024K, 11 young (11264K), 11 survivors (11264K)
 Metaspace       used 20646K, capacity 21069K, committed 21248K, reserved 1067008K
  class space    used 2534K, capacity 2691K, committed 2816K, reserved 1048576K
}
Event: 2.621 GC heap before
{Heap before GC invocations=3 (full 0):
 garbage-first heap   total 260096K, used 49499K [0x0000000080000000, 0x0000000100000000)
  region size 1024K, 44 young (45056K), 11 survivors (11264K)
 Metaspace       used 23925K, capacity 24503K, committed 24576K, reserved 1071104K
  class space    used 3061K, capacity 3266K, committed 3328K, reserved 1048576K
}
Event: 2.627 GC heap after
{Heap after GC invocations=4 (full 0):
 garbage-first heap   total 260096K, used 18107K [0x0000000080000000, 0x0000000100000000)
  region size 1024K, 2 young (2048K), 2 survivors (2048K)
 Metaspace       used 23925K, capacity 24503K, committed 24576K, reserved 1071104K
  class space    used 3061K, capacity 3266K, committed 3328K, reserved 1048576K
}

Deoptimization events (20 events):
Event: 2.788 Thread 0x000002d5d137d000 Uncommon trap: trap_request=0xffffff7e fr.pc=0x000002d5becb7c94 relative=0x0000000000000154
Event: 2.788 Thread 0x000002d5d137d000 Uncommon trap: reason=predicate action=maybe_recompile pc=0x000002d5becb7c94 method=com.google.common.base.CharMatcher.indexIn(Ljava/lang/CharSequence;I)I @ 19 c2
Event: 2.788 Thread 0x000002d5d137d000 DEOPT PACKING pc=0x000002d5becb7c94 sp=0x000000e8b1ffb930
Event: 2.788 Thread 0x000002d5d137d000 DEOPT UNPACKING pc=0x000002d5b70f662f sp=0x000000e8b1ffb8c0 mode 2
Event: 2.800 Thread 0x000002d5d137d000 Uncommon trap: trap_request=0xffffff4d fr.pc=0x000002d5bec516bc relative=0x00000000000013fc
Event: 2.800 Thread 0x000002d5d137d000 Uncommon trap: reason=unstable_if action=reinterpret pc=0x000002d5bec516bc method=java.util.concurrent.ConcurrentHashMap.putVal(Ljava/lang/Object;Ljava/lang/Object;Z)Ljava/lang/Object; @ 231 c2
Event: 2.800 Thread 0x000002d5d137d000 DEOPT PACKING pc=0x000002d5bec516bc sp=0x000000e8b1ffca00
Event: 2.800 Thread 0x000002d5d137d000 DEOPT UNPACKING pc=0x000002d5b70f662f sp=0x000000e8b1ffc980 mode 2
Event: 2.818 Thread 0x000002d5d137d000 Uncommon trap: trap_request=0xffffffde fr.pc=0x000002d5becb5724 relative=0x00000000000002e4
Event: 2.818 Thread 0x000002d5d137d000 Uncommon trap: reason=class_check action=maybe_recompile pc=0x000002d5becb5724 method=java.util.Collections$SetFromMap.remove(Ljava/lang/Object;)Z @ 5 c2
Event: 2.818 Thread 0x000002d5d137d000 DEOPT PACKING pc=0x000002d5becb5724 sp=0x000000e8b1ffc9e0
Event: 2.818 Thread 0x000002d5d137d000 DEOPT UNPACKING pc=0x000002d5b70f662f sp=0x000000e8b1ffc9d8 mode 2
Event: 2.818 Thread 0x000002d5d137d000 Uncommon trap: trap_request=0xffffffde fr.pc=0x000002d5becb5724 relative=0x00000000000002e4
Event: 2.818 Thread 0x000002d5d137d000 Uncommon trap: reason=class_check action=maybe_recompile pc=0x000002d5becb5724 method=java.util.Collections$SetFromMap.remove(Ljava/lang/Object;)Z @ 5 c2
Event: 2.818 Thread 0x000002d5d137d000 DEOPT PACKING pc=0x000002d5becb5724 sp=0x000000e8b1ffc970
Event: 2.818 Thread 0x000002d5d137d000 DEOPT UNPACKING pc=0x000002d5b70f662f sp=0x000000e8b1ffc968 mode 2
Event: 3.018 Thread 0x000002d5d137d000 Uncommon trap: trap_request=0xffffff4d fr.pc=0x000002d5bec89a4c relative=0x000000000000020c
Event: 3.018 Thread 0x000002d5d137d000 Uncommon trap: reason=unstable_if action=reinterpret pc=0x000002d5bec89a4c method=java.util.HashMap.hash(Ljava/lang/Object;)I @ 1 c2
Event: 3.018 Thread 0x000002d5d137d000 DEOPT PACKING pc=0x000002d5bec89a4c sp=0x000000e8b1ff9250
Event: 3.018 Thread 0x000002d5d137d000 DEOPT UNPACKING pc=0x000002d5b70f662f sp=0x000000e8b1ff9188 mode 2

Classes redefined (0 events):
No events

Internal exceptions (20 events):
Event: 2.347 Thread 0x000002d5d137d000 Exception <a 'java/lang/NoSuchMethodError'{0x000000008fc503b0}: 'java.lang.Object java.lang.invoke.DirectMethodHandle$Holder.invokeInterface(java.lang.Object, java.lang.Object, java.lang.Object)'> (0x000000008fc503b0) thrown at [./src/hotspot/share/interpreter/linkResolver.cpp, line 773]
Event: 2.347 Thread 0x000002d5d137d000 Exception <a 'java/lang/IncompatibleClassChangeError'{0x000000008fc53888}: Found class java.lang.Object, but interface was expected> (0x000000008fc53888) thrown at [./src/hotspot/share/interpreter/linkResolver.cpp, line 839]
Event: 2.369 Thread 0x000002d5d137d000 Exception <a 'java/lang/NoSuchMethodError'{0x000000008fa7f248}: 'void java.lang.invoke.DirectMethodHandle$Holder.invokeStatic(java.lang.Object, java.lang.Object, java.lang.Object, java.lang.Object, java.lang.Object)'> (0x000000008fa7f248) thrown at [./src/hotspot/share/interpreter/linkResolver.cpp, line 773]
Event: 2.431 Thread 0x000002d5d137d000 Exception <a 'java/lang/NoSuchMethodError'{0x000000008f35b298}: 'java.lang.Object java.lang.invoke.DirectMethodHandle$Holder.invokeSpecial(java.lang.Object, java.lang.Object, java.lang.Object, java.lang.Object, java.lang.Object, java.lang.Object, java.lang.Object, java.lang.Object, java.lang.Object)'> (0x000000008f35b298) thrown at [./src/hotspot/share/interpreter/linkResolver.cpp, line 773]
Event: 2.485 Thread 0x000002d5d137d000 Exception <a 'java/lang/NoSuchMethodError'{0x000000008e96f808}: 'java.lang.Object java.lang.invoke.DirectMethodHandle$Holder.invokeVirtual(java.lang.Object, java.lang.Object, java.lang.Object, java.lang.Object)'> (0x000000008e96f808) thrown at [./src/hotspot/share/interpreter/linkResolver.cpp, line 773]
Event: 2.564 Thread 0x000002d5d137d000 Exception <a 'java/lang/NoSuchMethodError'{0x000000008e215e08}: 'void java.lang.invoke.DirectMethodHandle$Holder.invokeSpecial(java.lang.Object, java.lang.Object, java.lang.Object, java.lang.Object, java.lang.Object, java.lang.Object)'> (0x000000008e215e08) thrown at [./src/hotspot/share/interpreter/linkResolver.cpp, line 773]
Event: 2.573 Thread 0x000002d5d137d000 Exception <a 'java/lang/NoSuchMethodError'{0x000000008e284ea0}: 'void java.lang.invoke.DirectMethodHandle$Holder.invokeSpecial(java.lang.Object, java.lang.Object, java.lang.Object, java.lang.Object, java.lang.Object, java.lang.Object, java.lang.Object)'> (0x000000008e284ea0) thrown at [./src/hotspot/share/interpreter/linkResolver.cpp, line 773]
Event: 2.574 Thread 0x000002d5d137d000 Exception <a 'java/lang/NoSuchMethodError'{0x000000008e28d390}: 'java.lang.Object java.lang.invoke.Invokers$Holder.linkToTargetMethod(java.lang.Object, java.lang.Object, java.lang.Object, java.lang.Object, java.lang.Object, java.lang.Object)'> (0x000000008e28d390) thrown at [./src/hotspot/share/interpreter/linkResolver.cpp, line 773]
Event: 2.662 Thread 0x000002d5d137d000 Exception <a 'java/lang/NoSuchMethodError'{0x000000008faea1f0}: 'int java.lang.invoke.DirectMethodHandle$Holder.invokeStaticInit(java.lang.Object, java.lang.Object, java.lang.Object)'> (0x000000008faea1f0) thrown at [./src/hotspot/share/interpreter/linkResolver.cpp, line 773]
Event: 2.723 Thread 0x000002d5d137d000 Exception <a 'java/lang/NoSuchMethodError'{0x000000008f41e810}: 'void java.lang.invoke.DirectMethodHandle$Holder.invokeStaticInit(java.lang.Object, java.lang.Object)'> (0x000000008f41e810) thrown at [./src/hotspot/share/interpreter/linkResolver.cpp, line 773]
Event: 2.809 Thread 0x000002d5d137d000 Exception <a 'java/lang/NoSuchMethodError'{0x000000008ef58150}: 'void java.lang.invoke.DirectMethodHandle$Holder.invokeStatic(java.lang.Object, java.lang.Object, java.lang.Object, java.lang.Object)'> (0x000000008ef58150) thrown at [./src/hotspot/share/interpreter/linkResolver.cpp, line 773]
Event: 2.812 Thread 0x000002d5d137d000 Exception <a 'java/lang/NoSuchMethodError'{0x000000008ef6bc50}: 'int java.lang.invoke.DirectMethodHandle$Holder.invokeInterface(java.lang.Object, java.lang.Object)'> (0x000000008ef6bc50) thrown at [./src/hotspot/share/interpreter/linkResolver.cpp, line 773]
Event: 2.914 Thread 0x000002d5d137d000 Exception <a 'java/lang/NoSuchMethodError'{0x000000008e4238a8}: 'java.lang.Object java.lang.invoke.DirectMethodHandle$Holder.invokeSpecialIFC(java.lang.Object, java.lang.Object, java.lang.Object, java.lang.Object)'> (0x000000008e4238a8) thrown at [./src/hotspot/share/interpreter/linkResolver.cpp, line 773]
Event: 2.922 Thread 0x000002d5d137d000 Exception <a 'java/lang/NoSuchMethodError'{0x000000008e312df0}: 'java.lang.Object java.lang.invoke.DirectMethodHandle$Holder.invokeSpecial(java.lang.Object, java.lang.Object, java.lang.Object, java.lang.Object, java.lang.Object, java.lang.Object, java.lang.Object, java.lang.Object, java.lang.Object, java.lang.Object, java.lang.Object, java.lang.Object, java.lang.Object)'> (0x000000008e312df0) thrown at [./src/hotspot/share/interpreter/linkResolver.cpp, line 773]
Event: 2.923 Thread 0x000002d5d137d000 Exception <a 'java/lang/NoSuchMethodError'{0x000000008e323c50}: 'java.lang.Object java.lang.invoke.DirectMethodHandle$Holder.invokeSpecial(java.lang.Object, java.lang.Object, java.lang.Object, java.lang.Object, java.lang.Object, java.lang.Object, java.lang.Object, java.lang.Object, java.lang.Object, java.lang.Object, java.lang.Object, java.lang.Object)'> (0x000000008e323c50) thrown at [./src/hotspot/share/interpreter/linkResolver.cpp, line 773]
Event: 2.923 Thread 0x000002d5d137d000 Exception <a 'java/lang/NoSuchMethodError'{0x000000008e328d78}: 'java.lang.Object java.lang.invoke.Invokers$Holder.linkToTargetMethod(java.lang.Object, java.lang.Object, java.lang.Object, java.lang.Object, java.lang.Object, java.lang.Object, java.lang.Object, java.lang.Object, java.lang.Object, java.lang.Object, java.lang.Object)'> (0x000000008e328d78) thrown at [./src/hotspot/share/interpreter/linkResolver.cpp, line 773]
Event: 2.933 Thread 0x000002d5d137d000 Exception <a 'java/lang/NoSuchMethodError'{0x000000008e28ad40}: 'java.lang.Object java.lang.invoke.DirectMethodHandle$Holder.invokeSpecial(java.lang.Object, java.lang.Object, java.lang.Object, java.lang.Object, java.lang.Object, java.lang.Object, java.lang.Object, java.lang.Object, java.lang.Object, java.lang.Object, java.lang.Object, java.lang.Object, java.lang.Object, java.lang.Object)'> (0x000000008e28ad40) thrown at [./src/hotspot/share/interpreter/linkResolver.cpp, line 773]
Event: 2.935 Thread 0x000002d5d137d000 Exception <a 'java/lang/NoSuchMethodError'{0x000000008e29f468}: 'java.lang.Object java.lang.invoke.Invokers$Holder.linkToTargetMethod(java.lang.Object, java.lang.Object, java.lang.Object, java.lang.Object, java.lang.Object, java.lang.Object, java.lang.Object, java.lang.Object, java.lang.Object, java.lang.Object, java.lang.Object, java.lang.Object)'> (0x000000008e29f468) thrown at [./src/hotspot/share/interpreter/linkResolver.cpp, line 773]
Event: 2.942 Thread 0x000002d5d137d000 Exception <a 'java/lang/NoSuchMethodError'{0x000000008e13a738}: 'java.lang.Object java.lang.invoke.DirectMethodHandle$Holder.invokeStaticInit(java.lang.Object, java.lang.Object, java.lang.Object, java.lang.Object)'> (0x000000008e13a738) thrown at [./src/hotspot/share/interpreter/linkResolver.cpp, line 773]
Event: 3.018 Thread 0x000002d5d137d000 Implicit null exception at 0x000002d5bec89875 to 0x000002d5bec89a3c

Events (20 events):
Event: 3.079 loading class org/gradle/api/Transformer done
Event: 3.080 Thread 0x000002d5d39ec000 Thread added: 0x000002d5d39ec000
Event: 3.082 loading class org/gradle/api/attributes/Category
Event: 3.082 loading class org/gradle/api/attributes/Category done
Event: 3.084 loading class org/gradle/api/internal/artifacts/ComponentMetadataProcessor
Event: 3.084 loading class org/gradle/api/internal/artifacts/ComponentMetadataProcessor done
Event: 3.084 loading class org/gradle/internal/rules/RuleActionValidator
Event: 3.084 loading class org/gradle/internal/rules/RuleActionValidator done
Event: 3.084 loading class org/gradle/internal/rules/RuleActionAdapter
Event: 3.084 loading class org/gradle/internal/rules/RuleActionAdapter done
Event: 3.085 loading class org/gradle/internal/rules/SpecRuleAction
Event: 3.085 loading class org/gradle/internal/rules/SpecRuleAction done
Event: 3.085 loading class org/gradle/internal/action/ConfigurableRule
Event: 3.085 loading class org/gradle/internal/action/ConfigurableRule done
Event: 3.085 loading class org/gradle/api/internal/artifacts/dsl/SpecConfigurableRule
Event: 3.085 loading class org/gradle/api/internal/artifacts/dsl/SpecConfigurableRule done
Event: 3.085 loading class org/gradle/internal/rules/RuleAction
Event: 3.085 loading class org/gradle/internal/rules/RuleAction done
Event: 3.086 loading class org/gradle/api/internal/artifacts/dsl/ComponentMetadataRuleContainer
Event: 3.086 loading class org/gradle/api/internal/artifacts/dsl/ComponentMetadataRuleContainer done


Dynamic libraries:
0x00007ff71a4e0000 - 0x00007ff71a4ea000 	C:\Program Files\Android\Android Studio\jre\bin\java.exe
0x00007ff830630000 - 0x00007ff830825000 	C:\Windows\SYSTEM32\ntdll.dll
0x00007ff830530000 - 0x00007ff8305ee000 	C:\Windows\System32\KERNEL32.DLL
0x00007ff82e070000 - 0x00007ff82e338000 	C:\Windows\System32\KERNELBASE.dll
0x00007ff82e340000 - 0x00007ff82e440000 	C:\Windows\System32\ucrtbase.dll
0x00007ff81e1c0000 - 0x00007ff81e1d7000 	C:\Program Files\Android\Android Studio\jre\bin\VCRUNTIME140.dll
0x00007ff8208b0000 - 0x00007ff8208c9000 	C:\Program Files\Android\Android Studio\jre\bin\jli.dll
0x00007ff82e670000 - 0x00007ff82e811000 	C:\Windows\System32\USER32.dll
0x00007ff82e640000 - 0x00007ff82e662000 	C:\Windows\System32\win32u.dll
0x00007ff80cbe0000 - 0x00007ff80ce7a000 	C:\Windows\WinSxS\amd64_microsoft.windows.common-controls_6595b64144ccf1df_6.0.19041.1110_none_60b5254171f9507e\COMCTL32.dll
0x00007ff830040000 - 0x00007ff83006b000 	C:\Windows\System32\GDI32.dll
0x00007ff8302d0000 - 0x00007ff83036e000 	C:\Windows\System32\msvcrt.dll
0x00007ff82dd40000 - 0x00007ff82de4d000 	C:\Windows\System32\gdi32full.dll
0x00007ff82e5a0000 - 0x00007ff82e63d000 	C:\Windows\System32\msvcp_win.dll
0x00007ff830380000 - 0x00007ff8303b0000 	C:\Windows\System32\IMM32.DLL
0x00007fffd99e0000 - 0x00007fffd9a7d000 	C:\Program Files\Android\Android Studio\jre\bin\msvcp140.dll
0x00007fffe6390000 - 0x00007fffe6e65000 	C:\Program Files\Android\Android Studio\jre\bin\server\jvm.dll
0x00007ff82fab0000 - 0x00007ff82fb5e000 	C:\Windows\System32\ADVAPI32.dll
0x00007ff8303b0000 - 0x00007ff83044c000 	C:\Windows\System32\sechost.dll
0x00007ff830070000 - 0x00007ff830195000 	C:\Windows\System32\RPCRT4.dll
0x00007ff82f990000 - 0x00007ff82f998000 	C:\Windows\System32\PSAPI.DLL
0x00007ff817f00000 - 0x00007ff817f09000 	C:\Windows\SYSTEM32\WSOCK32.dll
0x00007ff803890000 - 0x00007ff8038b7000 	C:\Windows\SYSTEM32\WINMM.dll
0x00007ff827000000 - 0x00007ff82700a000 	C:\Windows\SYSTEM32\VERSION.dll
0x00007ff82f920000 - 0x00007ff82f98b000 	C:\Windows\System32\WS2_32.dll
0x00007ff82c5c0000 - 0x00007ff82c5d2000 	C:\Windows\SYSTEM32\kernel.appcore.dll
0x00007ffffb430000 - 0x00007ffffb441000 	C:\Program Files\Android\Android Studio\jre\bin\verify.dll
0x00007ff82b9e0000 - 0x00007ff82bbc4000 	C:\Windows\SYSTEM32\DBGHELP.DLL
0x00007ff81d360000 - 0x00007ff81d38c000 	C:\Windows\SYSTEM32\dbgcore.DLL
0x00007ff82df90000 - 0x00007ff82e012000 	C:\Windows\System32\bcryptPrimitives.dll
0x00007ffffaca0000 - 0x00007ffffacc9000 	C:\Program Files\Android\Android Studio\jre\bin\java.dll
0x00007ff81e990000 - 0x00007ff81e99b000 	C:\Program Files\Android\Android Studio\jre\bin\jimage.dll
0x00007ffffb350000 - 0x00007ffffb368000 	C:\Program Files\Android\Android Studio\jre\bin\zip.dll
0x00007ff82ede0000 - 0x00007ff82f524000 	C:\Windows\System32\SHELL32.dll
0x00007ff82be10000 - 0x00007ff82c5a5000 	C:\Windows\SYSTEM32\windows.storage.dll
0x00007ff82e9d0000 - 0x00007ff82ed25000 	C:\Windows\System32\combase.dll
0x00007ff82d790000 - 0x00007ff82d7be000 	C:\Windows\SYSTEM32\Wldp.dll
0x00007ff82f9a0000 - 0x00007ff82fa4d000 	C:\Windows\System32\SHCORE.dll
0x00007ff82fa50000 - 0x00007ff82faa5000 	C:\Windows\System32\shlwapi.dll
0x00007ff82dc80000 - 0x00007ff82dc9f000 	C:\Windows\SYSTEM32\profapi.dll
0x00007ffffaf70000 - 0x00007ffffaf8a000 	C:\Program Files\Android\Android Studio\jre\bin\net.dll
0x00007ff8243d0000 - 0x00007ff8244dc000 	C:\Windows\SYSTEM32\WINHTTP.dll
0x00007ff82d4f0000 - 0x00007ff82d55a000 	C:\Windows\system32\mswsock.dll
0x00007ffffae50000 - 0x00007ffffae64000 	C:\Program Files\Android\Android Studio\jre\bin\nio.dll
0x00007ff827d00000 - 0x00007ff827d27000 	C:\Users\LEGION\.gradle\native\e1d6ef7f7dcc3fd88c89a11ec53ec762bb8ba0a96d01ffa2cd45eb1d1d8dd5c5\windows-amd64\native-platform.dll
0x00007fffd9370000 - 0x00007fffd94b4000 	C:\Users\LEGION\.gradle\native\5664cfc778a61ccfe75a443a1ab52a65af34e5dc3c78e0209fed803814484fcb\windows-amd64\native-platform-file-events.dll
0x00007ff81ce60000 - 0x00007ff81ce6a000 	C:\Program Files\Android\Android Studio\jre\bin\management.dll
0x00007ff81ce20000 - 0x00007ff81ce2d000 	C:\Program Files\Android\Android Studio\jre\bin\management_ext.dll
0x00007ff82d6e0000 - 0x00007ff82d6f8000 	C:\Windows\SYSTEM32\CRYPTSP.dll
0x00007ff82ce00000 - 0x00007ff82ce34000 	C:\Windows\system32\rsaenh.dll
0x00007ff82df00000 - 0x00007ff82df27000 	C:\Windows\System32\bcrypt.dll
0x00007ff82dc40000 - 0x00007ff82dc6e000 	C:\Windows\SYSTEM32\USERENV.dll
0x00007ff82d700000 - 0x00007ff82d70c000 	C:\Windows\SYSTEM32\CRYPTBASE.dll
0x00007ff82d190000 - 0x00007ff82d1cb000 	C:\Windows\SYSTEM32\IPHLPAPI.DLL
0x00007ff830370000 - 0x00007ff830378000 	C:\Windows\System32\NSI.dll
0x00007ff826150000 - 0x00007ff826167000 	C:\Windows\SYSTEM32\dhcpcsvc6.DLL
0x00007ff826aa0000 - 0x00007ff826abd000 	C:\Windows\SYSTEM32\dhcpcsvc.DLL
0x00007ff82d1d0000 - 0x00007ff82d29b000 	C:\Windows\SYSTEM32\DNSAPI.dll

dbghelp: loaded successfully - version: 4.0.5 - missing functions: none
symbol engine: initialized successfully - sym options: 0x614 - pdb path: .;C:\Program Files\Android\Android Studio\jre\bin;C:\Windows\SYSTEM32;C:\Windows\WinSxS\amd64_microsoft.windows.common-controls_6595b64144ccf1df_6.0.19041.1110_none_60b5254171f9507e;C:\Program Files\Android\Android Studio\jre\bin\server;C:\Users\LEGION\.gradle\native\e1d6ef7f7dcc3fd88c89a11ec53ec762bb8ba0a96d01ffa2cd45eb1d1d8dd5c5\windows-amd64;C:\Users\LEGION\.gradle\native\5664cfc778a61ccfe75a443a1ab52a65af34e5dc3c78e0209fed803814484fcb\windows-amd64

VM Arguments:
jvm_args: --add-opens=java.base/java.util=ALL-UNNAMED --add-opens=java.base/java.lang=ALL-UNNAMED --add-opens=java.base/java.lang.invoke=ALL-UNNAMED --add-opens=java.base/java.util=ALL-UNNAMED --add-opens=java.prefs/java.util.prefs=ALL-UNNAMED --add-opens=java.prefs/java.util.prefs=ALL-UNNAMED --add-opens=java.base/java.nio.charset=ALL-UNNAMED --add-opens=java.base/java.net=ALL-UNNAMED --add-opens=java.base/java.util.concurrent.atomic=ALL-UNNAMED -Xmx2048m -Dfile.encoding=UTF-8 -Duser.country=US -Duser.language=en -Duser.variant 
java_command: org.gradle.launcher.daemon.bootstrap.GradleDaemon 7.2
java_class_path (initial): C:\Users\LEGION\.gradle\wrapper\dists\gradle-7.2-bin\2dnblmf4td7x66yl1d74lt32g\gradle-7.2\lib\gradle-launcher-7.2.jar
Launcher Type: SUN_STANDARD

[Global flags]
     intx CICompilerCount                          = 4                                         {product} {ergonomic}
     uint ConcGCThreads                            = 3                                         {product} {ergonomic}
     uint G1ConcRefinementThreads                  = 10                                        {product} {ergonomic}
   size_t G1HeapRegionSize                         = 1048576                                   {product} {ergonomic}
    uintx GCDrainStackTargetSize                   = 64                                        {product} {ergonomic}
   size_t InitialHeapSize                          = 266338304                                 {product} {ergonomic}
   size_t MarkStackSize                            = 4194304                                   {product} {ergonomic}
   size_t MaxHeapSize                              = 2147483648                                {product} {command line}
   size_t MaxNewSize                               = 1287651328                                {product} {ergonomic}
   size_t MinHeapDeltaBytes                        = 1048576                                   {product} {ergonomic}
    uintx NonNMethodCodeHeapSize                   = 5836300                                {pd product} {ergonomic}
    uintx NonProfiledCodeHeapSize                  = 122910970                              {pd product} {ergonomic}
    uintx ProfiledCodeHeapSize                     = 122910970                              {pd product} {ergonomic}
    uintx ReservedCodeCacheSize                    = 251658240                              {pd product} {ergonomic}
     bool SegmentedCodeCache                       = true                                      {product} {ergonomic}
     bool UseCompressedClassPointers               = true                                 {lp64_product} {ergonomic}
     bool UseCompressedOops                        = true                                 {lp64_product} {ergonomic}
     bool UseG1GC                                  = true                                      {product} {ergonomic}
     bool UseLargePagesIndividualAllocation        = false                                  {pd product} {ergonomic}

Logging:
Log output configuration:
 #0: stdout all=warning uptime,level,tags
 #1: stderr all=off uptime,level,tags

Environment Variables:
JAVA_HOME=C:\Program Files\Java\jdk-17.0.2
PATH=C:\Program Files\Common Files\Oracle\Java\javapath;C:\app\LEGION\dbhomeXE\bin;C:\Windows\system32;C:\Windows;C:\Windows\System32\Wbem;C:\Windows\System32\WindowsPowerShell\v1.0\;C:\Windows\System32\OpenSSH\;C:\Program Files\Microsoft SQL Server\150\Tools\Binn\;C:\Program Files\Microsoft SQL Server\Client SDK\ODBC\170\Tools\Binn\;C:\Program Files\dotnet\;C:\Program Files\Java\jdk-17.0.2\bin;C:\Program Files\Git\cmd;C:\app\LEGION\dbhomeXE\bin;C:\Windows\system32;C:\Windows;C:\Windows\System32\Wbem;C:\Windows\System32\WindowsPowerShell\v1.0\;C:\Windows\System32\OpenSSH\;C:\Program Files\Microsoft SQL Server\150\Tools\Binn\;C:\Program Files\Microsoft SQL Server\Client SDK\ODBC\170\Tools\Binn\;C:\Program Files\dotnet\;C:\Users\LEGION\AppData\Local\Microsoft\WindowsApps;C:\Users\LEGION\.dotnet\tools;C:\Users\LEGION\AppData\Local\Programs\Python\Python37\Scripts
USERNAME=LEGION
OS=Windows_NT
PROCESSOR_IDENTIFIER=Intel64 Family 6 Model 165 Stepping 2, GenuineIntel



---------------  S Y S T E M  ---------------

OS: Windows 10 , 64 bit Build 19041 (10.0.19041.1466)
OS uptime: 12 days 9:35 hours

CPU:total 12 (initial active 12) (6 cores per cpu, 2 threads per core) family 6 model 165 stepping 2 microcode 0xe2, cmov, cx8, fxsr, mmx, sse, sse2, sse3, ssse3, sse4.1, sse4.2, popcnt, avx, avx2, aes, clmul, erms, 3dnowpref, lzcnt, ht, tsc, tscinvbit, bmi1, bmi2, adx, fma

Memory: 4k page, system-wide physical 16251M (3561M free)
TotalPageFile size 34602M (AvailPageFile size 17028M)
current process WorkingSet (physical memory assigned to process): 269M, peak: 274M
current process commit charge ("private bytes"): 443M, peak: 448M

vm_info: OpenJDK 64-Bit Server VM (11.0.11+9-b60-7590822) for windows-amd64 JRE (11.0.11+9-b60-7590822), built on Jul 29 2021 21:43:44 by "builder" with MS VC++ 14.0 (VS2015)

END.
