#
# A fatal error has been detected by the Java Runtime Environment:
#
#  EXCEPTION_ILLEGAL_INSTRUCTION (0xc000001d) at pc=0x00007fffe6a16003, pid=2464, tid=21760
#
# JRE version: OpenJDK Runtime Environment (11.0.11+9) (build 11.0.11+9-b60-7590822)
# Java VM: OpenJDK 64-Bit Server VM (11.0.11+9-b60-7590822, mixed mode, tiered, compressed oops, g1 gc, windows-amd64)
# Problematic frame:
# V  [jvm.dll+0x686003]
#
# No core dump will be written. Minidumps are not enabled by default on client versions of Windows
#
# If you would like to submit a bug report, please visit:
#   https://bugreport.java.com/bugreport/crash.jsp
#

---------------  S U M M A R Y ------------

Command Line: --add-opens=java.base/java.util=ALL-UNNAMED --add-opens=java.base/java.lang=ALL-UNNAMED --add-opens=java.base/java.lang.invoke=ALL-UNNAMED --add-opens=java.base/java.util=ALL-UNNAMED --add-opens=java.prefs/java.util.prefs=ALL-UNNAMED --add-opens=java.prefs/java.util.prefs=ALL-UNNAMED --add-opens=java.base/java.nio.charset=ALL-UNNAMED --add-opens=java.base/java.net=ALL-UNNAMED --add-opens=java.base/java.util.concurrent.atomic=ALL-UNNAMED -Xmx2048m -Dfile.encoding=UTF-8 -Duser.country=US -Duser.language=en -Duser.variant org.gradle.launcher.daemon.bootstrap.GradleDaemon 7.2

Host: Intel(R) Core(TM) i7-10750H CPU @ 2.60GHz, 12 cores, 15G,  Windows 10 , 64 bit Build 19041 (10.0.19041.1466)
Time: Sat Feb 12 14:51:18 2022 SE Asia Standard Time elapsed time: 2.594786 seconds (0d 0h 0m 2s)

---------------  T H R E A D  ---------------

Current thread (0x00000126f62b7000):  JavaThread "C2 CompilerThread1" daemon [_thread_in_native, id=21760, stack(0x00000003b2b00000,0x00000003b2c00000)]


Current CompileTask:
C2:   2594 2461       4       java.util.jar.JarFile::getVersionedEntry (85 bytes)

Stack: [0x00000003b2b00000,0x00000003b2c00000],  sp=0x00000003b2bfd660,  free space=1013k
Native frames: (J=compiled Java code, j=interpreted, Vv=VM code, C=native code)
V  [jvm.dll+0x686003]
V  [jvm.dll+0x6868ad]
V  [jvm.dll+0x68b074]
V  [jvm.dll+0x684b80]
V  [jvm.dll+0x2036c9]
V  [jvm.dll+0x1fb1e6]
V  [jvm.dll+0x183d6c]
V  [jvm.dll+0x209a57]
V  [jvm.dll+0x2082a1]
V  [jvm.dll+0x6ef58f]
V  [jvm.dll+0x6e80b5]
V  [jvm.dll+0x5f1036]
C  [ucrtbase.dll+0x21bb2]
C  [KERNEL32.DLL+0x17034]
C  [ntdll.dll+0x52651]


siginfo: EXCEPTION_ILLEGAL_INSTRUCTION (0xc000001d)


Register to memory mapping:

RIP=0x00007fffe6a16003 jvm.dll
RAX=0x00000003b2bfd6f8 is pointing into the stack for thread: 0x00000126f62b7000
RBX=0x0 is NULL
RCX=0x00000003b2bfdaa0 is pointing into the stack for thread: 0x00000126f62b7000
RDX=0x00000003b2bfd830 is pointing into the stack for thread: 0x00000126f62b7000
RSP=0x00000003b2bfd660 is pointing into the stack for thread: 0x00000126f62b7000
RBP=0x00000003b2bfd789 is pointing into the stack for thread: 0x00000126f62b7000
RSI=0x00000126fa330a30 points into unknown readable memory: 0x00007fffe6b71c28 | 28 1c b7 e6 ff 7f 00 00
RDI=0x00000003b2bfd830 is pointing into the stack for thread: 0x00000126f62b7000
R8 =0x00000003b2bfd770 is pointing into the stack for thread: 0x00000126f62b7000
R9 =0x00000126f76b4960 points into unknown readable memory: 0x00007fffe6b93328 | 28 33 b9 e6 ff 7f 00 00
R10=0x00007fffe6532e34 jvm.dll
R11=0x00000003b2bfe810 is pointing into the stack for thread: 0x00000126f62b7000
R12=0x00000126fa5ddc70 points into unknown readable memory: 0x00007fffe6ba67c0 | c0 67 ba e6 ff 7f 00 00
R13=0x00000126f76b4960 points into unknown readable memory: 0x00007fffe6b93328 | 28 33 b9 e6 ff 7f 00 00
R14=0x00000126fa32f7e0 points into unknown readable memory: 0x00007fffe6b8d168 | 68 d1 b8 e6 ff 7f 00 00
R15=0x00000003b2bfdaa0 is pointing into the stack for thread: 0x00000126f62b7000


Registers:
RAX=0x00000003b2bfd6f8, RBX=0x0000000000000000, RCX=0x00000003b2bfdaa0, RDX=0x00000003b2bfd830
RSP=0x00000003b2bfd660, RBP=0x00000003b2bfd789, RSI=0x00000126fa330a30, RDI=0x00000003b2bfd830
R8 =0x00000003b2bfd770, R9 =0x00000126f76b4960, R10=0x00007fffe6532e34, R11=0x00000003b2bfe810
R12=0x00000126fa5ddc70, R13=0x00000126f76b4960, R14=0x00000126fa32f7e0, R15=0x00000003b2bfdaa0
RIP=0x00007fffe6a16003, EFLAGS=0x0000000000010206

Top of Stack: (sp=0x00000003b2bfd660)
0x00000003b2bfd660:   00000126f70bb970 00007fffe6490ad1
0x00000003b2bfd670:   00000003b2bfd750 000000000000000d
0x00000003b2bfd680:   00000003b2bfdaa0 00000126fa32f7e0
0x00000003b2bfd690:   00000003b2bfd760 00007fffe6532d49
0x00000003b2bfd6a0:   00000003b2bff750 0000000000000014
0x00000003b2bfd6b0:   00000126fa62d318 0000001100084050
0x00000003b2bfd6c0:   00000003b2bfd760 00007fffe6532dce
0x00000003b2bfd6d0:   00000126fa32f7e0 0000000000000014
0x00000003b2bfd6e0:   00000003b2bfd789 00000126fa927990
0x00000003b2bfd6f0:   00000003b2bfd789 00007fffe6a168ad
0x00000003b2bfd700:   00000003b2bfdaa0 00000003b2bfd830
0x00000003b2bfd710:   00000126fa32f7e0 00007fffe6a182fb
0x00000003b2bfd720:   00000003b2bfd7e8 00000126fa330a01
0x00000003b2bfd730:   00000126fa32f7e0 00000126fa5deae0
0x00000003b2bfd740:   00000126fa330a30 0000012600000501
0x00000003b2bfd750:   000001260000000d 00000126f76b4960 

Instructions: (pc=0x00007fffe6a16003)
0x00007fffe6a15f03:   45 57 48 8b 12 8b 40 60 89 44 24 28 c7 44 24 20
0x00007fffe6a15f13:   05 00 00 00 e8 b4 bf cc ff 48 8b 4d ef ba 02 00
0x00007fffe6a15f23:   00 00 e8 d6 86 f9 ff b9 38 00 00 00 48 8b f0 e8
0x00007fffe6a15f33:   69 61 98 ff 48 8b d8 48 85 c0 74 24 4c 8b 45 7f
0x00007fffe6a15f43:   4c 8b ce 33 d2 48 8b c8 e8 d0 9e f4 ff 48 8d 05
0x00007fffe6a15f53:   d1 bc 15 00 c7 43 2c 00 08 00 00 48 89 03 eb 02
0x00007fffe6a15f63:   33 db 48 8b d3 48 8d 4d e7 e8 6f c2 cc ff 8b 55
0x00007fffe6a15f73:   77 4c 8b c0 03 15 57 ab 1a 00 48 8b 4d ff e8 aa
0x00007fffe6a15f83:   e7 9f ff 4c 8b b4 24 a0 00 00 00 40 84 ff 48 8b
0x00007fffe6a15f93:   bc 24 e0 00 00 00 4c 8b ac 24 a8 00 00 00 48 8b
0x00007fffe6a15fa3:   b4 24 d8 00 00 00 75 09 48 8d 4d e7 e8 2c b0 cc
0x00007fffe6a15fb3:   ff 48 8d 55 e7 49 8b cc e8 f0 66 cb ff 8b 4d 77
0x00007fffe6a15fc3:   03 0d 0b ab 1a 00 48 8b 55 ff 48 8b 42 08 48 8b
0x00007fffe6a15fd3:   1c c8 48 8d 4d e7 e8 d2 a7 cc ff 48 8b c3 48 81
0x00007fffe6a15fe3:   c4 b0 00 00 00 41 5c 5b 5d c3 cc cc cc 48 8b c4
0x00007fffe6a15ff3:   48 89 50 10 48 89 48 08 55 48 81 ec 90 00 00 00
0x00007fffe6a16003:   48 8f 58 18 49 8b e8 48 8b 9c 24 d8 00 00 00 48
0x00007fffe6a16013:   89 78 e8 4c 89 60 e0 4c 89 68 d8 4d 8b e9 44 0f
0x00007fffe6a16023:   b6 63 30 41 c0 ec 04 41 80 e4 01 4c 89 70 d0 44
0x00007fffe6a16033:   88 a4 24 b8 00 00 00 4c 89 78 c8 74 3e 48 8b cb
0x00007fffe6a16043:   e8 68 b0 f4 ff 48 8b f8 48 85 c0 75 24 4c 8d 0d
0x00007fffe6a16053:   91 c1 0d 00 ba 36 04 00 00 4c 8d 05 95 c1 0d 00
0x00007fffe6a16063:   48 8d 0d ae c1 0d 00 e8 01 d1 bb ff e8 2c 48 f6
0x00007fffe6a16073:   ff 83 7f 18 00 40 0f 94 c7 eb 03 40 32 ff 45 8b
0x00007fffe6a16083:   7d 20 33 c0 4c 8b b4 24 e0 00 00 00 40 88 bc 24
0x00007fffe6a16093:   d8 00 00 00 48 89 b4 24 88 00 00 00 45 84 e4 75
0x00007fffe6a160a3:   41 48 8b 4d 08 33 d2 e8 51 85 f9 ff f3 0f 10 05
0x00007fffe6a160b3:   f1 24 16 00 4c 8b c8 f3 0f 10 0d e2 24 16 00 45
0x00007fffe6a160c3:   33 c0 c6 44 24 30 01 48 8b d3 f3 0f 11 44 24 28
0x00007fffe6a160d3:   48 8b cd f3 0f 11 4c 24 20 e8 8f b1 cc ff 33 c0
0x00007fffe6a160e3:   eb 09 40 84 ff 0f 84 1c 01 00 00 49 8b f6 8b f8
0x00007fffe6a160f3:   45 85 ff 0f 8e 06 01 00 00 4c 8b b4 24 a8 00 00 


Stack slot to memory mapping:
stack at sp + 0 slots: 0x00000126f70bb970 points into unknown readable memory: 0x03000e0000000002 | 02 00 00 00 00 0e 00 03
stack at sp + 1 slots: 0x00007fffe6490ad1 jvm.dll
stack at sp + 2 slots: 0x00000003b2bfd750 is pointing into the stack for thread: 0x00000126f62b7000
stack at sp + 3 slots: 0x000000000000000d is an unknown value
stack at sp + 4 slots: 0x00000003b2bfdaa0 is pointing into the stack for thread: 0x00000126f62b7000
stack at sp + 5 slots: 0x00000126fa32f7e0 points into unknown readable memory: 0x00007fffe6b8d168 | 68 d1 b8 e6 ff 7f 00 00
stack at sp + 6 slots: 0x00000003b2bfd760 is pointing into the stack for thread: 0x00000126f62b7000
stack at sp + 7 slots: 0x00007fffe6532d49 jvm.dll


---------------  P R O C E S S  ---------------

Threads class SMR info:
_java_thread_list=0x00000126f8a6d600, length=32, elements={
0x00000126d949c800, 0x00000126f4d95800, 0x00000126f4da3000, 0x00000126f4df7800,
0x00000126f4df9800, 0x00000126f4e00000, 0x00000126f4e01000, 0x00000126f4e02000,
0x00000126f4e07000, 0x00000126f4f7f000, 0x00000126f5e90000, 0x00000126f6a07800,
0x00000126f6dfd800, 0x00000126f804b000, 0x00000126f56a1800, 0x00000126f672c000,
0x00000126f61cd800, 0x00000126f62b7000, 0x00000126f7513800, 0x00000126f7a6e000,
0x00000126f71e7800, 0x00000126f71e5800, 0x00000126f71ea000, 0x00000126f71e9000,
0x00000126f71ea800, 0x00000126f71e8000, 0x00000126f71e5000, 0x00000126f71e6800,
0x00000126f71eb800, 0x00000126f7bad000, 0x00000126fb591000, 0x00000126fb590800
}

Java Threads: ( => current thread )
  0x00000126d949c800 JavaThread "main" [_thread_blocked, id=31280, stack(0x00000003b0e00000,0x00000003b0f00000)]
  0x00000126f4d95800 JavaThread "Reference Handler" daemon [_thread_blocked, id=16820, stack(0x00000003b1500000,0x00000003b1600000)]
  0x00000126f4da3000 JavaThread "Finalizer" daemon [_thread_blocked, id=27544, stack(0x00000003b1600000,0x00000003b1700000)]
  0x00000126f4df7800 JavaThread "Signal Dispatcher" daemon [_thread_blocked, id=20692, stack(0x00000003b1700000,0x00000003b1800000)]
  0x00000126f4df9800 JavaThread "Attach Listener" daemon [_thread_blocked, id=7352, stack(0x00000003b1800000,0x00000003b1900000)]
  0x00000126f4e00000 JavaThread "Service Thread" daemon [_thread_blocked, id=14616, stack(0x00000003b1900000,0x00000003b1a00000)]
  0x00000126f4e01000 JavaThread "C2 CompilerThread0" daemon [_thread_in_native, id=27512, stack(0x00000003b1a00000,0x00000003b1b00000)]
  0x00000126f4e02000 JavaThread "C1 CompilerThread0" daemon [_thread_blocked, id=15092, stack(0x00000003b1b00000,0x00000003b1c00000)]
  0x00000126f4e07000 JavaThread "Sweeper thread" daemon [_thread_blocked, id=32120, stack(0x00000003b1c00000,0x00000003b1d00000)]
  0x00000126f4f7f000 JavaThread "Common-Cleaner" daemon [_thread_blocked, id=7272, stack(0x00000003b1d00000,0x00000003b1e00000)]
  0x00000126f5e90000 JavaThread "Daemon health stats" [_thread_blocked, id=9700, stack(0x00000003b2600000,0x00000003b2700000)]
  0x00000126f6a07800 JavaThread "Incoming local TCP Connector on port 53391" [_thread_in_native, id=8780, stack(0x00000003b1f00000,0x00000003b2000000)]
  0x00000126f6dfd800 JavaThread "Daemon periodic checks" [_thread_blocked, id=26108, stack(0x00000003b2500000,0x00000003b2600000)]
  0x00000126f804b000 JavaThread "Daemon" [_thread_blocked, id=19980, stack(0x00000003b2700000,0x00000003b2800000)]
  0x00000126f56a1800 JavaThread "Handler for socket connection from /127.0.0.1:53391 to /127.0.0.1:53392" [_thread_in_native, id=18196, stack(0x00000003b2800000,0x00000003b2900000)]
  0x00000126f672c000 JavaThread "Cancel handler" [_thread_blocked, id=2432, stack(0x00000003b2900000,0x00000003b2a00000)]
  0x00000126f61cd800 JavaThread "Daemon worker" [_thread_in_vm, id=33580, stack(0x00000003b2a00000,0x00000003b2b00000)]
=>0x00000126f62b7000 JavaThread "C2 CompilerThread1" daemon [_thread_in_native, id=21760, stack(0x00000003b2b00000,0x00000003b2c00000)]
  0x00000126f7513800 JavaThread "Asynchronous log dispatcher for DefaultDaemonConnection: socket connection from /127.0.0.1:53391 to /127.0.0.1:53392" [_thread_blocked, id=33228, stack(0x00000003b2c00000,0x00000003b2d00000)]
  0x00000126f7a6e000 JavaThread "Stdin handler" [_thread_blocked, id=15200, stack(0x00000003b2d00000,0x00000003b2e00000)]
  0x00000126f71e7800 JavaThread "Daemon client event forwarder" [_thread_blocked, id=24124, stack(0x00000003b2e00000,0x00000003b2f00000)]
  0x00000126f71e5800 JavaThread "Cache worker for journal cache (C:\Users\LEGION\.gradle\caches\journal-1)" [_thread_blocked, id=35044, stack(0x00000003b2f00000,0x00000003b3000000)]
  0x00000126f71ea000 JavaThread "File lock request listener" [_thread_in_native, id=19152, stack(0x00000003b3000000,0x00000003b3100000)]
  0x00000126f71e9000 JavaThread "Cache worker for file hash cache (C:\Users\LEGION\.gradle\caches\7.2\fileHashes)" [_thread_blocked, id=25268, stack(0x00000003b3100000,0x00000003b3200000)]
  0x00000126f71ea800 JavaThread "Cache worker for file hash cache (C:\Users\LEGION\AndroidStudioProjects\Project\.gradle\7.2\fileHashes)" [_thread_blocked, id=6460, stack(0x00000003b3800000,0x00000003b3900000)]
  0x00000126f71e8000 JavaThread "File watcher server" daemon [_thread_in_native, id=10656, stack(0x00000003b3900000,0x00000003b3a00000)]
  0x00000126f71e5000 JavaThread "File watcher consumer" daemon [_thread_blocked, id=34216, stack(0x00000003b3a00000,0x00000003b3b00000)]
  0x00000126f71e6800 JavaThread "Cache worker for checksums cache (C:\Users\LEGION\AndroidStudioProjects\Project\.gradle\checksums)" [_thread_blocked, id=17196, stack(0x00000003b3b00000,0x00000003b3c00000)]
  0x00000126f71eb800 JavaThread "Cache worker for cache directory md-supplier (C:\Users\LEGION\.gradle\caches\7.2\md-supplier)" [_thread_blocked, id=26824, stack(0x00000003b3c00000,0x00000003b3d00000)]
  0x00000126f7bad000 JavaThread "C2 CompilerThread2" daemon [_thread_in_native, id=20976, stack(0x00000003b3d00000,0x00000003b3e00000)]
  0x00000126fb591000 JavaThread "Cache worker for cache directory md-rule (C:\Users\LEGION\.gradle\caches\7.2\md-rule)" [_thread_blocked, id=24120, stack(0x00000003b3e00000,0x00000003b3f00000)]
  0x00000126fb590800 JavaThread "Cache worker for execution history cache (C:\Users\LEGION\.gradle\caches\7.2\executionHistory)" [_thread_blocked, id=23044, stack(0x00000003b3f00000,0x00000003b4000000)]

Other Threads:
  0x00000126f4d94000 VMThread "VM Thread" [stack: 0x00000003b1400000,0x00000003b1500000] [id=17428]
  0x00000126f4f9e000 WatcherThread [stack: 0x00000003b1e00000,0x00000003b1f00000] [id=29372]
  0x00000126d94b4800 GCTaskThread "GC Thread#0" [stack: 0x00000003b0f00000,0x00000003b1000000] [id=8320]
  0x00000126f5be3800 GCTaskThread "GC Thread#1" [stack: 0x00000003b2000000,0x00000003b2100000] [id=16376]
  0x00000126f5f8c800 GCTaskThread "GC Thread#2" [stack: 0x00000003b2100000,0x00000003b2200000] [id=21388]
  0x00000126f5f8d800 GCTaskThread "GC Thread#3" [stack: 0x00000003b2200000,0x00000003b2300000] [id=32780]
  0x00000126f5e97000 GCTaskThread "GC Thread#4" [stack: 0x00000003b2300000,0x00000003b2400000] [id=5408]
  0x00000126f5e98000 GCTaskThread "GC Thread#5" [stack: 0x00000003b2400000,0x00000003b2500000] [id=30672]
  0x00000126f70e7800 GCTaskThread "GC Thread#6" [stack: 0x00000003b3200000,0x00000003b3300000] [id=16944]
  0x00000126f5c39800 GCTaskThread "GC Thread#7" [stack: 0x00000003b3300000,0x00000003b3400000] [id=30036]
  0x00000126f5bb3000 GCTaskThread "GC Thread#8" [stack: 0x00000003b3400000,0x00000003b3500000] [id=6940]
  0x00000126f7014800 GCTaskThread "GC Thread#9" [stack: 0x00000003b3500000,0x00000003b3600000] [id=28108]
  0x00000126d94e8000 ConcurrentGCThread "G1 Main Marker" [stack: 0x00000003b1000000,0x00000003b1100000] [id=34012]
  0x00000126d94e9000 ConcurrentGCThread "G1 Conc#0" [stack: 0x00000003b1100000,0x00000003b1200000] [id=10044]
  0x00000126f5dc3000 ConcurrentGCThread "G1 Conc#1" [stack: 0x00000003b3600000,0x00000003b3700000] [id=1272]
  0x00000126f75c2800 ConcurrentGCThread "G1 Conc#2" [stack: 0x00000003b3700000,0x00000003b3800000] [id=33916]
  0x00000126f43e4000 ConcurrentGCThread "G1 Refine#0" [stack: 0x00000003b1200000,0x00000003b1300000] [id=16640]
  0x00000126f43e5000 ConcurrentGCThread "G1 Young RemSet Sampling" [stack: 0x00000003b1300000,0x00000003b1400000] [id=14792]

Threads with active compile tasks:
C2 CompilerThread0   2638 2486       4       jdk.internal.org.objectweb.asm.Type::getArgumentsAndReturnSizes (151 bytes)
C2 CompilerThread1   2639 2461       4       java.util.jar.JarFile::getVersionedEntry (85 bytes)
C2 CompilerThread2   2639 2476   !   4       java.lang.reflect.Executable::declaredAnnotations (85 bytes)

VM state:not at safepoint (normal execution)

VM Mutex/Monitor currently owned by a thread: None

Heap address: 0x0000000080000000, size: 2048 MB, Compressed Oops mode: 32-bit
Narrow klass base: 0x0000000000000000, Narrow klass shift: 3
Compressed class space size: 1073741824 Address: 0x0000000100000000

Heap:
 garbage-first heap   total 260096K, used 97338K [0x0000000080000000, 0x0000000100000000)
  region size 1024K, 80 young (81920K), 1 survivors (1024K)
 Metaspace       used 29803K, capacity 30461K, committed 30720K, reserved 1075200K
  class space    used 3995K, capacity 4236K, committed 4352K, reserved 1048576K
Heap Regions: E=young(eden), S=young(survivor), O=old, HS=humongous(starts), HC=humongous(continues), CS=collection set, F=free, A=archive, TAMS=top-at-mark-start (previous, next)
|   0|0x0000000080000000, 0x0000000080100000, 0x0000000080100000|100%| O|  |TAMS 0x0000000080000000, 0x0000000080000000| Untracked 
|   1|0x0000000080100000, 0x0000000080200000, 0x0000000080200000|100%| O|  |TAMS 0x0000000080100000, 0x0000000080100000| Untracked 
|   2|0x0000000080200000, 0x0000000080300000, 0x0000000080300000|100%| O|  |TAMS 0x0000000080200000, 0x0000000080200000| Untracked 
|   3|0x0000000080300000, 0x0000000080400000, 0x0000000080400000|100%|HS|  |TAMS 0x0000000080400000, 0x0000000080300000| Complete 
|   4|0x0000000080400000, 0x0000000080500000, 0x0000000080500000|100%|HC|  |TAMS 0x0000000080500000, 0x0000000080400000| Complete 
|   5|0x0000000080500000, 0x0000000080600000, 0x0000000080600000|100%|HC|  |TAMS 0x0000000080600000, 0x0000000080500000| Complete 
|   6|0x0000000080600000, 0x0000000080700000, 0x0000000080700000|100%| O|  |TAMS 0x0000000080700000, 0x0000000080600000| Untracked 
|   7|0x0000000080700000, 0x0000000080800000, 0x0000000080800000|100%| O|  |TAMS 0x0000000080800000, 0x0000000080700000| Untracked 
|   8|0x0000000080800000, 0x0000000080900000, 0x0000000080900000|100%| O|  |TAMS 0x0000000080900000, 0x0000000080800000| Untracked 
|   9|0x0000000080900000, 0x0000000080a00000, 0x0000000080a00000|100%| O|  |TAMS 0x000000008090d400, 0x0000000080900000| Untracked 
|  10|0x0000000080a00000, 0x0000000080b00000, 0x0000000080b00000|100%| O|  |TAMS 0x0000000080a00000, 0x0000000080a00000| Untracked 
|  11|0x0000000080b00000, 0x0000000080c00000, 0x0000000080c00000|100%| O|  |TAMS 0x0000000080b00000, 0x0000000080b00000| Untracked 
|  12|0x0000000080c00000, 0x0000000080d00000, 0x0000000080d00000|100%| O|  |TAMS 0x0000000080c00000, 0x0000000080c00000| Untracked 
|  13|0x0000000080d00000, 0x0000000080e00000, 0x0000000080e00000|100%| O|  |TAMS 0x0000000080d00000, 0x0000000080d00000| Untracked 
|  14|0x0000000080e00000, 0x0000000080f00000, 0x0000000080f00000|100%| O|  |TAMS 0x0000000080e00000, 0x0000000080e00000| Untracked 
|  15|0x0000000080f00000, 0x0000000081000000, 0x0000000081000000|100%| O|  |TAMS 0x0000000080f00000, 0x0000000080f00000| Untracked 
|  16|0x0000000081000000, 0x0000000081044400, 0x0000000081100000| 26%| O|  |TAMS 0x0000000081000000, 0x0000000081000000| Untracked 
|  17|0x0000000081100000, 0x0000000081100000, 0x0000000081200000|  0%| F|  |TAMS 0x0000000081100000, 0x0000000081100000| Untracked 
|  18|0x0000000081200000, 0x0000000081200000, 0x0000000081300000|  0%| F|  |TAMS 0x0000000081200000, 0x0000000081200000| Untracked 
|  19|0x0000000081300000, 0x0000000081300000, 0x0000000081400000|  0%| F|  |TAMS 0x0000000081300000, 0x0000000081300000| Untracked 
|  20|0x0000000081400000, 0x0000000081400000, 0x0000000081500000|  0%| F|  |TAMS 0x0000000081400000, 0x0000000081400000| Untracked 
|  21|0x0000000081500000, 0x0000000081500000, 0x0000000081600000|  0%| F|  |TAMS 0x0000000081500000, 0x0000000081500000| Untracked 
|  22|0x0000000081600000, 0x0000000081600000, 0x0000000081700000|  0%| F|  |TAMS 0x0000000081600000, 0x0000000081600000| Untracked 
|  23|0x0000000081700000, 0x0000000081700000, 0x0000000081800000|  0%| F|  |TAMS 0x0000000081700000, 0x0000000081700000| Untracked 
|  24|0x0000000081800000, 0x0000000081800000, 0x0000000081900000|  0%| F|  |TAMS 0x0000000081800000, 0x0000000081800000| Untracked 
|  25|0x0000000081900000, 0x0000000081900000, 0x0000000081a00000|  0%| F|  |TAMS 0x0000000081900000, 0x0000000081900000| Untracked 
|  26|0x0000000081a00000, 0x0000000081a00000, 0x0000000081b00000|  0%| F|  |TAMS 0x0000000081a00000, 0x0000000081a00000| Untracked 
|  27|0x0000000081b00000, 0x0000000081b00000, 0x0000000081c00000|  0%| F|  |TAMS 0x0000000081b00000, 0x0000000081b00000| Untracked 
|  28|0x0000000081c00000, 0x0000000081c00000, 0x0000000081d00000|  0%| F|  |TAMS 0x0000000081c00000, 0x0000000081c00000| Untracked 
|  29|0x0000000081d00000, 0x0000000081d00000, 0x0000000081e00000|  0%| F|  |TAMS 0x0000000081d00000, 0x0000000081d00000| Untracked 
|  30|0x0000000081e00000, 0x0000000081e00000, 0x0000000081f00000|  0%| F|  |TAMS 0x0000000081e00000, 0x0000000081e00000| Untracked 
|  31|0x0000000081f00000, 0x0000000081f00000, 0x0000000082000000|  0%| F|  |TAMS 0x0000000081f00000, 0x0000000081f00000| Untracked 
|  32|0x0000000082000000, 0x0000000082000000, 0x0000000082100000|  0%| F|  |TAMS 0x0000000082000000, 0x0000000082000000| Untracked 
|  33|0x0000000082100000, 0x0000000082100000, 0x0000000082200000|  0%| F|  |TAMS 0x0000000082100000, 0x0000000082100000| Untracked 
|  34|0x0000000082200000, 0x0000000082200000, 0x0000000082300000|  0%| F|  |TAMS 0x0000000082200000, 0x0000000082200000| Untracked 
|  35|0x0000000082300000, 0x0000000082300000, 0x0000000082400000|  0%| F|  |TAMS 0x0000000082300000, 0x0000000082300000| Untracked 
|  36|0x0000000082400000, 0x0000000082400000, 0x0000000082500000|  0%| F|  |TAMS 0x0000000082400000, 0x0000000082400000| Untracked 
|  37|0x0000000082500000, 0x0000000082500000, 0x0000000082600000|  0%| F|  |TAMS 0x0000000082500000, 0x0000000082500000| Untracked 
|  38|0x0000000082600000, 0x0000000082600000, 0x0000000082700000|  0%| F|  |TAMS 0x0000000082600000, 0x0000000082600000| Untracked 
|  39|0x0000000082700000, 0x0000000082700000, 0x0000000082800000|  0%| F|  |TAMS 0x0000000082700000, 0x0000000082700000| Untracked 
|  40|0x0000000082800000, 0x0000000082800000, 0x0000000082900000|  0%| F|  |TAMS 0x0000000082800000, 0x0000000082800000| Untracked 
|  41|0x0000000082900000, 0x0000000082900000, 0x0000000082a00000|  0%| F|  |TAMS 0x0000000082900000, 0x0000000082900000| Untracked 
|  42|0x0000000082a00000, 0x0000000082a00000, 0x0000000082b00000|  0%| F|  |TAMS 0x0000000082a00000, 0x0000000082a00000| Untracked 
|  43|0x0000000082b00000, 0x0000000082b00000, 0x0000000082c00000|  0%| F|  |TAMS 0x0000000082b00000, 0x0000000082b00000| Untracked 
|  44|0x0000000082c00000, 0x0000000082c00000, 0x0000000082d00000|  0%| F|  |TAMS 0x0000000082c00000, 0x0000000082c00000| Untracked 
|  45|0x0000000082d00000, 0x0000000082d00000, 0x0000000082e00000|  0%| F|  |TAMS 0x0000000082d00000, 0x0000000082d00000| Untracked 
|  46|0x0000000082e00000, 0x0000000082e00000, 0x0000000082f00000|  0%| F|  |TAMS 0x0000000082e00000, 0x0000000082e00000| Untracked 
|  47|0x0000000082f00000, 0x0000000082f00000, 0x0000000083000000|  0%| F|  |TAMS 0x0000000082f00000, 0x0000000082f00000| Untracked 
|  48|0x0000000083000000, 0x0000000083000000, 0x0000000083100000|  0%| F|  |TAMS 0x0000000083000000, 0x0000000083000000| Untracked 
|  49|0x0000000083100000, 0x0000000083100000, 0x0000000083200000|  0%| F|  |TAMS 0x0000000083100000, 0x0000000083100000| Untracked 
|  50|0x0000000083200000, 0x0000000083200000, 0x0000000083300000|  0%| F|  |TAMS 0x0000000083200000, 0x0000000083200000| Untracked 
|  51|0x0000000083300000, 0x0000000083300000, 0x0000000083400000|  0%| F|  |TAMS 0x0000000083300000, 0x0000000083300000| Untracked 
|  52|0x0000000083400000, 0x0000000083400000, 0x0000000083500000|  0%| F|  |TAMS 0x0000000083400000, 0x0000000083400000| Untracked 
|  53|0x0000000083500000, 0x0000000083500000, 0x0000000083600000|  0%| F|  |TAMS 0x0000000083500000, 0x0000000083500000| Untracked 
|  54|0x0000000083600000, 0x0000000083600000, 0x0000000083700000|  0%| F|  |TAMS 0x0000000083600000, 0x0000000083600000| Untracked 
|  55|0x0000000083700000, 0x0000000083700000, 0x0000000083800000|  0%| F|  |TAMS 0x0000000083700000, 0x0000000083700000| Untracked 
|  56|0x0000000083800000, 0x0000000083800000, 0x0000000083900000|  0%| F|  |TAMS 0x0000000083800000, 0x0000000083800000| Untracked 
|  57|0x0000000083900000, 0x0000000083900000, 0x0000000083a00000|  0%| F|  |TAMS 0x0000000083900000, 0x0000000083900000| Untracked 
|  58|0x0000000083a00000, 0x0000000083a00000, 0x0000000083b00000|  0%| F|  |TAMS 0x0000000083a00000, 0x0000000083a00000| Untracked 
|  59|0x0000000083b00000, 0x0000000083b00000, 0x0000000083c00000|  0%| F|  |TAMS 0x0000000083b00000, 0x0000000083b00000| Untracked 
|  60|0x0000000083c00000, 0x0000000083c00000, 0x0000000083d00000|  0%| F|  |TAMS 0x0000000083c00000, 0x0000000083c00000| Untracked 
|  61|0x0000000083d00000, 0x0000000083d00000, 0x0000000083e00000|  0%| F|  |TAMS 0x0000000083d00000, 0x0000000083d00000| Untracked 
|  62|0x0000000083e00000, 0x0000000083e00000, 0x0000000083f00000|  0%| F|  |TAMS 0x0000000083e00000, 0x0000000083e00000| Untracked 
|  63|0x0000000083f00000, 0x0000000083f00000, 0x0000000084000000|  0%| F|  |TAMS 0x0000000083f00000, 0x0000000083f00000| Untracked 
|  64|0x0000000084000000, 0x0000000084000000, 0x0000000084100000|  0%| F|  |TAMS 0x0000000084000000, 0x0000000084000000| Untracked 
|  65|0x0000000084100000, 0x0000000084100000, 0x0000000084200000|  0%| F|  |TAMS 0x0000000084100000, 0x0000000084100000| Untracked 
|  66|0x0000000084200000, 0x0000000084200000, 0x0000000084300000|  0%| F|  |TAMS 0x0000000084200000, 0x0000000084200000| Untracked 
|  67|0x0000000084300000, 0x0000000084300000, 0x0000000084400000|  0%| F|  |TAMS 0x0000000084300000, 0x0000000084300000| Untracked 
|  68|0x0000000084400000, 0x0000000084400000, 0x0000000084500000|  0%| F|  |TAMS 0x0000000084400000, 0x0000000084400000| Untracked 
|  69|0x0000000084500000, 0x0000000084500000, 0x0000000084600000|  0%| F|  |TAMS 0x0000000084500000, 0x0000000084500000| Untracked 
|  70|0x0000000084600000, 0x0000000084600000, 0x0000000084700000|  0%| F|  |TAMS 0x0000000084600000, 0x0000000084600000| Untracked 
|  71|0x0000000084700000, 0x0000000084700000, 0x0000000084800000|  0%| F|  |TAMS 0x0000000084700000, 0x0000000084700000| Untracked 
|  72|0x0000000084800000, 0x0000000084800000, 0x0000000084900000|  0%| F|  |TAMS 0x0000000084800000, 0x0000000084800000| Untracked 
|  73|0x0000000084900000, 0x0000000084900000, 0x0000000084a00000|  0%| F|  |TAMS 0x0000000084900000, 0x0000000084900000| Untracked 
|  74|0x0000000084a00000, 0x0000000084a00000, 0x0000000084b00000|  0%| F|  |TAMS 0x0000000084a00000, 0x0000000084a00000| Untracked 
|  75|0x0000000084b00000, 0x0000000084b00000, 0x0000000084c00000|  0%| F|  |TAMS 0x0000000084b00000, 0x0000000084b00000| Untracked 
|  76|0x0000000084c00000, 0x0000000084c00000, 0x0000000084d00000|  0%| F|  |TAMS 0x0000000084c00000, 0x0000000084c00000| Untracked 
|  77|0x0000000084d00000, 0x0000000084d00000, 0x0000000084e00000|  0%| F|  |TAMS 0x0000000084d00000, 0x0000000084d00000| Untracked 
|  78|0x0000000084e00000, 0x0000000084e00000, 0x0000000084f00000|  0%| F|  |TAMS 0x0000000084e00000, 0x0000000084e00000| Untracked 
|  79|0x0000000084f00000, 0x0000000084f00000, 0x0000000085000000|  0%| F|  |TAMS 0x0000000084f00000, 0x0000000084f00000| Untracked 
|  80|0x0000000085000000, 0x0000000085000000, 0x0000000085100000|  0%| F|  |TAMS 0x0000000085000000, 0x0000000085000000| Untracked 
|  81|0x0000000085100000, 0x0000000085100000, 0x0000000085200000|  0%| F|  |TAMS 0x0000000085100000, 0x0000000085100000| Untracked 
|  82|0x0000000085200000, 0x0000000085200000, 0x0000000085300000|  0%| F|  |TAMS 0x0000000085200000, 0x0000000085200000| Untracked 
|  83|0x0000000085300000, 0x0000000085300000, 0x0000000085400000|  0%| F|  |TAMS 0x0000000085300000, 0x0000000085300000| Untracked 
|  84|0x0000000085400000, 0x0000000085400000, 0x0000000085500000|  0%| F|  |TAMS 0x0000000085400000, 0x0000000085400000| Untracked 
|  85|0x0000000085500000, 0x0000000085500000, 0x0000000085600000|  0%| F|  |TAMS 0x0000000085500000, 0x0000000085500000| Untracked 
|  86|0x0000000085600000, 0x0000000085600000, 0x0000000085700000|  0%| F|  |TAMS 0x0000000085600000, 0x0000000085600000| Untracked 
|  87|0x0000000085700000, 0x0000000085700000, 0x0000000085800000|  0%| F|  |TAMS 0x0000000085700000, 0x0000000085700000| Untracked 
|  88|0x0000000085800000, 0x0000000085800000, 0x0000000085900000|  0%| F|  |TAMS 0x0000000085800000, 0x0000000085800000| Untracked 
|  89|0x0000000085900000, 0x0000000085900000, 0x0000000085a00000|  0%| F|  |TAMS 0x0000000085900000, 0x0000000085900000| Untracked 
|  90|0x0000000085a00000, 0x0000000085a00000, 0x0000000085b00000|  0%| F|  |TAMS 0x0000000085a00000, 0x0000000085a00000| Untracked 
|  91|0x0000000085b00000, 0x0000000085b00000, 0x0000000085c00000|  0%| F|  |TAMS 0x0000000085b00000, 0x0000000085b00000| Untracked 
|  92|0x0000000085c00000, 0x0000000085c00000, 0x0000000085d00000|  0%| F|  |TAMS 0x0000000085c00000, 0x0000000085c00000| Untracked 
|  93|0x0000000085d00000, 0x0000000085d00000, 0x0000000085e00000|  0%| F|  |TAMS 0x0000000085d00000, 0x0000000085d00000| Untracked 
|  94|0x0000000085e00000, 0x0000000085e00000, 0x0000000085f00000|  0%| F|  |TAMS 0x0000000085e00000, 0x0000000085e00000| Untracked 
|  95|0x0000000085f00000, 0x0000000085f00000, 0x0000000086000000|  0%| F|  |TAMS 0x0000000085f00000, 0x0000000085f00000| Untracked 
|  96|0x0000000086000000, 0x0000000086000000, 0x0000000086100000|  0%| F|  |TAMS 0x0000000086000000, 0x0000000086000000| Untracked 
|  97|0x0000000086100000, 0x0000000086100000, 0x0000000086200000|  0%| F|  |TAMS 0x0000000086100000, 0x0000000086100000| Untracked 
|  98|0x0000000086200000, 0x0000000086200000, 0x0000000086300000|  0%| F|  |TAMS 0x0000000086200000, 0x0000000086200000| Untracked 
|  99|0x0000000086300000, 0x0000000086300000, 0x0000000086400000|  0%| F|  |TAMS 0x0000000086300000, 0x0000000086300000| Untracked 
| 100|0x0000000086400000, 0x0000000086400000, 0x0000000086500000|  0%| F|  |TAMS 0x0000000086400000, 0x0000000086400000| Untracked 
| 101|0x0000000086500000, 0x0000000086500000, 0x0000000086600000|  0%| F|  |TAMS 0x0000000086500000, 0x0000000086500000| Untracked 
| 102|0x0000000086600000, 0x0000000086600000, 0x0000000086700000|  0%| F|  |TAMS 0x0000000086600000, 0x0000000086600000| Untracked 
| 103|0x0000000086700000, 0x0000000086700000, 0x0000000086800000|  0%| F|  |TAMS 0x0000000086700000, 0x0000000086700000| Untracked 
| 104|0x0000000086800000, 0x0000000086800000, 0x0000000086900000|  0%| F|  |TAMS 0x0000000086800000, 0x0000000086800000| Untracked 
| 105|0x0000000086900000, 0x0000000086900000, 0x0000000086a00000|  0%| F|  |TAMS 0x0000000086900000, 0x0000000086900000| Untracked 
| 106|0x0000000086a00000, 0x0000000086a00000, 0x0000000086b00000|  0%| F|  |TAMS 0x0000000086a00000, 0x0000000086a00000| Untracked 
| 107|0x0000000086b00000, 0x0000000086b00000, 0x0000000086c00000|  0%| F|  |TAMS 0x0000000086b00000, 0x0000000086b00000| Untracked 
| 108|0x0000000086c00000, 0x0000000086c00000, 0x0000000086d00000|  0%| F|  |TAMS 0x0000000086c00000, 0x0000000086c00000| Untracked 
| 109|0x0000000086d00000, 0x0000000086d00000, 0x0000000086e00000|  0%| F|  |TAMS 0x0000000086d00000, 0x0000000086d00000| Untracked 
| 110|0x0000000086e00000, 0x0000000086e00000, 0x0000000086f00000|  0%| F|  |TAMS 0x0000000086e00000, 0x0000000086e00000| Untracked 
| 111|0x0000000086f00000, 0x0000000086f00000, 0x0000000087000000|  0%| F|  |TAMS 0x0000000086f00000, 0x0000000086f00000| Untracked 
| 112|0x0000000087000000, 0x0000000087000000, 0x0000000087100000|  0%| F|  |TAMS 0x0000000087000000, 0x0000000087000000| Untracked 
| 113|0x0000000087100000, 0x0000000087100000, 0x0000000087200000|  0%| F|  |TAMS 0x0000000087100000, 0x0000000087100000| Untracked 
| 114|0x0000000087200000, 0x0000000087200000, 0x0000000087300000|  0%| F|  |TAMS 0x0000000087200000, 0x0000000087200000| Untracked 
| 115|0x0000000087300000, 0x0000000087300000, 0x0000000087400000|  0%| F|  |TAMS 0x0000000087300000, 0x0000000087300000| Untracked 
| 116|0x0000000087400000, 0x0000000087400000, 0x0000000087500000|  0%| F|  |TAMS 0x0000000087400000, 0x0000000087400000| Untracked 
| 117|0x0000000087500000, 0x0000000087500000, 0x0000000087600000|  0%| F|  |TAMS 0x0000000087500000, 0x0000000087500000| Untracked 
| 118|0x0000000087600000, 0x0000000087600000, 0x0000000087700000|  0%| F|  |TAMS 0x0000000087600000, 0x0000000087600000| Untracked 
| 119|0x0000000087700000, 0x0000000087700000, 0x0000000087800000|  0%| F|  |TAMS 0x0000000087700000, 0x0000000087700000| Untracked 
| 120|0x0000000087800000, 0x0000000087800000, 0x0000000087900000|  0%| F|  |TAMS 0x0000000087800000, 0x0000000087800000| Untracked 
| 121|0x0000000087900000, 0x0000000087900000, 0x0000000087a00000|  0%| F|  |TAMS 0x0000000087900000, 0x0000000087900000| Untracked 
| 122|0x0000000087a00000, 0x0000000087a00000, 0x0000000087b00000|  0%| F|  |TAMS 0x0000000087a00000, 0x0000000087a00000| Untracked 
| 123|0x0000000087b00000, 0x0000000087b00000, 0x0000000087c00000|  0%| F|  |TAMS 0x0000000087b00000, 0x0000000087b00000| Untracked 
| 124|0x0000000087c00000, 0x0000000087c00000, 0x0000000087d00000|  0%| F|  |TAMS 0x0000000087c00000, 0x0000000087c00000| Untracked 
| 125|0x0000000087d00000, 0x0000000087d00000, 0x0000000087e00000|  0%| F|  |TAMS 0x0000000087d00000, 0x0000000087d00000| Untracked 
| 126|0x0000000087e00000, 0x0000000087e00000, 0x0000000087f00000|  0%| F|  |TAMS 0x0000000087e00000, 0x0000000087e00000| Untracked 
| 127|0x0000000087f00000, 0x0000000087f00000, 0x0000000088000000|  0%| F|  |TAMS 0x0000000087f00000, 0x0000000087f00000| Untracked 
| 128|0x0000000088000000, 0x0000000088000000, 0x0000000088100000|  0%| F|  |TAMS 0x0000000088000000, 0x0000000088000000| Untracked 
| 129|0x0000000088100000, 0x0000000088100000, 0x0000000088200000|  0%| F|  |TAMS 0x0000000088100000, 0x0000000088100000| Untracked 
| 130|0x0000000088200000, 0x0000000088200000, 0x0000000088300000|  0%| F|  |TAMS 0x0000000088200000, 0x0000000088200000| Untracked 
| 131|0x0000000088300000, 0x0000000088300000, 0x0000000088400000|  0%| F|  |TAMS 0x0000000088300000, 0x0000000088300000| Untracked 
| 132|0x0000000088400000, 0x0000000088400000, 0x0000000088500000|  0%| F|  |TAMS 0x0000000088400000, 0x0000000088400000| Untracked 
| 133|0x0000000088500000, 0x0000000088500000, 0x0000000088600000|  0%| F|  |TAMS 0x0000000088500000, 0x0000000088500000| Untracked 
| 134|0x0000000088600000, 0x0000000088600000, 0x0000000088700000|  0%| F|  |TAMS 0x0000000088600000, 0x0000000088600000| Untracked 
| 135|0x0000000088700000, 0x0000000088700000, 0x0000000088800000|  0%| F|  |TAMS 0x0000000088700000, 0x0000000088700000| Untracked 
| 136|0x0000000088800000, 0x0000000088800000, 0x0000000088900000|  0%| F|  |TAMS 0x0000000088800000, 0x0000000088800000| Untracked 
| 137|0x0000000088900000, 0x0000000088900000, 0x0000000088a00000|  0%| F|  |TAMS 0x0000000088900000, 0x0000000088900000| Untracked 
| 138|0x0000000088a00000, 0x0000000088a00000, 0x0000000088b00000|  0%| F|  |TAMS 0x0000000088a00000, 0x0000000088a00000| Untracked 
| 139|0x0000000088b00000, 0x0000000088b00000, 0x0000000088c00000|  0%| F|  |TAMS 0x0000000088b00000, 0x0000000088b00000| Untracked 
| 140|0x0000000088c00000, 0x0000000088c00000, 0x0000000088d00000|  0%| F|  |TAMS 0x0000000088c00000, 0x0000000088c00000| Untracked 
| 141|0x0000000088d00000, 0x0000000088d00000, 0x0000000088e00000|  0%| F|  |TAMS 0x0000000088d00000, 0x0000000088d00000| Untracked 
| 142|0x0000000088e00000, 0x0000000088e00000, 0x0000000088f00000|  0%| F|  |TAMS 0x0000000088e00000, 0x0000000088e00000| Untracked 
| 143|0x0000000088f00000, 0x0000000088f00000, 0x0000000089000000|  0%| F|  |TAMS 0x0000000088f00000, 0x0000000088f00000| Untracked 
| 144|0x0000000089000000, 0x0000000089000000, 0x0000000089100000|  0%| F|  |TAMS 0x0000000089000000, 0x0000000089000000| Untracked 
| 145|0x0000000089100000, 0x0000000089100000, 0x0000000089200000|  0%| F|  |TAMS 0x0000000089100000, 0x0000000089100000| Untracked 
| 146|0x0000000089200000, 0x0000000089200000, 0x0000000089300000|  0%| F|  |TAMS 0x0000000089200000, 0x0000000089200000| Untracked 
| 147|0x0000000089300000, 0x0000000089300000, 0x0000000089400000|  0%| F|  |TAMS 0x0000000089300000, 0x0000000089300000| Untracked 
| 148|0x0000000089400000, 0x0000000089400000, 0x0000000089500000|  0%| F|  |TAMS 0x0000000089400000, 0x0000000089400000| Untracked 
| 149|0x0000000089500000, 0x0000000089500000, 0x0000000089600000|  0%| F|  |TAMS 0x0000000089500000, 0x0000000089500000| Untracked 
| 150|0x0000000089600000, 0x0000000089600000, 0x0000000089700000|  0%| F|  |TAMS 0x0000000089600000, 0x0000000089600000| Untracked 
| 151|0x0000000089700000, 0x0000000089700000, 0x0000000089800000|  0%| F|  |TAMS 0x0000000089700000, 0x0000000089700000| Untracked 
| 152|0x0000000089800000, 0x0000000089800000, 0x0000000089900000|  0%| F|  |TAMS 0x0000000089800000, 0x0000000089800000| Untracked 
| 153|0x0000000089900000, 0x0000000089900000, 0x0000000089a00000|  0%| F|  |TAMS 0x0000000089900000, 0x0000000089900000| Untracked 
| 154|0x0000000089a00000, 0x0000000089a00000, 0x0000000089b00000|  0%| F|  |TAMS 0x0000000089a00000, 0x0000000089a00000| Untracked 
| 155|0x0000000089b00000, 0x0000000089b00000, 0x0000000089c00000|  0%| F|  |TAMS 0x0000000089b00000, 0x0000000089b00000| Untracked 
| 156|0x0000000089c00000, 0x0000000089c00000, 0x0000000089d00000|  0%| F|  |TAMS 0x0000000089c00000, 0x0000000089c00000| Untracked 
| 157|0x0000000089d00000, 0x0000000089d00000, 0x0000000089e00000|  0%| F|  |TAMS 0x0000000089d00000, 0x0000000089d00000| Untracked 
| 158|0x0000000089e00000, 0x0000000089e00000, 0x0000000089f00000|  0%| F|  |TAMS 0x0000000089e00000, 0x0000000089e00000| Untracked 
| 159|0x0000000089f00000, 0x0000000089f00000, 0x000000008a000000|  0%| F|  |TAMS 0x0000000089f00000, 0x0000000089f00000| Untracked 
| 160|0x000000008a000000, 0x000000008a000000, 0x000000008a100000|  0%| F|  |TAMS 0x000000008a000000, 0x000000008a000000| Untracked 
| 161|0x000000008a100000, 0x000000008a100000, 0x000000008a200000|  0%| F|  |TAMS 0x000000008a100000, 0x000000008a100000| Untracked 
| 162|0x000000008a200000, 0x000000008a200000, 0x000000008a300000|  0%| F|  |TAMS 0x000000008a200000, 0x000000008a200000| Untracked 
| 163|0x000000008a300000, 0x000000008a300000, 0x000000008a400000|  0%| F|  |TAMS 0x000000008a300000, 0x000000008a300000| Untracked 
| 164|0x000000008a400000, 0x000000008a400000, 0x000000008a500000|  0%| F|  |TAMS 0x000000008a400000, 0x000000008a400000| Untracked 
| 165|0x000000008a500000, 0x000000008a500000, 0x000000008a600000|  0%| F|  |TAMS 0x000000008a500000, 0x000000008a500000| Untracked 
| 166|0x000000008a600000, 0x000000008a600000, 0x000000008a700000|  0%| F|  |TAMS 0x000000008a600000, 0x000000008a600000| Untracked 
| 167|0x000000008a700000, 0x000000008a700000, 0x000000008a800000|  0%| F|  |TAMS 0x000000008a700000, 0x000000008a700000| Untracked 
| 168|0x000000008a800000, 0x000000008a800000, 0x000000008a900000|  0%| F|  |TAMS 0x000000008a800000, 0x000000008a800000| Untracked 
| 169|0x000000008a900000, 0x000000008a900000, 0x000000008aa00000|  0%| F|  |TAMS 0x000000008a900000, 0x000000008a900000| Untracked 
| 170|0x000000008aa00000, 0x000000008aa00000, 0x000000008ab00000|  0%| F|  |TAMS 0x000000008aa00000, 0x000000008aa00000| Untracked 
| 171|0x000000008ab00000, 0x000000008ab00000, 0x000000008ac00000|  0%| F|  |TAMS 0x000000008ab00000, 0x000000008ab00000| Untracked 
| 172|0x000000008ac00000, 0x000000008ac00000, 0x000000008ad00000|  0%| F|  |TAMS 0x000000008ac00000, 0x000000008ac00000| Untracked 
| 173|0x000000008ad00000, 0x000000008ad80800, 0x000000008ae00000| 50%| E|  |TAMS 0x000000008ad00000, 0x000000008ad00000| Complete 
| 174|0x000000008ae00000, 0x000000008af00000, 0x000000008af00000|100%| E|CS|TAMS 0x000000008ae00000, 0x000000008ae00000| Complete 
| 175|0x000000008af00000, 0x000000008b000000, 0x000000008b000000|100%| E|CS|TAMS 0x000000008af00000, 0x000000008af00000| Complete 
| 176|0x000000008b000000, 0x000000008b100000, 0x000000008b100000|100%| E|CS|TAMS 0x000000008b000000, 0x000000008b000000| Complete 
| 177|0x000000008b100000, 0x000000008b200000, 0x000000008b200000|100%| E|CS|TAMS 0x000000008b100000, 0x000000008b100000| Complete 
| 178|0x000000008b200000, 0x000000008b300000, 0x000000008b300000|100%| E|CS|TAMS 0x000000008b200000, 0x000000008b200000| Complete 
| 179|0x000000008b300000, 0x000000008b400000, 0x000000008b400000|100%| E|CS|TAMS 0x000000008b300000, 0x000000008b300000| Complete 
| 180|0x000000008b400000, 0x000000008b500000, 0x000000008b500000|100%| E|CS|TAMS 0x000000008b400000, 0x000000008b400000| Complete 
| 181|0x000000008b500000, 0x000000008b600000, 0x000000008b600000|100%| E|CS|TAMS 0x000000008b500000, 0x000000008b500000| Complete 
| 182|0x000000008b600000, 0x000000008b700000, 0x000000008b700000|100%| E|CS|TAMS 0x000000008b600000, 0x000000008b600000| Complete 
| 183|0x000000008b700000, 0x000000008b800000, 0x000000008b800000|100%| E|CS|TAMS 0x000000008b700000, 0x000000008b700000| Complete 
| 184|0x000000008b800000, 0x000000008b900000, 0x000000008b900000|100%| E|CS|TAMS 0x000000008b800000, 0x000000008b800000| Complete 
| 185|0x000000008b900000, 0x000000008ba00000, 0x000000008ba00000|100%| E|CS|TAMS 0x000000008b900000, 0x000000008b900000| Complete 
| 186|0x000000008ba00000, 0x000000008bb00000, 0x000000008bb00000|100%| E|CS|TAMS 0x000000008ba00000, 0x000000008ba00000| Complete 
| 187|0x000000008bb00000, 0x000000008bc00000, 0x000000008bc00000|100%| E|CS|TAMS 0x000000008bb00000, 0x000000008bb00000| Complete 
| 188|0x000000008bc00000, 0x000000008bd00000, 0x000000008bd00000|100%| E|CS|TAMS 0x000000008bc00000, 0x000000008bc00000| Complete 
| 189|0x000000008bd00000, 0x000000008be00000, 0x000000008be00000|100%| E|CS|TAMS 0x000000008bd00000, 0x000000008bd00000| Complete 
| 190|0x000000008be00000, 0x000000008bf00000, 0x000000008bf00000|100%| E|CS|TAMS 0x000000008be00000, 0x000000008be00000| Complete 
| 191|0x000000008bf00000, 0x000000008c000000, 0x000000008c000000|100%| E|CS|TAMS 0x000000008bf00000, 0x000000008bf00000| Complete 
| 192|0x000000008c000000, 0x000000008c100000, 0x000000008c100000|100%| E|CS|TAMS 0x000000008c000000, 0x000000008c000000| Complete 
| 193|0x000000008c100000, 0x000000008c200000, 0x000000008c200000|100%| E|CS|TAMS 0x000000008c100000, 0x000000008c100000| Complete 
| 194|0x000000008c200000, 0x000000008c300000, 0x000000008c300000|100%| E|CS|TAMS 0x000000008c200000, 0x000000008c200000| Complete 
| 195|0x000000008c300000, 0x000000008c400000, 0x000000008c400000|100%| E|CS|TAMS 0x000000008c300000, 0x000000008c300000| Complete 
| 196|0x000000008c400000, 0x000000008c500000, 0x000000008c500000|100%| E|CS|TAMS 0x000000008c400000, 0x000000008c400000| Complete 
| 197|0x000000008c500000, 0x000000008c600000, 0x000000008c600000|100%| E|CS|TAMS 0x000000008c500000, 0x000000008c500000| Complete 
| 198|0x000000008c600000, 0x000000008c700000, 0x000000008c700000|100%| E|CS|TAMS 0x000000008c600000, 0x000000008c600000| Complete 
| 199|0x000000008c700000, 0x000000008c800000, 0x000000008c800000|100%| E|CS|TAMS 0x000000008c700000, 0x000000008c700000| Complete 
| 200|0x000000008c800000, 0x000000008c900000, 0x000000008c900000|100%| E|CS|TAMS 0x000000008c800000, 0x000000008c800000| Complete 
| 201|0x000000008c900000, 0x000000008ca00000, 0x000000008ca00000|100%| E|CS|TAMS 0x000000008c900000, 0x000000008c900000| Complete 
| 202|0x000000008ca00000, 0x000000008cb00000, 0x000000008cb00000|100%| E|CS|TAMS 0x000000008ca00000, 0x000000008ca00000| Complete 
| 203|0x000000008cb00000, 0x000000008cc00000, 0x000000008cc00000|100%| E|CS|TAMS 0x000000008cb00000, 0x000000008cb00000| Complete 
| 204|0x000000008cc00000, 0x000000008cd00000, 0x000000008cd00000|100%| E|CS|TAMS 0x000000008cc00000, 0x000000008cc00000| Complete 
| 205|0x000000008cd00000, 0x000000008ce00000, 0x000000008ce00000|100%| E|CS|TAMS 0x000000008cd00000, 0x000000008cd00000| Complete 
| 206|0x000000008ce00000, 0x000000008cf00000, 0x000000008cf00000|100%| E|CS|TAMS 0x000000008ce00000, 0x000000008ce00000| Complete 
| 207|0x000000008cf00000, 0x000000008d000000, 0x000000008d000000|100%| E|CS|TAMS 0x000000008cf00000, 0x000000008cf00000| Complete 
| 208|0x000000008d000000, 0x000000008d100000, 0x000000008d100000|100%| E|CS|TAMS 0x000000008d000000, 0x000000008d000000| Complete 
| 209|0x000000008d100000, 0x000000008d200000, 0x000000008d200000|100%| E|CS|TAMS 0x000000008d100000, 0x000000008d100000| Complete 
| 210|0x000000008d200000, 0x000000008d300000, 0x000000008d300000|100%| E|CS|TAMS 0x000000008d200000, 0x000000008d200000| Complete 
| 211|0x000000008d300000, 0x000000008d400000, 0x000000008d400000|100%| E|CS|TAMS 0x000000008d300000, 0x000000008d300000| Complete 
| 212|0x000000008d400000, 0x000000008d500000, 0x000000008d500000|100%| E|CS|TAMS 0x000000008d400000, 0x000000008d400000| Complete 
| 213|0x000000008d500000, 0x000000008d600000, 0x000000008d600000|100%| E|CS|TAMS 0x000000008d500000, 0x000000008d500000| Complete 
| 214|0x000000008d600000, 0x000000008d700000, 0x000000008d700000|100%| E|CS|TAMS 0x000000008d600000, 0x000000008d600000| Complete 
| 215|0x000000008d700000, 0x000000008d800000, 0x000000008d800000|100%| E|CS|TAMS 0x000000008d700000, 0x000000008d700000| Complete 
| 216|0x000000008d800000, 0x000000008d900000, 0x000000008d900000|100%| E|CS|TAMS 0x000000008d800000, 0x000000008d800000| Complete 
| 217|0x000000008d900000, 0x000000008da00000, 0x000000008da00000|100%| E|CS|TAMS 0x000000008d900000, 0x000000008d900000| Complete 
| 218|0x000000008da00000, 0x000000008db00000, 0x000000008db00000|100%| E|CS|TAMS 0x000000008da00000, 0x000000008da00000| Complete 
| 219|0x000000008db00000, 0x000000008dc00000, 0x000000008dc00000|100%| E|CS|TAMS 0x000000008db00000, 0x000000008db00000| Complete 
| 220|0x000000008dc00000, 0x000000008dd00000, 0x000000008dd00000|100%| E|CS|TAMS 0x000000008dc00000, 0x000000008dc00000| Complete 
| 221|0x000000008dd00000, 0x000000008de00000, 0x000000008de00000|100%| E|CS|TAMS 0x000000008dd00000, 0x000000008dd00000| Complete 
| 222|0x000000008de00000, 0x000000008df00000, 0x000000008df00000|100%| E|CS|TAMS 0x000000008de00000, 0x000000008de00000| Complete 
| 223|0x000000008df00000, 0x000000008e000000, 0x000000008e000000|100%| E|CS|TAMS 0x000000008df00000, 0x000000008df00000| Complete 
| 224|0x000000008e000000, 0x000000008e100000, 0x000000008e100000|100%| E|CS|TAMS 0x000000008e000000, 0x000000008e000000| Complete 
| 225|0x000000008e100000, 0x000000008e200000, 0x000000008e200000|100%| E|CS|TAMS 0x000000008e100000, 0x000000008e100000| Complete 
| 226|0x000000008e200000, 0x000000008e300000, 0x000000008e300000|100%| E|CS|TAMS 0x000000008e200000, 0x000000008e200000| Complete 
| 227|0x000000008e300000, 0x000000008e400000, 0x000000008e400000|100%| E|CS|TAMS 0x000000008e300000, 0x000000008e300000| Complete 
| 228|0x000000008e400000, 0x000000008e500000, 0x000000008e500000|100%| E|CS|TAMS 0x000000008e400000, 0x000000008e400000| Complete 
| 229|0x000000008e500000, 0x000000008e600000, 0x000000008e600000|100%| E|CS|TAMS 0x000000008e500000, 0x000000008e500000| Complete 
| 230|0x000000008e600000, 0x000000008e700000, 0x000000008e700000|100%| E|CS|TAMS 0x000000008e600000, 0x000000008e600000| Complete 
| 231|0x000000008e700000, 0x000000008e800000, 0x000000008e800000|100%| E|CS|TAMS 0x000000008e700000, 0x000000008e700000| Complete 
| 232|0x000000008e800000, 0x000000008e900000, 0x000000008e900000|100%| E|CS|TAMS 0x000000008e800000, 0x000000008e800000| Complete 
| 233|0x000000008e900000, 0x000000008ea00000, 0x000000008ea00000|100%| E|CS|TAMS 0x000000008e900000, 0x000000008e900000| Complete 
| 234|0x000000008ea00000, 0x000000008eb00000, 0x000000008eb00000|100%| E|CS|TAMS 0x000000008ea00000, 0x000000008ea00000| Complete 
| 235|0x000000008eb00000, 0x000000008ec00000, 0x000000008ec00000|100%| E|CS|TAMS 0x000000008eb00000, 0x000000008eb00000| Complete 
| 236|0x000000008ec00000, 0x000000008ed00000, 0x000000008ed00000|100%| E|CS|TAMS 0x000000008ec00000, 0x000000008ec00000| Complete 
| 237|0x000000008ed00000, 0x000000008ee00000, 0x000000008ee00000|100%| E|CS|TAMS 0x000000008ed00000, 0x000000008ed00000| Complete 
| 238|0x000000008ee00000, 0x000000008eeca760, 0x000000008ef00000| 79%| S|CS|TAMS 0x000000008ee00000, 0x000000008ee00000| Complete 
| 239|0x000000008ef00000, 0x000000008f000000, 0x000000008f000000|100%| E|CS|TAMS 0x000000008ef00000, 0x000000008ef00000| Complete 
| 240|0x000000008f000000, 0x000000008f100000, 0x000000008f100000|100%| E|CS|TAMS 0x000000008f000000, 0x000000008f000000| Complete 
| 241|0x000000008f100000, 0x000000008f200000, 0x000000008f200000|100%| E|CS|TAMS 0x000000008f100000, 0x000000008f100000| Complete 
| 242|0x000000008f200000, 0x000000008f300000, 0x000000008f300000|100%| E|CS|TAMS 0x000000008f200000, 0x000000008f200000| Complete 
| 243|0x000000008f300000, 0x000000008f400000, 0x000000008f400000|100%| E|CS|TAMS 0x000000008f300000, 0x000000008f300000| Complete 
| 244|0x000000008f400000, 0x000000008f500000, 0x000000008f500000|100%| E|CS|TAMS 0x000000008f400000, 0x000000008f400000| Complete 
| 245|0x000000008f500000, 0x000000008f600000, 0x000000008f600000|100%| E|CS|TAMS 0x000000008f500000, 0x000000008f500000| Complete 
| 246|0x000000008f600000, 0x000000008f700000, 0x000000008f700000|100%| E|CS|TAMS 0x000000008f600000, 0x000000008f600000| Complete 
| 247|0x000000008f700000, 0x000000008f800000, 0x000000008f800000|100%| E|CS|TAMS 0x000000008f700000, 0x000000008f700000| Complete 
| 248|0x000000008f800000, 0x000000008f900000, 0x000000008f900000|100%| E|CS|TAMS 0x000000008f800000, 0x000000008f800000| Complete 
| 249|0x000000008f900000, 0x000000008fa00000, 0x000000008fa00000|100%| E|CS|TAMS 0x000000008f900000, 0x000000008f900000| Complete 
| 250|0x000000008fa00000, 0x000000008fb00000, 0x000000008fb00000|100%| E|CS|TAMS 0x000000008fa00000, 0x000000008fa00000| Complete 
| 251|0x000000008fb00000, 0x000000008fc00000, 0x000000008fc00000|100%| E|CS|TAMS 0x000000008fb00000, 0x000000008fb00000| Complete 
| 252|0x000000008fc00000, 0x000000008fd00000, 0x000000008fd00000|100%| E|CS|TAMS 0x000000008fc00000, 0x000000008fc00000| Complete 
| 253|0x000000008fd00000, 0x000000008fe00000, 0x000000008fe00000|100%| E|CS|TAMS 0x000000008fd00000, 0x000000008fd00000| Complete 

Card table byte_map: [0x00000126ed020000,0x00000126ed420000] _byte_map_base: 0x00000126ecc20000

Marking Bits (Prev, Next): (CMBitMap*) 0x00000126d94df660, (CMBitMap*) 0x00000126d94df628
 Prev Bits: [0x00000126ef820000, 0x00000126f1820000)
 Next Bits: [0x00000126ed820000, 0x00000126ef820000)

Polling page: 0x00000126d7a80000

Metaspace:

Usage:
  Non-class:     25.68 MB capacity,    25.25 MB ( 98%) used,   375.27 KB (  1%) free+waste,    60.56 KB ( <1%) overhead. 
      Class:      4.17 MB capacity,     3.91 MB ( 94%) used,   235.93 KB (  6%) free+waste,    30.56 KB ( <1%) overhead. 
       Both:     29.85 MB capacity,    29.16 MB ( 98%) used,   611.20 KB (  2%) free+waste,    91.13 KB ( <1%) overhead. 

Virtual space:
  Non-class space:       26.00 MB reserved,      25.75 MB (>99%) committed 
      Class space:        1.00 GB reserved,       4.25 MB ( <1%) committed 
             Both:        1.03 GB reserved,      30.00 MB (  3%) committed 

Chunk freelists:
   Non-Class:  9.00 KB
       Class:  16.00 KB
        Both:  25.00 KB

MaxMetaspaceSize: 17179869184.00 GB
CompressedClassSpaceSize: 1.00 GB

CodeHeap 'non-profiled nmethods': size=120000Kb used=1350Kb max_used=1350Kb free=118650Kb
 bounds [0x00000126e4a70000, 0x00000126e4ce0000, 0x00000126ebfa0000]
CodeHeap 'profiled nmethods': size=120000Kb used=5351Kb max_used=5351Kb free=114648Kb
 bounds [0x00000126dd540000, 0x00000126dda80000, 0x00000126e4a70000]
CodeHeap 'non-nmethods': size=5760Kb used=1164Kb max_used=1208Kb free=4595Kb
 bounds [0x00000126dcfa0000, 0x00000126dd210000, 0x00000126dd540000]
 total_blobs=2998 nmethods=2490 adapters=419
 compilation: enabled
              stopped_count=0, restarted_count=0
 full_count=0

Compilation events (20 events):
Event: 2.567 Thread 0x00000126f4e02000 nmethod 2451 0x00000126dda64e90 code [0x00000126dda65060, 0x00000126dda652c8]
Event: 2.567 Thread 0x00000126f4e02000 2452       3       sun.reflect.annotation.AnnotationParser::annotationForMap (16 bytes)
Event: 2.567 Thread 0x00000126f4e02000 nmethod 2452 0x00000126dda65410 code [0x00000126dda655e0, 0x00000126dda659c8]
Event: 2.568 Thread 0x00000126f4e02000 2453       3       java.lang.reflect.ProxyGenerator::addProxyMethod (233 bytes)
Event: 2.570 Thread 0x00000126f4e02000 nmethod 2453 0x00000126dda65b10 code [0x00000126dda65ee0, 0x00000126dda67a28]
Event: 2.570 Thread 0x00000126f4e02000 2455       3       java.lang.PublicMethods$MethodList::filter (104 bytes)
Event: 2.571 Thread 0x00000126f4e02000 nmethod 2455 0x00000126dda68310 code [0x00000126dda68580, 0x00000126dda690f8]
Event: 2.572 Thread 0x00000126f4e02000 2454       3       java.lang.Class::getMethodsRecursive (99 bytes)
Event: 2.572 Thread 0x00000126f4e02000 nmethod 2454 0x00000126dda69610 code [0x00000126dda69840, 0x00000126dda69dc8]
Event: 2.572 Thread 0x00000126f4e02000 2456       3       java.util.AbstractCollection::toArray (70 bytes)
Event: 2.573 Thread 0x00000126f4e02000 nmethod 2456 0x00000126dda6a110 code [0x00000126dda6a360, 0x00000126dda6ac88]
Event: 2.573 Thread 0x00000126f4e02000 2457       3       java.util.ArrayList::addAll (76 bytes)
Event: 2.573 Thread 0x00000126f4e02000 nmethod 2457 0x00000126dda6af10 code [0x00000126dda6b120, 0x00000126dda6b718]
Event: 2.578 Thread 0x00000126f7bad000 2458       4       java.util.jar.Attributes::getValue (9 bytes)
Event: 2.584 Thread 0x00000126f4e02000 2459       3       java.lang.invoke.Invokers::checkCustomized (23 bytes)
Event: 2.584 Thread 0x00000126f7bad000 nmethod 2458 0x00000126e4bbc990 code [0x00000126e4bbcb60, 0x00000126e4bbce48]
Event: 2.584 Thread 0x00000126f4e02000 nmethod 2459 0x00000126dda6b990 code [0x00000126dda6bb60, 0x00000126dda6bd28]
Event: 2.586 Thread 0x00000126f4e02000 2460       3       jdk.internal.org.objectweb.asm.MethodVisitor::visitFieldInsn (20 bytes)
Event: 2.586 Thread 0x00000126f4e02000 nmethod 2460 0x00000126dda6be10 code [0x00000126dda6bfc0, 0x00000126dda6c1a8]
Event: 2.590 Thread 0x00000126f62b7000 2461       4       java.util.jar.JarFile::getVersionedEntry (85 bytes)

GC Heap History (6 events):
Event: 0.510 GC heap before
{Heap before GC invocations=0 (full 0):
 garbage-first heap   total 260096K, used 29696K [0x0000000080000000, 0x0000000100000000)
  region size 1024K, 24 young (24576K), 0 survivors (0K)
 Metaspace       used 9860K, capacity 10050K, committed 10112K, reserved 1058816K
  class space    used 1028K, capacity 1102K, committed 1152K, reserved 1048576K
}
Event: 0.513 GC heap after
{Heap after GC invocations=1 (full 0):
 garbage-first heap   total 260096K, used 9269K [0x0000000080000000, 0x0000000100000000)
  region size 1024K, 3 young (3072K), 3 survivors (3072K)
 Metaspace       used 9860K, capacity 10050K, committed 10112K, reserved 1058816K
  class space    used 1028K, capacity 1102K, committed 1152K, reserved 1048576K
}
Event: 1.797 GC heap before
{Heap before GC invocations=1 (full 0):
 garbage-first heap   total 260096K, used 107573K [0x0000000080000000, 0x0000000100000000)
  region size 1024K, 100 young (102400K), 3 survivors (3072K)
 Metaspace       used 20656K, capacity 21072K, committed 21248K, reserved 1067008K
  class space    used 2535K, capacity 2692K, committed 2816K, reserved 1048576K
}
Event: 1.806 GC heap after
{Heap after GC invocations=2 (full 0):
 garbage-first heap   total 260096K, used 16866K [0x0000000080000000, 0x0000000100000000)
  region size 1024K, 11 young (11264K), 11 survivors (11264K)
 Metaspace       used 20656K, capacity 21072K, committed 21248K, reserved 1067008K
  class space    used 2535K, capacity 2692K, committed 2816K, reserved 1048576K
}
Event: 1.919 GC heap before
{Heap before GC invocations=3 (full 0):
 garbage-first heap   total 260096K, used 32226K [0x0000000080000000, 0x0000000100000000)
  region size 1024K, 26 young (26624K), 11 survivors (11264K)
 Metaspace       used 22248K, capacity 22711K, committed 22784K, reserved 1069056K
  class space    used 2817K, capacity 3010K, committed 3072K, reserved 1048576K
}
Event: 1.924 GC heap after
{Heap after GC invocations=4 (full 0):
 garbage-first heap   total 260096K, used 17466K [0x0000000080000000, 0x0000000100000000)
  region size 1024K, 1 young (1024K), 1 survivors (1024K)
 Metaspace       used 22248K, capacity 22711K, committed 22784K, reserved 1069056K
  class space    used 2817K, capacity 3010K, committed 3072K, reserved 1048576K
}

Deoptimization events (20 events):
Event: 2.175 Thread 0x00000126f61cd800 Uncommon trap: trap_request=0xffffff4d fr.pc=0x00000126e4b1fb7c relative=0x000000000000143c
Event: 2.175 Thread 0x00000126f61cd800 Uncommon trap: reason=unstable_if action=reinterpret pc=0x00000126e4b1fb7c method=java.util.concurrent.ConcurrentHashMap.putVal(Ljava/lang/Object;Ljava/lang/Object;Z)Ljava/lang/Object; @ 231 c2
Event: 2.175 Thread 0x00000126f61cd800 DEOPT PACKING pc=0x00000126e4b1fb7c sp=0x00000003b2afc8b0
Event: 2.175 Thread 0x00000126f61cd800 DEOPT UNPACKING pc=0x00000126dcfc662f sp=0x00000003b2afc830 mode 2
Event: 2.189 Thread 0x00000126f61cd800 Uncommon trap: trap_request=0xffffffde fr.pc=0x00000126e4b86a5c relative=0x000000000000031c
Event: 2.189 Thread 0x00000126f61cd800 Uncommon trap: reason=class_check action=maybe_recompile pc=0x00000126e4b86a5c method=java.util.Collections$SetFromMap.remove(Ljava/lang/Object;)Z @ 5 c2
Event: 2.189 Thread 0x00000126f61cd800 DEOPT PACKING pc=0x00000126e4b86a5c sp=0x00000003b2afc8a0
Event: 2.189 Thread 0x00000126f61cd800 DEOPT UNPACKING pc=0x00000126dcfc662f sp=0x00000003b2afc888 mode 2
Event: 2.189 Thread 0x00000126f61cd800 Uncommon trap: trap_request=0xffffffde fr.pc=0x00000126e4b86a5c relative=0x000000000000031c
Event: 2.189 Thread 0x00000126f61cd800 Uncommon trap: reason=class_check action=maybe_recompile pc=0x00000126e4b86a5c method=java.util.Collections$SetFromMap.remove(Ljava/lang/Object;)Z @ 5 c2
Event: 2.189 Thread 0x00000126f61cd800 DEOPT PACKING pc=0x00000126e4b86a5c sp=0x00000003b2afc830
Event: 2.189 Thread 0x00000126f61cd800 DEOPT UNPACKING pc=0x00000126dcfc662f sp=0x00000003b2afc818 mode 2
Event: 2.345 Thread 0x00000126f61cd800 Uncommon trap: trap_request=0xffffff4d fr.pc=0x00000126e4b594cc relative=0x000000000000020c
Event: 2.345 Thread 0x00000126f61cd800 Uncommon trap: reason=unstable_if action=reinterpret pc=0x00000126e4b594cc method=java.util.HashMap.hash(Ljava/lang/Object;)I @ 1 c2
Event: 2.345 Thread 0x00000126f61cd800 DEOPT PACKING pc=0x00000126e4b594cc sp=0x00000003b2af9200
Event: 2.345 Thread 0x00000126f61cd800 DEOPT UNPACKING pc=0x00000126dcfc662f sp=0x00000003b2af9138 mode 2
Event: 2.345 Thread 0x00000126f61cd800 Uncommon trap: trap_request=0xffffff4d fr.pc=0x00000126e4b70bac relative=0x000000000000008c
Event: 2.345 Thread 0x00000126f61cd800 Uncommon trap: reason=unstable_if action=reinterpret pc=0x00000126e4b70bac method=java.util.HashMap.hash(Ljava/lang/Object;)I @ 1 c2
Event: 2.345 Thread 0x00000126f61cd800 DEOPT PACKING pc=0x00000126e4b70bac sp=0x00000003b2af8f70
Event: 2.345 Thread 0x00000126f61cd800 DEOPT UNPACKING pc=0x00000126dcfc662f sp=0x00000003b2af8f08 mode 2

Classes redefined (0 events):
No events

Internal exceptions (20 events):
Event: 2.018 Thread 0x00000126f61cd800 Exception <a 'java/lang/NoSuchMethodError'{0x000000008f141e58}: 'void java.lang.invoke.DirectMethodHandle$Holder.invokeSpecial(java.lang.Object, java.lang.Object, java.lang.Object, java.lang.Object, java.lang.Object, java.lang.Object, java.lang.Object)'> (0x000000008f141e58) thrown at [./src/hotspot/share/interpreter/linkResolver.cpp, line 773]
Event: 2.018 Thread 0x00000126f61cd800 Exception <a 'java/lang/NoSuchMethodError'{0x000000008f14a348}: 'java.lang.Object java.lang.invoke.Invokers$Holder.linkToTargetMethod(java.lang.Object, java.lang.Object, java.lang.Object, java.lang.Object, java.lang.Object, java.lang.Object)'> (0x000000008f14a348) thrown at [./src/hotspot/share/interpreter/linkResolver.cpp, line 773]
Event: 2.079 Thread 0x00000126f61cd800 Exception <a 'java/lang/NoSuchMethodError'{0x000000008e7fa0e8}: 'int java.lang.invoke.DirectMethodHandle$Holder.invokeStaticInit(java.lang.Object, java.lang.Object, java.lang.Object)'> (0x000000008e7fa0e8) thrown at [./src/hotspot/share/interpreter/linkResolver.cpp, line 773]
Event: 2.126 Thread 0x00000126f61cd800 Exception <a 'java/lang/NoSuchMethodError'{0x000000008e12e268}: 'void java.lang.invoke.DirectMethodHandle$Holder.invokeStaticInit(java.lang.Object, java.lang.Object)'> (0x000000008e12e268) thrown at [./src/hotspot/share/interpreter/linkResolver.cpp, line 773]
Event: 2.182 Thread 0x00000126f61cd800 Exception <a 'java/lang/NoSuchMethodError'{0x000000008dc6ae00}: 'void java.lang.invoke.DirectMethodHandle$Holder.invokeStatic(java.lang.Object, java.lang.Object, java.lang.Object, java.lang.Object)'> (0x000000008dc6ae00) thrown at [./src/hotspot/share/interpreter/linkResolver.cpp, line 773]
Event: 2.183 Thread 0x00000126f61cd800 Exception <a 'java/lang/NoSuchMethodError'{0x000000008dc7e900}: 'int java.lang.invoke.DirectMethodHandle$Holder.invokeInterface(java.lang.Object, java.lang.Object)'> (0x000000008dc7e900) thrown at [./src/hotspot/share/interpreter/linkResolver.cpp, line 773]
Event: 2.266 Thread 0x00000126f61cd800 Exception <a 'java/lang/NoSuchMethodError'{0x000000008d01b260}: 'java.lang.Object java.lang.invoke.DirectMethodHandle$Holder.invokeSpecialIFC(java.lang.Object, java.lang.Object, java.lang.Object, java.lang.Object)'> (0x000000008d01b260) thrown at [./src/hotspot/share/interpreter/linkResolver.cpp, line 773]
Event: 2.273 Thread 0x00000126f61cd800 Exception <a 'java/lang/NoSuchMethodError'{0x000000008cf0d430}: 'java.lang.Object java.lang.invoke.DirectMethodHandle$Holder.invokeSpecial(java.lang.Object, java.lang.Object, java.lang.Object, java.lang.Object, java.lang.Object, java.lang.Object, java.lang.Object, java.lang.Object, java.lang.Object, java.lang.Object, java.lang.Object, java.lang.Object, java.lang.Object)'> (0x000000008cf0d430) thrown at [./src/hotspot/share/interpreter/linkResolver.cpp, line 773]
Event: 2.274 Thread 0x00000126f61cd800 Exception <a 'java/lang/NoSuchMethodError'{0x000000008cf1e290}: 'java.lang.Object java.lang.invoke.DirectMethodHandle$Holder.invokeSpecial(java.lang.Object, java.lang.Object, java.lang.Object, java.lang.Object, java.lang.Object, java.lang.Object, java.lang.Object, java.lang.Object, java.lang.Object, java.lang.Object, java.lang.Object, java.lang.Object)'> (0x000000008cf1e290) thrown at [./src/hotspot/share/interpreter/linkResolver.cpp, line 773]
Event: 2.274 Thread 0x00000126f61cd800 Exception <a 'java/lang/NoSuchMethodError'{0x000000008cf233b8}: 'java.lang.Object java.lang.invoke.Invokers$Holder.linkToTargetMethod(java.lang.Object, java.lang.Object, java.lang.Object, java.lang.Object, java.lang.Object, java.lang.Object, java.lang.Object, java.lang.Object, java.lang.Object, java.lang.Object, java.lang.Object)'> (0x000000008cf233b8) thrown at [./src/hotspot/share/interpreter/linkResolver.cpp, line 773]
Event: 2.282 Thread 0x00000126f61cd800 Exception <a 'java/lang/NoSuchMethodError'{0x000000008ce86128}: 'java.lang.Object java.lang.invoke.DirectMethodHandle$Holder.invokeSpecial(java.lang.Object, java.lang.Object, java.lang.Object, java.lang.Object, java.lang.Object, java.lang.Object, java.lang.Object, java.lang.Object, java.lang.Object, java.lang.Object, java.lang.Object, java.lang.Object, java.lang.Object, java.lang.Object)'> (0x000000008ce86128) thrown at [./src/hotspot/share/interpreter/linkResolver.cpp, line 773]
Event: 2.283 Thread 0x00000126f61cd800 Exception <a 'java/lang/NoSuchMethodError'{0x000000008ce977a0}: 'java.lang.Object java.lang.invoke.Invokers$Holder.linkToTargetMethod(java.lang.Object, java.lang.Object, java.lang.Object, java.lang.Object, java.lang.Object, java.lang.Object, java.lang.Object, java.lang.Object, java.lang.Object, java.lang.Object, java.lang.Object, java.lang.Object)'> (0x000000008ce977a0) thrown at [./src/hotspot/share/interpreter/linkResolver.cpp, line 773]
Event: 2.287 Thread 0x00000126f61cd800 Exception <a 'java/lang/NoSuchMethodError'{0x000000008cd329e0}: 'java.lang.Object java.lang.invoke.DirectMethodHandle$Holder.invokeStaticInit(java.lang.Object, java.lang.Object, java.lang.Object, java.lang.Object)'> (0x000000008cd329e0) thrown at [./src/hotspot/share/interpreter/linkResolver.cpp, line 773]
Event: 2.345 Thread 0x00000126f61cd800 Implicit null exception at 0x00000126e4b592f5 to 0x00000126e4b594bc
Event: 2.345 Thread 0x00000126f61cd800 Implicit null exception at 0x00000126e4b70b2f to 0x00000126e4b70b9d
Event: 2.437 Thread 0x00000126f61cd800 Exception <a 'java/lang/NoSuchMethodError'{0x000000008bbb6c70}: 'java.lang.Object java.lang.invoke.Invokers$Holder.linkToTargetMethod(java.lang.Object, java.lang.Object, java.lang.Object, java.lang.Object, java.lang.Object, java.lang.Object, java.lang.Object, java.lang.Object)'> (0x000000008bbb6c70) thrown at [./src/hotspot/share/interpreter/linkResolver.cpp, line 773]
Event: 2.440 Thread 0x00000126f61cd800 Exception <a 'java/lang/NoSuchMethodError'{0x000000008bbebc80}: 'java.lang.Object java.lang.invoke.DirectMethodHandle$Holder.invokeVirtual(java.lang.Object, java.lang.Object, java.lang.Object)'> (0x000000008bbebc80) thrown at [./src/hotspot/share/interpreter/linkResolver.cpp, line 773]
Event: 2.449 Thread 0x00000126f61cd800 Exception <a 'java/lang/NoSuchMethodError'{0x000000008bac7ac0}: 'java.lang.Object java.lang.invoke.Invokers$Holder.linkToTargetMethod(java.lang.Object, java.lang.Object, java.lang.Object, java.lang.Object, java.lang.Object, java.lang.Object, java.lang.Object)'> (0x000000008bac7ac0) thrown at [./src/hotspot/share/interpreter/linkResolver.cpp, line 773]
Event: 2.451 Thread 0x00000126f61cd800 Exception <a 'java/lang/IncompatibleClassChangeError'{0x000000008b907f38}: Found class java.lang.Object, but interface was expected> (0x000000008b907f38) thrown at [./src/hotspot/share/interpreter/linkResolver.cpp, line 839]
Event: 2.527 Thread 0x00000126f61cd800 Exception <a 'java/lang/NoSuchMethodError'{0x000000008b6b1998}: 'int java.lang.invoke.DirectMethodHandle$Holder.invokeVirtual(java.lang.Object, java.lang.Object)'> (0x000000008b6b1998) thrown at [./src/hotspot/share/interpreter/linkResolver.cpp, line 773]

Events (20 events):
Event: 2.586 loading class org/gradle/api/internal/artifacts/transform/DefaultTransformationNodeFactory
Event: 2.586 loading class org/gradle/api/internal/artifacts/transform/DefaultTransformationNodeFactory done
Event: 2.587 loading class org/gradle/api/internal/artifacts/ivyservice/resolveengine/artifact/ResolvedArtifactSet$TransformSourceVisitor
Event: 2.587 loading class org/gradle/api/internal/artifacts/ivyservice/resolveengine/artifact/ResolvedArtifactSet$TransformSourceVisitor done
Event: 2.587 loading class org/gradle/api/internal/artifacts/ivyservice/ErrorHandlingConfigurationResolver
Event: 2.587 loading class org/gradle/api/internal/artifacts/ivyservice/ErrorHandlingConfigurationResolver done
Event: 2.588 loading class org/gradle/api/internal/artifacts/ivyservice/resolveengine/artifact/VisitedArtifactSet
Event: 2.588 loading class org/gradle/api/internal/artifacts/ivyservice/resolveengine/artifact/VisitedArtifactSet done
Event: 2.588 loading class org/gradle/api/artifacts/ResolvedConfiguration
Event: 2.588 loading class org/gradle/api/artifacts/ResolvedConfiguration done
Event: 2.589 loading class org/gradle/api/internal/artifacts/ResolveContext
Event: 2.589 loading class org/gradle/api/internal/artifacts/ResolveContext done
Event: 2.589 loading class org/gradle/api/artifacts/result/ResolutionResult
Event: 2.589 loading class org/gradle/api/artifacts/result/ResolutionResult done
Event: 2.589 loading class org/gradle/api/internal/artifacts/ivyservice/ShortCircuitEmptyConfigurationResolver
Event: 2.589 loading class org/gradle/api/internal/artifacts/ivyservice/ShortCircuitEmptyConfigurationResolver done
Event: 2.590 loading class org/gradle/api/internal/artifacts/ivyservice/resolveengine/projectresult/ResolvedLocalComponentsResult
Event: 2.590 loading class org/gradle/api/internal/artifacts/ivyservice/resolveengine/projectresult/ResolvedLocalComponentsResult done
Event: 2.591 loading class org/gradle/api/internal/artifacts/ivyservice/DefaultConfigurationResolver
Event: 2.591 loading class org/gradle/api/internal/artifacts/ivyservice/DefaultConfigurationResolver done


Dynamic libraries:
0x00007ff71a4e0000 - 0x00007ff71a4ea000 	C:\Program Files\Android\Android Studio\jre\bin\java.exe
0x00007ff830630000 - 0x00007ff830825000 	C:\Windows\SYSTEM32\ntdll.dll
0x00007ff830530000 - 0x00007ff8305ee000 	C:\Windows\System32\KERNEL32.DLL
0x00007ff82e070000 - 0x00007ff82e338000 	C:\Windows\System32\KERNELBASE.dll
0x00007ff82e340000 - 0x00007ff82e440000 	C:\Windows\System32\ucrtbase.dll
0x00007ff827770000 - 0x00007ff827787000 	C:\Program Files\Android\Android Studio\jre\bin\VCRUNTIME140.dll
0x00007ff829790000 - 0x00007ff8297a9000 	C:\Program Files\Android\Android Studio\jre\bin\jli.dll
0x00007ff82e670000 - 0x00007ff82e811000 	C:\Windows\System32\USER32.dll
0x00007ff82e640000 - 0x00007ff82e662000 	C:\Windows\System32\win32u.dll
0x00007ff830040000 - 0x00007ff83006b000 	C:\Windows\System32\GDI32.dll
0x00007ff80cbe0000 - 0x00007ff80ce7a000 	C:\Windows\WinSxS\amd64_microsoft.windows.common-controls_6595b64144ccf1df_6.0.19041.1110_none_60b5254171f9507e\COMCTL32.dll
0x00007ff82dd40000 - 0x00007ff82de4d000 	C:\Windows\System32\gdi32full.dll
0x00007ff8302d0000 - 0x00007ff83036e000 	C:\Windows\System32\msvcrt.dll
0x00007ff82e5a0000 - 0x00007ff82e63d000 	C:\Windows\System32\msvcp_win.dll
0x00007ff830380000 - 0x00007ff8303b0000 	C:\Windows\System32\IMM32.DLL
0x00007fffeae30000 - 0x00007fffeaecd000 	C:\Program Files\Android\Android Studio\jre\bin\msvcp140.dll
0x00007fffe6390000 - 0x00007fffe6e65000 	C:\Program Files\Android\Android Studio\jre\bin\server\jvm.dll
0x00007ff82fab0000 - 0x00007ff82fb5e000 	C:\Windows\System32\ADVAPI32.dll
0x00007ff8303b0000 - 0x00007ff83044c000 	C:\Windows\System32\sechost.dll
0x00007ff830070000 - 0x00007ff830195000 	C:\Windows\System32\RPCRT4.dll
0x00007ff82f990000 - 0x00007ff82f998000 	C:\Windows\System32\PSAPI.DLL
0x00007ff817f00000 - 0x00007ff817f09000 	C:\Windows\SYSTEM32\WSOCK32.dll
0x00007ff803890000 - 0x00007ff8038b7000 	C:\Windows\SYSTEM32\WINMM.dll
0x00007ff827000000 - 0x00007ff82700a000 	C:\Windows\SYSTEM32\VERSION.dll
0x00007ff82f920000 - 0x00007ff82f98b000 	C:\Windows\System32\WS2_32.dll
0x00007ff82c5c0000 - 0x00007ff82c5d2000 	C:\Windows\SYSTEM32\kernel.appcore.dll
0x00007ffffb430000 - 0x00007ffffb441000 	C:\Program Files\Android\Android Studio\jre\bin\verify.dll
0x00007ff82b9e0000 - 0x00007ff82bbc4000 	C:\Windows\SYSTEM32\DBGHELP.DLL
0x00007ff81d360000 - 0x00007ff81d38c000 	C:\Windows\SYSTEM32\dbgcore.DLL
0x00007ff82df90000 - 0x00007ff82e012000 	C:\Windows\System32\bcryptPrimitives.dll
0x00007ffffaca0000 - 0x00007ffffacc9000 	C:\Program Files\Android\Android Studio\jre\bin\java.dll
0x00007ff81e990000 - 0x00007ff81e99b000 	C:\Program Files\Android\Android Studio\jre\bin\jimage.dll
0x00007ffffb350000 - 0x00007ffffb368000 	C:\Program Files\Android\Android Studio\jre\bin\zip.dll
0x00007ff82ede0000 - 0x00007ff82f524000 	C:\Windows\System32\SHELL32.dll
0x00007ff82be10000 - 0x00007ff82c5a5000 	C:\Windows\SYSTEM32\windows.storage.dll
0x00007ff82e9d0000 - 0x00007ff82ed25000 	C:\Windows\System32\combase.dll
0x00007ff82d790000 - 0x00007ff82d7be000 	C:\Windows\SYSTEM32\Wldp.dll
0x00007ff82f9a0000 - 0x00007ff82fa4d000 	C:\Windows\System32\SHCORE.dll
0x00007ff82fa50000 - 0x00007ff82faa5000 	C:\Windows\System32\shlwapi.dll
0x00007ff82dc80000 - 0x00007ff82dc9f000 	C:\Windows\SYSTEM32\profapi.dll
0x00007ffffaf70000 - 0x00007ffffaf8a000 	C:\Program Files\Android\Android Studio\jre\bin\net.dll
0x00007ff8243d0000 - 0x00007ff8244dc000 	C:\Windows\SYSTEM32\WINHTTP.dll
0x00007ff82d4f0000 - 0x00007ff82d55a000 	C:\Windows\system32\mswsock.dll
0x00007ffffae50000 - 0x00007ffffae64000 	C:\Program Files\Android\Android Studio\jre\bin\nio.dll
0x00007ff827d00000 - 0x00007ff827d27000 	C:\Users\LEGION\.gradle\native\e1d6ef7f7dcc3fd88c89a11ec53ec762bb8ba0a96d01ffa2cd45eb1d1d8dd5c5\windows-amd64\native-platform.dll
0x00007fffd9430000 - 0x00007fffd9574000 	C:\Users\LEGION\.gradle\native\5664cfc778a61ccfe75a443a1ab52a65af34e5dc3c78e0209fed803814484fcb\windows-amd64\native-platform-file-events.dll
0x00007ff81ce60000 - 0x00007ff81ce6a000 	C:\Program Files\Android\Android Studio\jre\bin\management.dll
0x00007ff81ce20000 - 0x00007ff81ce2d000 	C:\Program Files\Android\Android Studio\jre\bin\management_ext.dll
0x00007ff82d6e0000 - 0x00007ff82d6f8000 	C:\Windows\SYSTEM32\CRYPTSP.dll
0x00007ff82ce00000 - 0x00007ff82ce34000 	C:\Windows\system32\rsaenh.dll
0x00007ff82df00000 - 0x00007ff82df27000 	C:\Windows\System32\bcrypt.dll
0x00007ff82dc40000 - 0x00007ff82dc6e000 	C:\Windows\SYSTEM32\USERENV.dll
0x00007ff82d700000 - 0x00007ff82d70c000 	C:\Windows\SYSTEM32\CRYPTBASE.dll
0x00007ff82d190000 - 0x00007ff82d1cb000 	C:\Windows\SYSTEM32\IPHLPAPI.DLL
0x00007ff830370000 - 0x00007ff830378000 	C:\Windows\System32\NSI.dll
0x00007ff826150000 - 0x00007ff826167000 	C:\Windows\SYSTEM32\dhcpcsvc6.DLL
0x00007ff826aa0000 - 0x00007ff826abd000 	C:\Windows\SYSTEM32\dhcpcsvc.DLL
0x00007ff82d1d0000 - 0x00007ff82d29b000 	C:\Windows\SYSTEM32\DNSAPI.dll

dbghelp: loaded successfully - version: 4.0.5 - missing functions: none
symbol engine: initialized successfully - sym options: 0x614 - pdb path: .;C:\Program Files\Android\Android Studio\jre\bin;C:\Windows\SYSTEM32;C:\Windows\WinSxS\amd64_microsoft.windows.common-controls_6595b64144ccf1df_6.0.19041.1110_none_60b5254171f9507e;C:\Program Files\Android\Android Studio\jre\bin\server;C:\Users\LEGION\.gradle\native\e1d6ef7f7dcc3fd88c89a11ec53ec762bb8ba0a96d01ffa2cd45eb1d1d8dd5c5\windows-amd64;C:\Users\LEGION\.gradle\native\5664cfc778a61ccfe75a443a1ab52a65af34e5dc3c78e0209fed803814484fcb\windows-amd64

VM Arguments:
jvm_args: --add-opens=java.base/java.util=ALL-UNNAMED --add-opens=java.base/java.lang=ALL-UNNAMED --add-opens=java.base/java.lang.invoke=ALL-UNNAMED --add-opens=java.base/java.util=ALL-UNNAMED --add-opens=java.prefs/java.util.prefs=ALL-UNNAMED --add-opens=java.prefs/java.util.prefs=ALL-UNNAMED --add-opens=java.base/java.nio.charset=ALL-UNNAMED --add-opens=java.base/java.net=ALL-UNNAMED --add-opens=java.base/java.util.concurrent.atomic=ALL-UNNAMED -Xmx2048m -Dfile.encoding=UTF-8 -Duser.country=US -Duser.language=en -Duser.variant 
java_command: org.gradle.launcher.daemon.bootstrap.GradleDaemon 7.2
java_class_path (initial): C:\Users\LEGION\.gradle\wrapper\dists\gradle-7.2-bin\2dnblmf4td7x66yl1d74lt32g\gradle-7.2\lib\gradle-launcher-7.2.jar
Launcher Type: SUN_STANDARD

[Global flags]
     intx CICompilerCount                          = 4                                         {product} {ergonomic}
     uint ConcGCThreads                            = 3                                         {product} {ergonomic}
     uint G1ConcRefinementThreads                  = 10                                        {product} {ergonomic}
   size_t G1HeapRegionSize                         = 1048576                                   {product} {ergonomic}
    uintx GCDrainStackTargetSize                   = 64                                        {product} {ergonomic}
   size_t InitialHeapSize                          = 266338304                                 {product} {ergonomic}
   size_t MarkStackSize                            = 4194304                                   {product} {ergonomic}
   size_t MaxHeapSize                              = 2147483648                                {product} {command line}
   size_t MaxNewSize                               = 1287651328                                {product} {ergonomic}
   size_t MinHeapDeltaBytes                        = 1048576                                   {product} {ergonomic}
    uintx NonNMethodCodeHeapSize                   = 5836300                                {pd product} {ergonomic}
    uintx NonProfiledCodeHeapSize                  = 122910970                              {pd product} {ergonomic}
    uintx ProfiledCodeHeapSize                     = 122910970                              {pd product} {ergonomic}
    uintx ReservedCodeCacheSize                    = 251658240                              {pd product} {ergonomic}
     bool SegmentedCodeCache                       = true                                      {product} {ergonomic}
     bool UseCompressedClassPointers               = true                                 {lp64_product} {ergonomic}
     bool UseCompressedOops                        = true                                 {lp64_product} {ergonomic}
     bool UseG1GC                                  = true                                      {product} {ergonomic}
     bool UseLargePagesIndividualAllocation        = false                                  {pd product} {ergonomic}

Logging:
Log output configuration:
 #0: stdout all=warning uptime,level,tags
 #1: stderr all=off uptime,level,tags

Environment Variables:
JAVA_HOME=C:\Program Files\Java\jdk-17.0.2
PATH=C:\Program Files\Common Files\Oracle\Java\javapath;C:\app\LEGION\dbhomeXE\bin;C:\Windows\system32;C:\Windows;C:\Windows\System32\Wbem;C:\Windows\System32\WindowsPowerShell\v1.0\;C:\Windows\System32\OpenSSH\;C:\Program Files\Microsoft SQL Server\150\Tools\Binn\;C:\Program Files\Microsoft SQL Server\Client SDK\ODBC\170\Tools\Binn\;C:\Program Files\dotnet\;C:\Program Files\Java\jdk-17.0.2\bin;C:\Program Files\Git\cmd;C:\app\LEGION\dbhomeXE\bin;C:\Windows\system32;C:\Windows;C:\Windows\System32\Wbem;C:\Windows\System32\WindowsPowerShell\v1.0\;C:\Windows\System32\OpenSSH\;C:\Program Files\Microsoft SQL Server\150\Tools\Binn\;C:\Program Files\Microsoft SQL Server\Client SDK\ODBC\170\Tools\Binn\;C:\Program Files\dotnet\;C:\Users\LEGION\AppData\Local\Microsoft\WindowsApps;C:\Users\LEGION\.dotnet\tools;C:\Users\LEGION\AppData\Local\Programs\Python\Python37\Scripts
USERNAME=LEGION
OS=Windows_NT
PROCESSOR_IDENTIFIER=Intel64 Family 6 Model 165 Stepping 2, GenuineIntel



---------------  S Y S T E M  ---------------

OS: Windows 10 , 64 bit Build 19041 (10.0.19041.1466)
OS uptime: 12 days 9:35 hours

CPU:total 12 (initial active 12) (6 cores per cpu, 2 threads per core) family 6 model 165 stepping 2 microcode 0xe2, cmov, cx8, fxsr, mmx, sse, sse2, sse3, ssse3, sse4.1, sse4.2, popcnt, avx, avx2, aes, clmul, erms, 3dnowpref, lzcnt, ht, tsc, tscinvbit, bmi1, bmi2, adx, fma

Memory: 4k page, system-wide physical 16251M (3689M free)
TotalPageFile size 34602M (AvailPageFile size 17134M)
current process WorkingSet (physical memory assigned to process): 266M, peak: 274M
current process commit charge ("private bytes"): 438M, peak: 448M

vm_info: OpenJDK 64-Bit Server VM (11.0.11+9-b60-7590822) for windows-amd64 JRE (11.0.11+9-b60-7590822), built on Jul 29 2021 21:43:44 by "builder" with MS VC++ 14.0 (VS2015)

END.
